[ 2017-08-25T20:51:45+08:00 ] ::1 /back/
INFO: [ app_init ] --START--
INFO: Run Behavior\BuildLiteBehavior [ RunTime:0.000022s ]
INFO: [ app_init ] --END-- [ RunTime:0.001628s ]
INFO: [ app_begin ] --START--
INFO: Run Behavior\ReadHtmlCacheBehavior [ RunTime:0.000643s ]
INFO: [ app_begin ] --END-- [ RunTime:0.000762s ]
NOTIC: [8] Undefined variable: module C:\wamp\www\back\ThinkPHP\Common\functions.php 第 990 行.
NOTIC: [8] Undefined variable: var C:\wamp\www\back\ThinkPHP\Common\functions.php 第 990 行.
NOTIC: [2] array_reverse() expects parameter 1 to be array, null given C:\wamp\www\back\ThinkPHP\Common\functions.php 第 990 行.
NOTIC: [2] http_build_query(): Parameter 1 expected to be Array or Object.  Incorrect value given C:\wamp\www\back\ThinkPHP\Common\functions.php 第 990 行.

[ 2017-08-25T20:51:45+08:00 ] ::1 /back/index.php?m=&&c=login
INFO: [ app_init ] --START--
INFO: Run Behavior\BuildLiteBehavior [ RunTime:0.000024s ]
INFO: [ app_init ] --END-- [ RunTime:0.000417s ]
INFO: [ app_begin ] --START--
INFO: Run Behavior\ReadHtmlCacheBehavior [ RunTime:0.000627s ]
INFO: [ app_begin ] --END-- [ RunTime:0.000740s ]
INFO: [ view_parse ] --START--
INFO: [ template_filter ] --START--
INFO: Run Behavior\ContentReplaceBehavior [ RunTime:0.000066s ]
INFO: [ template_filter ] --END-- [ RunTime:0.000173s ]
INFO: Run Behavior\ParseTemplateBehavior [ RunTime:0.006081s ]
INFO: [ view_parse ] --END-- [ RunTime:0.006189s ]
INFO: [ view_filter ] --START--
INFO: Run Behavior\WriteHtmlCacheBehavior [ RunTime:0.000483s ]
INFO: [ view_filter ] --END-- [ RunTime:0.000585s ]
INFO: [ app_end ] --START--
INFO: Run Behavior\ShowPageTraceBehavior [ RunTime:0.000594s ]
INFO: [ app_end ] --END-- [ RunTime:0.000716s ]

[ 2017-08-25T20:51:49+08:00 ] ::1 /back/index.php?m=admin&c=Login&a=check
INFO: [ app_init ] --START--
INFO: Run Behavior\BuildLiteBehavior [ RunTime:0.000025s ]
INFO: [ app_init ] --END-- [ RunTime:0.000434s ]
INFO: [ app_begin ] --START--
INFO: Run Behavior\ReadHtmlCacheBehavior [ RunTime:0.000533s ]
INFO: [ app_begin ] --END-- [ RunTime:0.000633s ]
SQL: SHOW COLUMNS FROM `teacher` [ RunTime:0.0108s ]
SQL: SELECT * FROM `teacher` WHERE ( tea_name="admin" ) LIMIT 1   [ RunTime:0.0092s ]

[ 2017-08-25T20:51:50+08:00 ] ::1 /back/index.php?m=admin&c=index
INFO: [ app_init ] --START--
INFO: Run Behavior\BuildLiteBehavior [ RunTime:0.000022s ]
INFO: [ app_init ] --END-- [ RunTime:0.000446s ]
INFO: [ app_begin ] --START--
INFO: Run Behavior\ReadHtmlCacheBehavior [ RunTime:0.000458s ]
INFO: [ app_begin ] --END-- [ RunTime:0.000583s ]
SQL: SHOW COLUMNS FROM `teacher` [ RunTime:0.0139s ]
SQL: SELECT COUNT(*) AS tp_count FROM `teacher` WHERE `root` <> 1 AND `status` <> -1 LIMIT 1   [ RunTime:0.0135s ]
SQL: SHOW COLUMNS FROM `class_info` [ RunTime:0.0149s ]
SQL: SELECT COUNT(*) AS tp_count FROM `class_info` WHERE `status` <> -1 LIMIT 1   [ RunTime:0.0134s ]
SQL: SHOW COLUMNS FROM `comment` [ RunTime:0.0141s ]
SQL: SELECT COUNT(*) AS tp_count FROM `comment` WHERE `status` = 1 LIMIT 1   [ RunTime:0.0136s ]
SQL: SHOW COLUMNS FROM `stu_basic_info` [ RunTime:0.0143s ]
SQL: SELECT COUNT(*) AS tp_count FROM `stu_basic_info` WHERE `status` <> -1 LIMIT 1   [ RunTime:0.0135s ]
INFO: [ view_parse ] --START--
INFO: [ template_filter ] --START--
INFO: Run Behavior\ContentReplaceBehavior [ RunTime:0.000079s ]
INFO: [ template_filter ] --END-- [ RunTime:0.000225s ]
SQL: SHOW COLUMNS FROM `menu` [ RunTime:0.0139s ]
SQL: SELECT * FROM `menu` WHERE `status` <> -1 ORDER BY listorder desc , menu_id desc  [ RunTime:0.0138s ]
NOTIC: [8] Undefined index: a C:\wamp\www\back\Application\Runtime\Cache\Admin\b595b808c2ebeeeb0478ffc30bb4e87a.php 第 68 行.
NOTIC: [8] Undefined index: a C:\wamp\www\back\Application\Runtime\Cache\Admin\b595b808c2ebeeeb0478ffc30bb4e87a.php 第 68 行.
NOTIC: [8] Undefined index: a C:\wamp\www\back\Application\Runtime\Cache\Admin\b595b808c2ebeeeb0478ffc30bb4e87a.php 第 68 行.
NOTIC: [8] Undefined index: a C:\wamp\www\back\Application\Runtime\Cache\Admin\b595b808c2ebeeeb0478ffc30bb4e87a.php 第 68 行.
NOTIC: [8] Undefined index: a C:\wamp\www\back\Application\Runtime\Cache\Admin\b595b808c2ebeeeb0478ffc30bb4e87a.php 第 68 行.
NOTIC: [8] Undefined index: a C:\wamp\www\back\Application\Runtime\Cache\Admin\b595b808c2ebeeeb0478ffc30bb4e87a.php 第 68 行.
NOTIC: [8] Undefined index: a C:\wamp\www\back\Application\Runtime\Cache\Admin\b595b808c2ebeeeb0478ffc30bb4e87a.php 第 68 行.
NOTIC: [8] Undefined index: a C:\wamp\www\back\Application\Runtime\Cache\Admin\b595b808c2ebeeeb0478ffc30bb4e87a.php 第 68 行.
INFO: Run Behavior\ParseTemplateBehavior [ RunTime:0.045664s ]
INFO: [ view_parse ] --END-- [ RunTime:0.045768s ]
INFO: [ view_filter ] --START--
INFO: Run Behavior\WriteHtmlCacheBehavior [ RunTime:0.000499s ]
INFO: [ view_filter ] --END-- [ RunTime:0.000597s ]
INFO: [ app_end ] --START--
INFO: Run Behavior\ShowPageTraceBehavior [ RunTime:0.000537s ]
INFO: [ app_end ] --END-- [ RunTime:0.000639s ]

