[ 2017-10-16T23:54:19+08:00 ] 220.115.183.133 /back/admin.php
INFO: [ app_init ] --START--
INFO: Run Behavior\BuildLiteBehavior [ RunTime:0.000012s ]
INFO: [ app_init ] --END-- [ RunTime:0.000266s ]
NOTIC: [8] Use of undefined constant ‘3306’ - assumed '‘3306’' /opt/lampp/htdocs/back/Application/Admin/Conf/db.php 第 16 行.
INFO: [ app_begin ] --START--
INFO: Run Behavior\ReadHtmlCacheBehavior [ RunTime:0.000372s ]
INFO: [ app_begin ] --END-- [ RunTime:0.000416s ]
SQL: SHOW COLUMNS FROM `teacher` [ RunTime:0.0009s ]
SQL: SELECT COUNT(*) AS tp_count FROM `teacher` WHERE `root` <> 1 AND `tea_type` = -1 LIMIT 1   [ RunTime:0.0011s ]
SQL: SHOW COLUMNS FROM `class_info` [ RunTime:0.0008s ]
SQL: SELECT COUNT(*) AS tp_count FROM `class_info` WHERE `status` <> -1 LIMIT 1   [ RunTime:0.0005s ]
SQL: SHOW COLUMNS FROM `comment` [ RunTime:0.0007s ]
SQL: SELECT COUNT(*) AS tp_count FROM `comment` WHERE `status` = 1 LIMIT 1   [ RunTime:0.0006s ]
SQL: SHOW COLUMNS FROM `stu_basic_info` [ RunTime:0.0007s ]
SQL: SELECT COUNT(*) AS tp_count FROM `stu_basic_info` WHERE `status` <> -1 LIMIT 1   [ RunTime:0.0007s ]
INFO: [ view_parse ] --START--
INFO: [ template_filter ] --START--
INFO: Run Behavior\ContentReplaceBehavior [ RunTime:0.000038s ]
INFO: [ template_filter ] --END-- [ RunTime:0.000085s ]
SQL: SHOW COLUMNS FROM `menu` [ RunTime:0.0008s ]
SQL: SELECT * FROM `menu` WHERE `status` <> -1 ORDER BY listorder desc , menu_id desc  [ RunTime:0.0006s ]
NOTIC: [8] Undefined index: a /opt/lampp/htdocs/back/Application/Runtime/Cache/Admin/b595b808c2ebeeeb0478ffc30bb4e87a.php 第 68 行.
NOTIC: [8] Undefined index: a /opt/lampp/htdocs/back/Application/Runtime/Cache/Admin/b595b808c2ebeeeb0478ffc30bb4e87a.php 第 68 行.
NOTIC: [8] Undefined index: a /opt/lampp/htdocs/back/Application/Runtime/Cache/Admin/b595b808c2ebeeeb0478ffc30bb4e87a.php 第 68 行.
NOTIC: [8] Undefined index: a /opt/lampp/htdocs/back/Application/Runtime/Cache/Admin/b595b808c2ebeeeb0478ffc30bb4e87a.php 第 68 行.
NOTIC: [8] Undefined index: a /opt/lampp/htdocs/back/Application/Runtime/Cache/Admin/b595b808c2ebeeeb0478ffc30bb4e87a.php 第 68 行.
NOTIC: [8] Undefined index: a /opt/lampp/htdocs/back/Application/Runtime/Cache/Admin/b595b808c2ebeeeb0478ffc30bb4e87a.php 第 68 行.
NOTIC: [8] Undefined index: a /opt/lampp/htdocs/back/Application/Runtime/Cache/Admin/b595b808c2ebeeeb0478ffc30bb4e87a.php 第 68 行.
NOTIC: [8] Undefined index: a /opt/lampp/htdocs/back/Application/Runtime/Cache/Admin/b595b808c2ebeeeb0478ffc30bb4e87a.php 第 68 行.
NOTIC: [8] Undefined index: a /opt/lampp/htdocs/back/Application/Runtime/Cache/Admin/b595b808c2ebeeeb0478ffc30bb4e87a.php 第 68 行.
INFO: Run Behavior\ParseTemplateBehavior [ RunTime:0.011641s ]
INFO: [ view_parse ] --END-- [ RunTime:0.011694s ]
INFO: [ view_filter ] --START--
INFO: Run Behavior\WriteHtmlCacheBehavior [ RunTime:0.000262s ]
INFO: [ view_filter ] --END-- [ RunTime:0.000298s ]
INFO: [ app_end ] --START--
INFO: Run Behavior\ShowPageTraceBehavior [ RunTime:0.000480s ]
INFO: [ app_end ] --END-- [ RunTime:0.000522s ]

[ 2017-10-16T23:54:21+08:00 ] 220.115.183.133 /back/admin.php?c=student
INFO: [ app_init ] --START--
INFO: Run Behavior\BuildLiteBehavior [ RunTime:0.000013s ]
INFO: [ app_init ] --END-- [ RunTime:0.000275s ]
NOTIC: [8] Use of undefined constant ‘3306’ - assumed '‘3306’' /opt/lampp/htdocs/back/Application/Admin/Conf/db.php 第 16 行.
INFO: [ app_begin ] --START--
INFO: Run Behavior\ReadHtmlCacheBehavior [ RunTime:0.000526s ]
INFO: [ app_begin ] --END-- [ RunTime:0.000576s ]
NOTIC: [8] Undefined index: p /opt/lampp/htdocs/back/Application/Admin/Controller/StudentController.class.php 第 19 行.
NOTIC: [8] Undefined index: pageSize /opt/lampp/htdocs/back/Application/Admin/Controller/StudentController.class.php 第 20 行.
SQL: SHOW COLUMNS FROM `stu_basic_info` [ RunTime:0.0016s ]
SQL: SELECT COUNT(*) AS tp_count FROM `stu_basic_info` WHERE `status` <> -1 LIMIT 1   [ RunTime:0.0011s ]
SQL: SELECT * FROM `stu_basic_info` WHERE `status` <> -1 ORDER BY listorder desc , stu_id desc LIMIT 0,8   [ RunTime:0.0007s ]
INFO: [ view_parse ] --START--
INFO: [ template_filter ] --START--
INFO: Run Behavior\ContentReplaceBehavior [ RunTime:0.000078s ]
INFO: [ template_filter ] --END-- [ RunTime:0.000137s ]
SQL: SHOW COLUMNS FROM `menu` [ RunTime:0.0009s ]
SQL: SELECT * FROM `menu` WHERE `status` <> -1 ORDER BY listorder desc , menu_id desc  [ RunTime:0.0006s ]
NOTIC: [8] Undefined index: a /opt/lampp/htdocs/back/Application/Runtime/Cache/Admin/8ac9139f0dd4d42903280ce12eaaca3b.php 第 68 行.
NOTIC: [8] Undefined index: a /opt/lampp/htdocs/back/Application/Runtime/Cache/Admin/8ac9139f0dd4d42903280ce12eaaca3b.php 第 68 行.
NOTIC: [8] Undefined index: a /opt/lampp/htdocs/back/Application/Runtime/Cache/Admin/8ac9139f0dd4d42903280ce12eaaca3b.php 第 68 行.
NOTIC: [8] Undefined index: a /opt/lampp/htdocs/back/Application/Runtime/Cache/Admin/8ac9139f0dd4d42903280ce12eaaca3b.php 第 68 行.
NOTIC: [8] Undefined index: a /opt/lampp/htdocs/back/Application/Runtime/Cache/Admin/8ac9139f0dd4d42903280ce12eaaca3b.php 第 68 行.
NOTIC: [8] Undefined index: a /opt/lampp/htdocs/back/Application/Runtime/Cache/Admin/8ac9139f0dd4d42903280ce12eaaca3b.php 第 68 行.
NOTIC: [8] Undefined index: a /opt/lampp/htdocs/back/Application/Runtime/Cache/Admin/8ac9139f0dd4d42903280ce12eaaca3b.php 第 68 行.
NOTIC: [8] Undefined index: a /opt/lampp/htdocs/back/Application/Runtime/Cache/Admin/8ac9139f0dd4d42903280ce12eaaca3b.php 第 68 行.
NOTIC: [8] Undefined index: a /opt/lampp/htdocs/back/Application/Runtime/Cache/Admin/8ac9139f0dd4d42903280ce12eaaca3b.php 第 68 行.
INFO: Run Behavior\ParseTemplateBehavior [ RunTime:0.014965s ]
INFO: [ view_parse ] --END-- [ RunTime:0.015013s ]
INFO: [ view_filter ] --START--
INFO: Run Behavior\WriteHtmlCacheBehavior [ RunTime:0.000369s ]
INFO: [ view_filter ] --END-- [ RunTime:0.000414s ]
INFO: [ app_end ] --START--
INFO: Run Behavior\ShowPageTraceBehavior [ RunTime:0.000572s ]
INFO: [ app_end ] --END-- [ RunTime:0.000624s ]

[ 2017-10-16T23:54:26+08:00 ] 220.115.183.133 /back/admin.php
INFO: [ app_init ] --START--
INFO: Run Behavior\BuildLiteBehavior [ RunTime:0.000013s ]
INFO: [ app_init ] --END-- [ RunTime:0.000288s ]
NOTIC: [8] Use of undefined constant ‘3306’ - assumed '‘3306’' /opt/lampp/htdocs/back/Application/Admin/Conf/db.php 第 16 行.
INFO: [ app_begin ] --START--
INFO: Run Behavior\ReadHtmlCacheBehavior [ RunTime:0.000486s ]
INFO: [ app_begin ] --END-- [ RunTime:0.000537s ]
SQL: SHOW COLUMNS FROM `teacher` [ RunTime:0.0008s ]
SQL: SELECT COUNT(*) AS tp_count FROM `teacher` WHERE `root` <> 1 AND `tea_type` = -1 LIMIT 1   [ RunTime:0.0005s ]
SQL: SHOW COLUMNS FROM `class_info` [ RunTime:0.0007s ]
SQL: SELECT COUNT(*) AS tp_count FROM `class_info` WHERE `status` <> -1 LIMIT 1   [ RunTime:0.0005s ]
SQL: SHOW COLUMNS FROM `comment` [ RunTime:0.0007s ]
SQL: SELECT COUNT(*) AS tp_count FROM `comment` WHERE `status` = 1 LIMIT 1   [ RunTime:0.0006s ]
SQL: SHOW COLUMNS FROM `stu_basic_info` [ RunTime:0.0007s ]
SQL: SELECT COUNT(*) AS tp_count FROM `stu_basic_info` WHERE `status` <> -1 LIMIT 1   [ RunTime:0.0005s ]
INFO: [ view_parse ] --START--
INFO: [ template_filter ] --START--
INFO: Run Behavior\ContentReplaceBehavior [ RunTime:0.000064s ]
INFO: [ template_filter ] --END-- [ RunTime:0.000234s ]
SQL: SHOW COLUMNS FROM `menu` [ RunTime:0.0008s ]
SQL: SELECT * FROM `menu` WHERE `status` <> -1 ORDER BY listorder desc , menu_id desc  [ RunTime:0.0006s ]
NOTIC: [8] Undefined index: a /opt/lampp/htdocs/back/Application/Runtime/Cache/Admin/b595b808c2ebeeeb0478ffc30bb4e87a.php 第 68 行.
NOTIC: [8] Undefined index: a /opt/lampp/htdocs/back/Application/Runtime/Cache/Admin/b595b808c2ebeeeb0478ffc30bb4e87a.php 第 68 行.
NOTIC: [8] Undefined index: a /opt/lampp/htdocs/back/Application/Runtime/Cache/Admin/b595b808c2ebeeeb0478ffc30bb4e87a.php 第 68 行.
NOTIC: [8] Undefined index: a /opt/lampp/htdocs/back/Application/Runtime/Cache/Admin/b595b808c2ebeeeb0478ffc30bb4e87a.php 第 68 行.
NOTIC: [8] Undefined index: a /opt/lampp/htdocs/back/Application/Runtime/Cache/Admin/b595b808c2ebeeeb0478ffc30bb4e87a.php 第 68 行.
NOTIC: [8] Undefined index: a /opt/lampp/htdocs/back/Application/Runtime/Cache/Admin/b595b808c2ebeeeb0478ffc30bb4e87a.php 第 68 行.
NOTIC: [8] Undefined index: a /opt/lampp/htdocs/back/Application/Runtime/Cache/Admin/b595b808c2ebeeeb0478ffc30bb4e87a.php 第 68 行.
NOTIC: [8] Undefined index: a /opt/lampp/htdocs/back/Application/Runtime/Cache/Admin/b595b808c2ebeeeb0478ffc30bb4e87a.php 第 68 行.
NOTIC: [8] Undefined index: a /opt/lampp/htdocs/back/Application/Runtime/Cache/Admin/b595b808c2ebeeeb0478ffc30bb4e87a.php 第 68 行.
INFO: Run Behavior\ParseTemplateBehavior [ RunTime:0.013048s ]
INFO: [ view_parse ] --END-- [ RunTime:0.013096s ]
INFO: [ view_filter ] --START--
INFO: Run Behavior\WriteHtmlCacheBehavior [ RunTime:0.000250s ]
INFO: [ view_filter ] --END-- [ RunTime:0.000298s ]
INFO: [ app_end ] --START--
INFO: Run Behavior\ShowPageTraceBehavior [ RunTime:0.000660s ]
INFO: [ app_end ] --END-- [ RunTime:0.000724s ]

[ 2017-10-16T23:54:27+08:00 ] 220.115.183.133 /back/admin.php?c=class
INFO: [ app_init ] --START--
INFO: Run Behavior\BuildLiteBehavior [ RunTime:0.000019s ]
INFO: [ app_init ] --END-- [ RunTime:0.000441s ]
NOTIC: [8] Use of undefined constant ‘3306’ - assumed '‘3306’' /opt/lampp/htdocs/back/Application/Admin/Conf/db.php 第 16 行.
INFO: [ app_begin ] --START--
INFO: Run Behavior\ReadHtmlCacheBehavior [ RunTime:0.000605s ]
INFO: [ app_begin ] --END-- [ RunTime:0.000666s ]
NOTIC: [8] Undefined index: p /opt/lampp/htdocs/back/Application/Admin/Controller/ClassController.class.php 第 17 行.
NOTIC: [8] Undefined index: pageSize /opt/lampp/htdocs/back/Application/Admin/Controller/ClassController.class.php 第 18 行.
SQL: SHOW COLUMNS FROM `class_info` [ RunTime:0.0010s ]
SQL: SELECT COUNT(*) AS tp_count FROM `class_info` WHERE `status` <> -1 LIMIT 1   [ RunTime:0.0006s ]
SQL: SELECT * FROM `class_info` WHERE `status` <> -1 ORDER BY listorder desc , class_id desc LIMIT 0,8   [ RunTime:0.0007s ]
SQL: SHOW COLUMNS FROM `teacher` [ RunTime:0.0008s ]
SQL: SELECT * FROM `teacher` WHERE ( tea_id=87 ) LIMIT 1   [ RunTime:0.0006s ]
INFO: [ view_parse ] --START--
INFO: [ template_filter ] --START--
INFO: Run Behavior\ContentReplaceBehavior [ RunTime:0.000065s ]
INFO: [ template_filter ] --END-- [ RunTime:0.000137s ]
SQL: SHOW COLUMNS FROM `menu` [ RunTime:0.0008s ]
SQL: SELECT * FROM `menu` WHERE `status` <> -1 ORDER BY listorder desc , menu_id desc  [ RunTime:0.0006s ]
NOTIC: [8] Undefined index: a /opt/lampp/htdocs/back/Application/Runtime/Cache/Admin/d226dc04610e76ef6af5711bccd551e3.php 第 68 行.
NOTIC: [8] Undefined index: a /opt/lampp/htdocs/back/Application/Runtime/Cache/Admin/d226dc04610e76ef6af5711bccd551e3.php 第 68 行.
NOTIC: [8] Undefined index: a /opt/lampp/htdocs/back/Application/Runtime/Cache/Admin/d226dc04610e76ef6af5711bccd551e3.php 第 68 行.
NOTIC: [8] Undefined index: a /opt/lampp/htdocs/back/Application/Runtime/Cache/Admin/d226dc04610e76ef6af5711bccd551e3.php 第 68 行.
NOTIC: [8] Undefined index: a /opt/lampp/htdocs/back/Application/Runtime/Cache/Admin/d226dc04610e76ef6af5711bccd551e3.php 第 68 行.
NOTIC: [8] Undefined index: a /opt/lampp/htdocs/back/Application/Runtime/Cache/Admin/d226dc04610e76ef6af5711bccd551e3.php 第 68 行.
NOTIC: [8] Undefined index: a /opt/lampp/htdocs/back/Application/Runtime/Cache/Admin/d226dc04610e76ef6af5711bccd551e3.php 第 68 行.
NOTIC: [8] Undefined index: a /opt/lampp/htdocs/back/Application/Runtime/Cache/Admin/d226dc04610e76ef6af5711bccd551e3.php 第 68 行.
NOTIC: [8] Undefined index: a /opt/lampp/htdocs/back/Application/Runtime/Cache/Admin/d226dc04610e76ef6af5711bccd551e3.php 第 68 行.
NOTIC: [8] Undefined variable: pageRes /opt/lampp/htdocs/back/Application/Runtime/Cache/Admin/d226dc04610e76ef6af5711bccd551e3.php 第 172 行.
INFO: Run Behavior\ParseTemplateBehavior [ RunTime:0.017200s ]
INFO: [ view_parse ] --END-- [ RunTime:0.017253s ]
INFO: [ view_filter ] --START--
INFO: Run Behavior\WriteHtmlCacheBehavior [ RunTime:0.000346s ]
INFO: [ view_filter ] --END-- [ RunTime:0.000386s ]
INFO: [ app_end ] --START--
INFO: Run Behavior\ShowPageTraceBehavior [ RunTime:0.000512s ]
INFO: [ app_end ] --END-- [ RunTime:0.000558s ]

[ 2017-10-16T23:54:29+08:00 ] 220.115.183.133 /back/admin.php
INFO: [ app_init ] --START--
INFO: Run Behavior\BuildLiteBehavior [ RunTime:0.000038s ]
INFO: [ app_init ] --END-- [ RunTime:0.000413s ]
NOTIC: [8] Use of undefined constant ‘3306’ - assumed '‘3306’' /opt/lampp/htdocs/back/Application/Admin/Conf/db.php 第 16 行.
INFO: [ app_begin ] --START--
INFO: Run Behavior\ReadHtmlCacheBehavior [ RunTime:0.000516s ]
INFO: [ app_begin ] --END-- [ RunTime:0.000567s ]
SQL: SHOW COLUMNS FROM `teacher` [ RunTime:0.0009s ]
SQL: SELECT COUNT(*) AS tp_count FROM `teacher` WHERE `root` <> 1 AND `tea_type` = -1 LIMIT 1   [ RunTime:0.0005s ]
SQL: SHOW COLUMNS FROM `class_info` [ RunTime:0.0008s ]
SQL: SELECT COUNT(*) AS tp_count FROM `class_info` WHERE `status` <> -1 LIMIT 1   [ RunTime:0.0005s ]
SQL: SHOW COLUMNS FROM `comment` [ RunTime:0.0007s ]
SQL: SELECT COUNT(*) AS tp_count FROM `comment` WHERE `status` = 1 LIMIT 1   [ RunTime:0.0005s ]
SQL: SHOW COLUMNS FROM `stu_basic_info` [ RunTime:0.0007s ]
SQL: SELECT COUNT(*) AS tp_count FROM `stu_basic_info` WHERE `status` <> -1 LIMIT 1   [ RunTime:0.0005s ]
INFO: [ view_parse ] --START--
INFO: [ template_filter ] --START--
INFO: Run Behavior\ContentReplaceBehavior [ RunTime:0.000056s ]
INFO: [ template_filter ] --END-- [ RunTime:0.000124s ]
SQL: SHOW COLUMNS FROM `menu` [ RunTime:0.0008s ]
SQL: SELECT * FROM `menu` WHERE `status` <> -1 ORDER BY listorder desc , menu_id desc  [ RunTime:0.0006s ]
NOTIC: [8] Undefined index: a /opt/lampp/htdocs/back/Application/Runtime/Cache/Admin/b595b808c2ebeeeb0478ffc30bb4e87a.php 第 68 行.
NOTIC: [8] Undefined index: a /opt/lampp/htdocs/back/Application/Runtime/Cache/Admin/b595b808c2ebeeeb0478ffc30bb4e87a.php 第 68 行.
NOTIC: [8] Undefined index: a /opt/lampp/htdocs/back/Application/Runtime/Cache/Admin/b595b808c2ebeeeb0478ffc30bb4e87a.php 第 68 行.
NOTIC: [8] Undefined index: a /opt/lampp/htdocs/back/Application/Runtime/Cache/Admin/b595b808c2ebeeeb0478ffc30bb4e87a.php 第 68 行.
NOTIC: [8] Undefined index: a /opt/lampp/htdocs/back/Application/Runtime/Cache/Admin/b595b808c2ebeeeb0478ffc30bb4e87a.php 第 68 行.
NOTIC: [8] Undefined index: a /opt/lampp/htdocs/back/Application/Runtime/Cache/Admin/b595b808c2ebeeeb0478ffc30bb4e87a.php 第 68 行.
NOTIC: [8] Undefined index: a /opt/lampp/htdocs/back/Application/Runtime/Cache/Admin/b595b808c2ebeeeb0478ffc30bb4e87a.php 第 68 行.
NOTIC: [8] Undefined index: a /opt/lampp/htdocs/back/Application/Runtime/Cache/Admin/b595b808c2ebeeeb0478ffc30bb4e87a.php 第 68 行.
NOTIC: [8] Undefined index: a /opt/lampp/htdocs/back/Application/Runtime/Cache/Admin/b595b808c2ebeeeb0478ffc30bb4e87a.php 第 68 行.
INFO: Run Behavior\ParseTemplateBehavior [ RunTime:0.015182s ]
INFO: [ view_parse ] --END-- [ RunTime:0.015234s ]
INFO: [ view_filter ] --START--
INFO: Run Behavior\WriteHtmlCacheBehavior [ RunTime:0.000217s ]
INFO: [ view_filter ] --END-- [ RunTime:0.000324s ]
INFO: [ app_end ] --START--
INFO: Run Behavior\ShowPageTraceBehavior [ RunTime:0.000604s ]
INFO: [ app_end ] --END-- [ RunTime:0.000658s ]

