[ 2017-12-14T01:01:54+08:00 ] ::1 /back/
INFO: [ app_init ] --START--
INFO: Run Behavior\BuildLiteBehavior [ RunTime:0.000034s ]
INFO: [ app_init ] --END-- [ RunTime:0.002084s ]
INFO: [ app_begin ] --START--
INFO: Run Behavior\ReadHtmlCacheBehavior [ RunTime:0.000872s ]
INFO: [ app_begin ] --END-- [ RunTime:0.000992s ]
NOTIC: [8] Undefined variable: module C:\wamp\www\back\ThinkPHP\Common\functions.php 第 990 行.
NOTIC: [8] Undefined variable: var C:\wamp\www\back\ThinkPHP\Common\functions.php 第 990 行.
NOTIC: [2] array_reverse() expects parameter 1 to be array, null given C:\wamp\www\back\ThinkPHP\Common\functions.php 第 990 行.
NOTIC: [2] http_build_query(): Parameter 1 expected to be Array or Object.  Incorrect value given C:\wamp\www\back\ThinkPHP\Common\functions.php 第 990 行.

[ 2017-12-14T01:01:54+08:00 ] ::1 /back/index.php?m=&&c=login
INFO: [ app_init ] --START--
INFO: Run Behavior\BuildLiteBehavior [ RunTime:0.000028s ]
INFO: [ app_init ] --END-- [ RunTime:0.000665s ]
INFO: [ app_begin ] --START--
INFO: Run Behavior\ReadHtmlCacheBehavior [ RunTime:0.000852s ]
INFO: [ app_begin ] --END-- [ RunTime:0.000996s ]
INFO: [ view_parse ] --START--
INFO: [ template_filter ] --START--
INFO: Run Behavior\ContentReplaceBehavior [ RunTime:0.000063s ]
INFO: [ template_filter ] --END-- [ RunTime:0.000191s ]
INFO: Run Behavior\ParseTemplateBehavior [ RunTime:0.008779s ]
INFO: [ view_parse ] --END-- [ RunTime:0.008919s ]
INFO: [ view_filter ] --START--
INFO: Run Behavior\WriteHtmlCacheBehavior [ RunTime:0.000703s ]
INFO: [ view_filter ] --END-- [ RunTime:0.000797s ]
INFO: [ app_end ] --START--
INFO: Run Behavior\ShowPageTraceBehavior [ RunTime:0.000784s ]
INFO: [ app_end ] --END-- [ RunTime:0.000890s ]

[ 2017-12-14T01:02:01+08:00 ] ::1 /back/index.php?m=admin&c=Login&a=check
INFO: [ app_init ] --START--
INFO: Run Behavior\BuildLiteBehavior [ RunTime:0.000025s ]
INFO: [ app_init ] --END-- [ RunTime:0.000516s ]
INFO: [ app_begin ] --START--
INFO: Run Behavior\ReadHtmlCacheBehavior [ RunTime:0.000869s ]
INFO: [ app_begin ] --END-- [ RunTime:0.001058s ]
SQL: SHOW COLUMNS FROM `teacher` [ RunTime:0.0095s ]
SQL: SELECT * FROM `teacher` WHERE ( tea_name="admin" ) LIMIT 1   [ RunTime:0.0094s ]

[ 2017-12-14T01:02:02+08:00 ] ::1 /back/index.php?m=admin&c=index
INFO: [ app_init ] --START--
INFO: Run Behavior\BuildLiteBehavior [ RunTime:0.000025s ]
INFO: [ app_init ] --END-- [ RunTime:0.000477s ]
INFO: [ app_begin ] --START--
INFO: Run Behavior\ReadHtmlCacheBehavior [ RunTime:0.000878s ]
INFO: [ app_begin ] --END-- [ RunTime:0.000992s ]
SQL: SHOW COLUMNS FROM `teacher` [ RunTime:0.0090s ]
SQL: SELECT COUNT(*) AS tp_count FROM `teacher` WHERE `root` <> 1 AND `tea_type` = -1 LIMIT 1   [ RunTime:0.0084s ]
SQL: SHOW COLUMNS FROM `class_info` [ RunTime:0.0092s ]
SQL: SELECT COUNT(*) AS tp_count FROM `class_info` WHERE `status` <> -1 LIMIT 1   [ RunTime:0.0084s ]
SQL: SHOW COLUMNS FROM `comment` [ RunTime:0.0110s ]
SQL: SELECT COUNT(*) AS tp_count FROM `comment` WHERE `status` = 1 LIMIT 1   [ RunTime:0.0084s ]
SQL: SHOW COLUMNS FROM `stu_basic_info` [ RunTime:0.0093s ]
SQL: SELECT COUNT(*) AS tp_count FROM `stu_basic_info` WHERE `status` <> -1 LIMIT 1   [ RunTime:0.0087s ]
INFO: [ view_parse ] --START--
INFO: [ template_filter ] --START--
INFO: Run Behavior\ContentReplaceBehavior [ RunTime:0.000114s ]
INFO: [ template_filter ] --END-- [ RunTime:0.000288s ]
SQL: SHOW COLUMNS FROM `menu` [ RunTime:0.0091s ]
SQL: SELECT * FROM `menu` WHERE `status` <> -1 ORDER BY listorder desc , menu_id desc  [ RunTime:0.0086s ]
NOTIC: [8] Undefined index: a C:\wamp\www\back\Application\Runtime\Cache\Admin\b595b808c2ebeeeb0478ffc30bb4e87a.php 第 68 行.
NOTIC: [8] Undefined index: a C:\wamp\www\back\Application\Runtime\Cache\Admin\b595b808c2ebeeeb0478ffc30bb4e87a.php 第 68 行.
NOTIC: [8] Undefined index: a C:\wamp\www\back\Application\Runtime\Cache\Admin\b595b808c2ebeeeb0478ffc30bb4e87a.php 第 68 行.
NOTIC: [8] Undefined index: a C:\wamp\www\back\Application\Runtime\Cache\Admin\b595b808c2ebeeeb0478ffc30bb4e87a.php 第 68 行.
NOTIC: [8] Undefined index: a C:\wamp\www\back\Application\Runtime\Cache\Admin\b595b808c2ebeeeb0478ffc30bb4e87a.php 第 68 行.
NOTIC: [8] Undefined index: a C:\wamp\www\back\Application\Runtime\Cache\Admin\b595b808c2ebeeeb0478ffc30bb4e87a.php 第 68 行.
NOTIC: [8] Undefined index: a C:\wamp\www\back\Application\Runtime\Cache\Admin\b595b808c2ebeeeb0478ffc30bb4e87a.php 第 68 行.
NOTIC: [8] Undefined index: a C:\wamp\www\back\Application\Runtime\Cache\Admin\b595b808c2ebeeeb0478ffc30bb4e87a.php 第 68 行.
NOTIC: [8] Undefined index: a C:\wamp\www\back\Application\Runtime\Cache\Admin\b595b808c2ebeeeb0478ffc30bb4e87a.php 第 68 行.
INFO: Run Behavior\ParseTemplateBehavior [ RunTime:0.064304s ]
INFO: [ view_parse ] --END-- [ RunTime:0.064523s ]
INFO: [ view_filter ] --START--
INFO: Run Behavior\WriteHtmlCacheBehavior [ RunTime:0.000881s ]
INFO: [ view_filter ] --END-- [ RunTime:0.000985s ]
INFO: [ app_end ] --START--
INFO: Run Behavior\ShowPageTraceBehavior [ RunTime:0.000999s ]
INFO: [ app_end ] --END-- [ RunTime:0.001125s ]

[ 2017-12-14T01:02:04+08:00 ] ::1 /back/admin.php?c=admin&a=personal
INFO: [ app_init ] --START--
INFO: Run Behavior\BuildLiteBehavior [ RunTime:0.000026s ]
INFO: [ app_init ] --END-- [ RunTime:0.000533s ]
INFO: [ app_begin ] --START--
INFO: Run Behavior\ReadHtmlCacheBehavior [ RunTime:0.000864s ]
INFO: [ app_begin ] --END-- [ RunTime:0.000995s ]
SQL: SHOW COLUMNS FROM `teacher` [ RunTime:0.0075s ]
SQL: SELECT * FROM `teacher` WHERE ( tea_id=89 ) LIMIT 1   [ RunTime:0.0069s ]
INFO: [ view_parse ] --START--
INFO: [ template_filter ] --START--
INFO: Run Behavior\ContentReplaceBehavior [ RunTime:0.000139s ]
INFO: [ template_filter ] --END-- [ RunTime:0.000272s ]
SQL: SHOW COLUMNS FROM `menu` [ RunTime:0.0074s ]
SQL: SELECT * FROM `menu` WHERE `status` <> -1 ORDER BY listorder desc , menu_id desc  [ RunTime:0.0076s ]
NOTIC: [8] Undefined index: a C:\wamp\www\back\Application\Runtime\Cache\Admin\53a216f618d3375c9a372a7a407d3230.php 第 68 行.
NOTIC: [8] Undefined index: a C:\wamp\www\back\Application\Runtime\Cache\Admin\53a216f618d3375c9a372a7a407d3230.php 第 68 行.
NOTIC: [8] Undefined index: a C:\wamp\www\back\Application\Runtime\Cache\Admin\53a216f618d3375c9a372a7a407d3230.php 第 68 行.
NOTIC: [8] Undefined index: a C:\wamp\www\back\Application\Runtime\Cache\Admin\53a216f618d3375c9a372a7a407d3230.php 第 68 行.
NOTIC: [8] Undefined index: a C:\wamp\www\back\Application\Runtime\Cache\Admin\53a216f618d3375c9a372a7a407d3230.php 第 68 行.
NOTIC: [8] Undefined index: a C:\wamp\www\back\Application\Runtime\Cache\Admin\53a216f618d3375c9a372a7a407d3230.php 第 68 行.
NOTIC: [8] Undefined index: a C:\wamp\www\back\Application\Runtime\Cache\Admin\53a216f618d3375c9a372a7a407d3230.php 第 68 行.
NOTIC: [8] Undefined index: a C:\wamp\www\back\Application\Runtime\Cache\Admin\53a216f618d3375c9a372a7a407d3230.php 第 68 行.
NOTIC: [8] Undefined index: a C:\wamp\www\back\Application\Runtime\Cache\Admin\53a216f618d3375c9a372a7a407d3230.php 第 68 行.
INFO: Run Behavior\ParseTemplateBehavior [ RunTime:0.030502s ]
INFO: [ view_parse ] --END-- [ RunTime:0.030624s ]
INFO: [ view_filter ] --START--
INFO: Run Behavior\WriteHtmlCacheBehavior [ RunTime:0.001271s ]
INFO: [ view_filter ] --END-- [ RunTime:0.001381s ]
INFO: [ app_end ] --START--
INFO: Run Behavior\ShowPageTraceBehavior [ RunTime:0.001154s ]
INFO: [ app_end ] --END-- [ RunTime:0.001470s ]

[ 2017-12-14T01:02:05+08:00 ] ::1 /back/
INFO: [ app_init ] --START--
INFO: Run Behavior\BuildLiteBehavior [ RunTime:0.000024s ]
INFO: [ app_init ] --END-- [ RunTime:0.000491s ]
INFO: [ app_begin ] --START--
INFO: Run Behavior\ReadHtmlCacheBehavior [ RunTime:0.000855s ]
INFO: [ app_begin ] --END-- [ RunTime:0.000981s ]
SQL: SHOW COLUMNS FROM `teacher` [ RunTime:0.0107s ]
SQL: SELECT COUNT(*) AS tp_count FROM `teacher` WHERE `root` <> 1 AND `tea_type` = -1 LIMIT 1   [ RunTime:0.0096s ]
SQL: SHOW COLUMNS FROM `class_info` [ RunTime:0.0097s ]
SQL: SELECT COUNT(*) AS tp_count FROM `class_info` WHERE `status` <> -1 LIMIT 1   [ RunTime:0.0089s ]
SQL: SHOW COLUMNS FROM `comment` [ RunTime:0.0095s ]
SQL: SELECT COUNT(*) AS tp_count FROM `comment` WHERE `status` = 1 LIMIT 1   [ RunTime:0.0090s ]
SQL: SHOW COLUMNS FROM `stu_basic_info` [ RunTime:0.0096s ]
SQL: SELECT COUNT(*) AS tp_count FROM `stu_basic_info` WHERE `status` <> -1 LIMIT 1   [ RunTime:0.0088s ]
INFO: [ view_parse ] --START--
INFO: [ template_filter ] --START--
INFO: Run Behavior\ContentReplaceBehavior [ RunTime:0.000072s ]
INFO: [ template_filter ] --END-- [ RunTime:0.000181s ]
SQL: SHOW COLUMNS FROM `menu` [ RunTime:0.0199s ]
SQL: SELECT * FROM `menu` WHERE `status` <> -1 ORDER BY listorder desc , menu_id desc  [ RunTime:0.0090s ]
NOTIC: [8] Undefined index: a C:\wamp\www\back\Application\Runtime\Cache\Admin\b595b808c2ebeeeb0478ffc30bb4e87a.php 第 68 行.
NOTIC: [8] Undefined index: a C:\wamp\www\back\Application\Runtime\Cache\Admin\b595b808c2ebeeeb0478ffc30bb4e87a.php 第 68 行.
NOTIC: [8] Undefined index: a C:\wamp\www\back\Application\Runtime\Cache\Admin\b595b808c2ebeeeb0478ffc30bb4e87a.php 第 68 行.
NOTIC: [8] Undefined index: a C:\wamp\www\back\Application\Runtime\Cache\Admin\b595b808c2ebeeeb0478ffc30bb4e87a.php 第 68 行.
NOTIC: [8] Undefined index: a C:\wamp\www\back\Application\Runtime\Cache\Admin\b595b808c2ebeeeb0478ffc30bb4e87a.php 第 68 行.
NOTIC: [8] Undefined index: a C:\wamp\www\back\Application\Runtime\Cache\Admin\b595b808c2ebeeeb0478ffc30bb4e87a.php 第 68 行.
NOTIC: [8] Undefined index: a C:\wamp\www\back\Application\Runtime\Cache\Admin\b595b808c2ebeeeb0478ffc30bb4e87a.php 第 68 行.
NOTIC: [8] Undefined index: a C:\wamp\www\back\Application\Runtime\Cache\Admin\b595b808c2ebeeeb0478ffc30bb4e87a.php 第 68 行.
NOTIC: [8] Undefined index: a C:\wamp\www\back\Application\Runtime\Cache\Admin\b595b808c2ebeeeb0478ffc30bb4e87a.php 第 68 行.
INFO: Run Behavior\ParseTemplateBehavior [ RunTime:0.043873s ]
INFO: [ view_parse ] --END-- [ RunTime:0.043990s ]
INFO: [ view_filter ] --START--
INFO: Run Behavior\WriteHtmlCacheBehavior [ RunTime:0.000841s ]
INFO: [ view_filter ] --END-- [ RunTime:0.000955s ]
INFO: [ app_end ] --START--
INFO: Run Behavior\ShowPageTraceBehavior [ RunTime:0.001105s ]
INFO: [ app_end ] --END-- [ RunTime:0.001213s ]

[ 2017-12-14T01:02:06+08:00 ] ::1 /back/admin.php?c=admin&a=
INFO: [ app_init ] --START--
INFO: Run Behavior\BuildLiteBehavior [ RunTime:0.000032s ]
INFO: [ app_init ] --END-- [ RunTime:0.000443s ]
INFO: [ app_begin ] --START--
INFO: Run Behavior\ReadHtmlCacheBehavior [ RunTime:0.000811s ]
INFO: [ app_begin ] --END-- [ RunTime:0.000921s ]
NOTIC: [8] Undefined index: p C:\wamp\www\back\Application\Admin\Controller\AdminController.class.php 第 17 行.
NOTIC: [8] Undefined index: pageSize C:\wamp\www\back\Application\Admin\Controller\AdminController.class.php 第 18 行.
SQL: SHOW COLUMNS FROM `teacher` [ RunTime:0.0096s ]
SQL: SELECT * FROM `teacher` WHERE `root` <> 1 AND `status` <> -1 ORDER BY listorder desc , tea_id desc LIMIT 0,8   [ RunTime:0.0099s ]
SQL: SELECT COUNT(*) AS tp_count FROM `teacher` WHERE `root` <> 1 AND `status` <> -1 LIMIT 1   [ RunTime:0.0095s ]
INFO: [ view_parse ] --START--
INFO: [ template_filter ] --START--
INFO: Run Behavior\ContentReplaceBehavior [ RunTime:0.000091s ]
INFO: [ template_filter ] --END-- [ RunTime:0.000205s ]
SQL: SHOW COLUMNS FROM `menu` [ RunTime:0.0097s ]
SQL: SELECT * FROM `menu` WHERE `status` <> -1 ORDER BY listorder desc , menu_id desc  [ RunTime:0.0091s ]
NOTIC: [8] Undefined index: a C:\wamp\www\back\Application\Runtime\Cache\Admin\b682812e058c4f7cab74d08ab9eabe11.php 第 68 行.
NOTIC: [8] Undefined index: a C:\wamp\www\back\Application\Runtime\Cache\Admin\b682812e058c4f7cab74d08ab9eabe11.php 第 68 行.
NOTIC: [8] Undefined index: a C:\wamp\www\back\Application\Runtime\Cache\Admin\b682812e058c4f7cab74d08ab9eabe11.php 第 68 行.
NOTIC: [8] Undefined index: a C:\wamp\www\back\Application\Runtime\Cache\Admin\b682812e058c4f7cab74d08ab9eabe11.php 第 68 行.
NOTIC: [8] Undefined index: a C:\wamp\www\back\Application\Runtime\Cache\Admin\b682812e058c4f7cab74d08ab9eabe11.php 第 68 行.
NOTIC: [8] Undefined index: a C:\wamp\www\back\Application\Runtime\Cache\Admin\b682812e058c4f7cab74d08ab9eabe11.php 第 68 行.
NOTIC: [8] Undefined index: a C:\wamp\www\back\Application\Runtime\Cache\Admin\b682812e058c4f7cab74d08ab9eabe11.php 第 68 行.
NOTIC: [8] Undefined index: a C:\wamp\www\back\Application\Runtime\Cache\Admin\b682812e058c4f7cab74d08ab9eabe11.php 第 68 行.
NOTIC: [8] Undefined index: a C:\wamp\www\back\Application\Runtime\Cache\Admin\b682812e058c4f7cab74d08ab9eabe11.php 第 68 行.
INFO: Run Behavior\ParseTemplateBehavior [ RunTime:0.037993s ]
INFO: [ view_parse ] --END-- [ RunTime:0.038109s ]
INFO: [ view_filter ] --START--
INFO: Run Behavior\WriteHtmlCacheBehavior [ RunTime:0.000818s ]
INFO: [ view_filter ] --END-- [ RunTime:0.000917s ]
INFO: [ app_end ] --START--
INFO: Run Behavior\ShowPageTraceBehavior [ RunTime:0.000846s ]
INFO: [ app_end ] --END-- [ RunTime:0.000952s ]

[ 2017-12-14T01:02:07+08:00 ] ::1 /back/admin.php?c=menu&a=
INFO: [ app_init ] --START--
INFO: Run Behavior\BuildLiteBehavior [ RunTime:0.000023s ]
INFO: [ app_init ] --END-- [ RunTime:0.000444s ]
INFO: [ app_begin ] --START--
INFO: Run Behavior\ReadHtmlCacheBehavior [ RunTime:0.001158s ]
INFO: [ app_begin ] --END-- [ RunTime:0.001356s ]
NOTIC: [8] Undefined index: p C:\wamp\www\back\Application\Admin\Controller\MenuController.class.php 第 19 行.
NOTIC: [8] Undefined index: pageSize C:\wamp\www\back\Application\Admin\Controller\MenuController.class.php 第 20 行.
SQL: SHOW COLUMNS FROM `menu` [ RunTime:0.0095s ]
SQL: SELECT * FROM `menu` WHERE `status` <> -1 ORDER BY listorder desc , menu_id desc LIMIT 0,8   [ RunTime:0.0091s ]
SQL: SELECT COUNT(*) AS tp_count FROM `menu` WHERE `status` <> -1 LIMIT 1   [ RunTime:0.0092s ]
INFO: [ view_parse ] --START--
INFO: [ template_filter ] --START--
INFO: Run Behavior\ContentReplaceBehavior [ RunTime:0.000099s ]
INFO: [ template_filter ] --END-- [ RunTime:0.000236s ]
SQL: SELECT * FROM `menu` WHERE `status` <> -1 ORDER BY listorder desc , menu_id desc  [ RunTime:0.0160s ]
NOTIC: [8] Undefined index: a C:\wamp\www\back\Application\Runtime\Cache\Admin\b956215329b6f9aca22277599a4efdfc.php 第 68 行.
NOTIC: [8] Undefined index: a C:\wamp\www\back\Application\Runtime\Cache\Admin\b956215329b6f9aca22277599a4efdfc.php 第 68 行.
NOTIC: [8] Undefined index: a C:\wamp\www\back\Application\Runtime\Cache\Admin\b956215329b6f9aca22277599a4efdfc.php 第 68 行.
NOTIC: [8] Undefined index: a C:\wamp\www\back\Application\Runtime\Cache\Admin\b956215329b6f9aca22277599a4efdfc.php 第 68 行.
NOTIC: [8] Undefined index: a C:\wamp\www\back\Application\Runtime\Cache\Admin\b956215329b6f9aca22277599a4efdfc.php 第 68 行.
NOTIC: [8] Undefined index: a C:\wamp\www\back\Application\Runtime\Cache\Admin\b956215329b6f9aca22277599a4efdfc.php 第 68 行.
NOTIC: [8] Undefined index: a C:\wamp\www\back\Application\Runtime\Cache\Admin\b956215329b6f9aca22277599a4efdfc.php 第 68 行.
NOTIC: [8] Undefined index: a C:\wamp\www\back\Application\Runtime\Cache\Admin\b956215329b6f9aca22277599a4efdfc.php 第 68 行.
NOTIC: [8] Undefined index: a C:\wamp\www\back\Application\Runtime\Cache\Admin\b956215329b6f9aca22277599a4efdfc.php 第 68 行.
INFO: Run Behavior\ParseTemplateBehavior [ RunTime:0.030607s ]
INFO: [ view_parse ] --END-- [ RunTime:0.030719s ]
INFO: [ view_filter ] --START--
INFO: Run Behavior\WriteHtmlCacheBehavior [ RunTime:0.000908s ]
INFO: [ view_filter ] --END-- [ RunTime:0.001006s ]
INFO: [ app_end ] --START--
INFO: Run Behavior\ShowPageTraceBehavior [ RunTime:0.000903s ]
INFO: [ app_end ] --END-- [ RunTime:0.001008s ]

[ 2017-12-14T01:02:07+08:00 ] ::1 /back/admin.php?c=student&a=
INFO: [ app_init ] --START--
INFO: Run Behavior\BuildLiteBehavior [ RunTime:0.000022s ]
INFO: [ app_init ] --END-- [ RunTime:0.000497s ]
INFO: [ app_begin ] --START--
INFO: Run Behavior\ReadHtmlCacheBehavior [ RunTime:0.000889s ]
INFO: [ app_begin ] --END-- [ RunTime:0.001003s ]
NOTIC: [8] Undefined index: p C:\wamp\www\back\Application\Admin\Controller\StudentController.class.php 第 19 行.
NOTIC: [8] Undefined index: pageSize C:\wamp\www\back\Application\Admin\Controller\StudentController.class.php 第 20 行.
SQL: SHOW COLUMNS FROM `stu_basic_info` [ RunTime:0.0103s ]
SQL: SELECT COUNT(*) AS tp_count FROM `stu_basic_info` WHERE `status` <> -1 LIMIT 1   [ RunTime:0.0103s ]
SQL: SELECT * FROM `stu_basic_info` WHERE `status` <> -1 ORDER BY listorder desc , stu_id desc LIMIT 0,8   [ RunTime:0.0106s ]
INFO: [ view_parse ] --START--
INFO: [ template_filter ] --START--
INFO: Run Behavior\ContentReplaceBehavior [ RunTime:0.000080s ]
INFO: [ template_filter ] --END-- [ RunTime:0.000183s ]
SQL: SHOW COLUMNS FROM `menu` [ RunTime:0.0106s ]
SQL: SELECT * FROM `menu` WHERE `status` <> -1 ORDER BY listorder desc , menu_id desc  [ RunTime:0.0107s ]
NOTIC: [8] Undefined index: a C:\wamp\www\back\Application\Runtime\Cache\Admin\8ac9139f0dd4d42903280ce12eaaca3b.php 第 68 行.
NOTIC: [8] Undefined index: a C:\wamp\www\back\Application\Runtime\Cache\Admin\8ac9139f0dd4d42903280ce12eaaca3b.php 第 68 行.
NOTIC: [8] Undefined index: a C:\wamp\www\back\Application\Runtime\Cache\Admin\8ac9139f0dd4d42903280ce12eaaca3b.php 第 68 行.
NOTIC: [8] Undefined index: a C:\wamp\www\back\Application\Runtime\Cache\Admin\8ac9139f0dd4d42903280ce12eaaca3b.php 第 68 行.
NOTIC: [8] Undefined index: a C:\wamp\www\back\Application\Runtime\Cache\Admin\8ac9139f0dd4d42903280ce12eaaca3b.php 第 68 行.
NOTIC: [8] Undefined index: a C:\wamp\www\back\Application\Runtime\Cache\Admin\8ac9139f0dd4d42903280ce12eaaca3b.php 第 68 行.
NOTIC: [8] Undefined index: a C:\wamp\www\back\Application\Runtime\Cache\Admin\8ac9139f0dd4d42903280ce12eaaca3b.php 第 68 行.
NOTIC: [8] Undefined index: a C:\wamp\www\back\Application\Runtime\Cache\Admin\8ac9139f0dd4d42903280ce12eaaca3b.php 第 68 行.
NOTIC: [8] Undefined index: a C:\wamp\www\back\Application\Runtime\Cache\Admin\8ac9139f0dd4d42903280ce12eaaca3b.php 第 68 行.
INFO: Run Behavior\ParseTemplateBehavior [ RunTime:0.036970s ]
INFO: [ view_parse ] --END-- [ RunTime:0.037085s ]
INFO: [ view_filter ] --START--
INFO: Run Behavior\WriteHtmlCacheBehavior [ RunTime:0.001033s ]
INFO: [ view_filter ] --END-- [ RunTime:0.001199s ]
INFO: [ app_end ] --START--
INFO: Run Behavior\ShowPageTraceBehavior [ RunTime:0.001334s ]
INFO: [ app_end ] --END-- [ RunTime:0.001473s ]

[ 2017-12-14T01:02:08+08:00 ] ::1 /back/admin.php?c=time&a=
INFO: [ app_init ] --START--
INFO: Run Behavior\BuildLiteBehavior [ RunTime:0.000042s ]
INFO: [ app_init ] --END-- [ RunTime:0.000475s ]
INFO: [ app_begin ] --START--
INFO: Run Behavior\ReadHtmlCacheBehavior [ RunTime:0.000997s ]
INFO: [ app_begin ] --END-- [ RunTime:0.001117s ]
NOTIC: [8] Undefined index: p C:\wamp\www\back\Application\Admin\Controller\TimeController.class.php 第 19 行.
NOTIC: [8] Undefined index: pageSize C:\wamp\www\back\Application\Admin\Controller\TimeController.class.php 第 20 行.
SQL: SHOW COLUMNS FROM `subject_score` [ RunTime:0.0106s ]
SQL: SELECT * FROM `subject_score` WHERE `status` <> -1 ORDER BY listorder desc , id desc LIMIT 0,8   [ RunTime:0.0103s ]
SQL: SELECT COUNT(*) AS tp_count FROM `subject_score` WHERE `status` <> -1 LIMIT 1   [ RunTime:0.0101s ]
SQL: SHOW COLUMNS FROM `stu_basic_info` [ RunTime:0.0118s ]
SQL: SELECT * FROM `stu_basic_info` WHERE ( stu_id=156 ) LIMIT 1   [ RunTime:0.0103s ]
SQL: SHOW COLUMNS FROM `class_info` [ RunTime:0.0108s ]
SQL: SELECT * FROM `class_info` WHERE ( class_id=45 ) LIMIT 1   [ RunTime:0.0103s ]
SQL: SHOW COLUMNS FROM `teacher` [ RunTime:0.0106s ]
SQL: SELECT * FROM `teacher` WHERE ( tea_id=87 ) LIMIT 1   [ RunTime:0.0102s ]
INFO: [ view_parse ] --START--
INFO: [ template_filter ] --START--
INFO: Run Behavior\ContentReplaceBehavior [ RunTime:0.000100s ]
INFO: [ template_filter ] --END-- [ RunTime:0.000215s ]
SQL: SHOW COLUMNS FROM `menu` [ RunTime:0.0107s ]
SQL: SELECT * FROM `menu` WHERE `status` <> -1 ORDER BY listorder desc , menu_id desc  [ RunTime:0.0102s ]
NOTIC: [8] Undefined index: a C:\wamp\www\back\Application\Runtime\Cache\Admin\335b1c64e177ba54c2598bec117208d5.php 第 69 行.
NOTIC: [8] Undefined index: a C:\wamp\www\back\Application\Runtime\Cache\Admin\335b1c64e177ba54c2598bec117208d5.php 第 69 行.
NOTIC: [8] Undefined index: a C:\wamp\www\back\Application\Runtime\Cache\Admin\335b1c64e177ba54c2598bec117208d5.php 第 69 行.
NOTIC: [8] Undefined index: a C:\wamp\www\back\Application\Runtime\Cache\Admin\335b1c64e177ba54c2598bec117208d5.php 第 69 行.
NOTIC: [8] Undefined index: a C:\wamp\www\back\Application\Runtime\Cache\Admin\335b1c64e177ba54c2598bec117208d5.php 第 69 行.
NOTIC: [8] Undefined index: a C:\wamp\www\back\Application\Runtime\Cache\Admin\335b1c64e177ba54c2598bec117208d5.php 第 69 行.
NOTIC: [8] Undefined index: a C:\wamp\www\back\Application\Runtime\Cache\Admin\335b1c64e177ba54c2598bec117208d5.php 第 69 行.
NOTIC: [8] Undefined index: a C:\wamp\www\back\Application\Runtime\Cache\Admin\335b1c64e177ba54c2598bec117208d5.php 第 69 行.
NOTIC: [8] Undefined index: a C:\wamp\www\back\Application\Runtime\Cache\Admin\335b1c64e177ba54c2598bec117208d5.php 第 69 行.
INFO: Run Behavior\ParseTemplateBehavior [ RunTime:0.035584s ]
INFO: [ view_parse ] --END-- [ RunTime:0.035690s ]
INFO: [ view_filter ] --START--
INFO: Run Behavior\WriteHtmlCacheBehavior [ RunTime:0.000827s ]
INFO: [ view_filter ] --END-- [ RunTime:0.000928s ]
INFO: [ app_end ] --START--
INFO: Run Behavior\ShowPageTraceBehavior [ RunTime:0.001018s ]
INFO: [ app_end ] --END-- [ RunTime:0.001119s ]

[ 2017-12-14T01:02:08+08:00 ] ::1 /back/admin.php?c=board&a=
INFO: [ app_init ] --START--
INFO: Run Behavior\BuildLiteBehavior [ RunTime:0.000022s ]
INFO: [ app_init ] --END-- [ RunTime:0.000553s ]
INFO: [ app_begin ] --START--
INFO: Run Behavior\ReadHtmlCacheBehavior [ RunTime:0.001069s ]
INFO: [ app_begin ] --END-- [ RunTime:0.001245s ]
NOTIC: [8] Undefined index: p C:\wamp\www\back\Application\Admin\Controller\BoardController.class.php 第 16 行.
NOTIC: [8] Undefined index: pageSize C:\wamp\www\back\Application\Admin\Controller\BoardController.class.php 第 17 行.
SQL: SHOW COLUMNS FROM `message_board` [ RunTime:0.0082s ]
SQL: SELECT COUNT(*) AS tp_count FROM `message_board` WHERE `status` <> -1 LIMIT 1   [ RunTime:0.0073s ]
SQL: SELECT * FROM `message_board` WHERE `status` <> -1 ORDER BY listorder desc , message_id desc LIMIT 0,8   [ RunTime:0.0079s ]
INFO: [ view_parse ] --START--
INFO: [ template_filter ] --START--
INFO: Run Behavior\ContentReplaceBehavior [ RunTime:0.000083s ]
INFO: [ template_filter ] --END-- [ RunTime:0.000199s ]
SQL: SHOW COLUMNS FROM `menu` [ RunTime:0.0080s ]
SQL: SELECT * FROM `menu` WHERE `status` <> -1 ORDER BY listorder desc , menu_id desc  [ RunTime:0.0084s ]
NOTIC: [8] Undefined index: a C:\wamp\www\back\Application\Runtime\Cache\Admin\11d0cd8e257cea7f1457d4329691b9c5.php 第 68 行.
NOTIC: [8] Undefined index: a C:\wamp\www\back\Application\Runtime\Cache\Admin\11d0cd8e257cea7f1457d4329691b9c5.php 第 68 行.
NOTIC: [8] Undefined index: a C:\wamp\www\back\Application\Runtime\Cache\Admin\11d0cd8e257cea7f1457d4329691b9c5.php 第 68 行.
NOTIC: [8] Undefined index: a C:\wamp\www\back\Application\Runtime\Cache\Admin\11d0cd8e257cea7f1457d4329691b9c5.php 第 68 行.
NOTIC: [8] Undefined index: a C:\wamp\www\back\Application\Runtime\Cache\Admin\11d0cd8e257cea7f1457d4329691b9c5.php 第 68 行.
NOTIC: [8] Undefined index: a C:\wamp\www\back\Application\Runtime\Cache\Admin\11d0cd8e257cea7f1457d4329691b9c5.php 第 68 行.
NOTIC: [8] Undefined index: a C:\wamp\www\back\Application\Runtime\Cache\Admin\11d0cd8e257cea7f1457d4329691b9c5.php 第 68 行.
NOTIC: [8] Undefined index: a C:\wamp\www\back\Application\Runtime\Cache\Admin\11d0cd8e257cea7f1457d4329691b9c5.php 第 68 行.
NOTIC: [8] Undefined index: a C:\wamp\www\back\Application\Runtime\Cache\Admin\11d0cd8e257cea7f1457d4329691b9c5.php 第 68 行.
INFO: Run Behavior\ParseTemplateBehavior [ RunTime:0.035348s ]
INFO: [ view_parse ] --END-- [ RunTime:0.035477s ]
INFO: [ view_filter ] --START--
INFO: Run Behavior\WriteHtmlCacheBehavior [ RunTime:0.000918s ]
INFO: [ view_filter ] --END-- [ RunTime:0.001017s ]
INFO: [ app_end ] --START--
INFO: Run Behavior\ShowPageTraceBehavior [ RunTime:0.001313s ]
INFO: [ app_end ] --END-- [ RunTime:0.001425s ]

[ 2017-12-14T01:02:09+08:00 ] ::1 /back/admin.php?c=commentExt&a=
INFO: [ app_init ] --START--
INFO: Run Behavior\BuildLiteBehavior [ RunTime:0.000022s ]
INFO: [ app_init ] --END-- [ RunTime:0.000450s ]
INFO: [ app_begin ] --START--
INFO: Run Behavior\ReadHtmlCacheBehavior [ RunTime:0.000804s ]
INFO: [ app_begin ] --END-- [ RunTime:0.000916s ]
NOTIC: [8] Undefined index: p C:\wamp\www\back\Application\Admin\Controller\CommentExtController.class.php 第 16 行.
NOTIC: [8] Undefined index: pageSize C:\wamp\www\back\Application\Admin\Controller\CommentExtController.class.php 第 17 行.
SQL: SHOW COLUMNS FROM `tea_to_stu_comment` [ RunTime:0.0096s ]
SQL: SELECT COUNT(*) AS tp_count FROM `tea_to_stu_comment` WHERE `status` <> -1 LIMIT 1   [ RunTime:0.0087s ]
SQL: SELECT * FROM `tea_to_stu_comment` WHERE `status` <> -1 ORDER BY listorder desc , comment_id desc LIMIT 0,8   [ RunTime:0.0091s ]
INFO: [ view_parse ] --START--
INFO: [ template_filter ] --START--
INFO: Run Behavior\ContentReplaceBehavior [ RunTime:0.000151s ]
INFO: [ template_filter ] --END-- [ RunTime:0.000326s ]
SQL: SHOW COLUMNS FROM `menu` [ RunTime:0.0095s ]
SQL: SELECT * FROM `menu` WHERE `status` <> -1 ORDER BY listorder desc , menu_id desc  [ RunTime:0.0090s ]
NOTIC: [8] Undefined index: a C:\wamp\www\back\Application\Runtime\Cache\Admin\e1272941d3d678c31603f0720287d6d1.php 第 68 行.
NOTIC: [8] Undefined index: a C:\wamp\www\back\Application\Runtime\Cache\Admin\e1272941d3d678c31603f0720287d6d1.php 第 68 行.
NOTIC: [8] Undefined index: a C:\wamp\www\back\Application\Runtime\Cache\Admin\e1272941d3d678c31603f0720287d6d1.php 第 68 行.
NOTIC: [8] Undefined index: a C:\wamp\www\back\Application\Runtime\Cache\Admin\e1272941d3d678c31603f0720287d6d1.php 第 68 行.
NOTIC: [8] Undefined index: a C:\wamp\www\back\Application\Runtime\Cache\Admin\e1272941d3d678c31603f0720287d6d1.php 第 68 行.
NOTIC: [8] Undefined index: a C:\wamp\www\back\Application\Runtime\Cache\Admin\e1272941d3d678c31603f0720287d6d1.php 第 68 行.
NOTIC: [8] Undefined index: a C:\wamp\www\back\Application\Runtime\Cache\Admin\e1272941d3d678c31603f0720287d6d1.php 第 68 行.
NOTIC: [8] Undefined index: a C:\wamp\www\back\Application\Runtime\Cache\Admin\e1272941d3d678c31603f0720287d6d1.php 第 68 行.
NOTIC: [8] Undefined index: a C:\wamp\www\back\Application\Runtime\Cache\Admin\e1272941d3d678c31603f0720287d6d1.php 第 68 行.
INFO: Run Behavior\ParseTemplateBehavior [ RunTime:0.037565s ]
INFO: [ view_parse ] --END-- [ RunTime:0.037685s ]
INFO: [ view_filter ] --START--
INFO: Run Behavior\WriteHtmlCacheBehavior [ RunTime:0.000795s ]
INFO: [ view_filter ] --END-- [ RunTime:0.000927s ]
INFO: [ app_end ] --START--
INFO: Run Behavior\ShowPageTraceBehavior [ RunTime:0.000913s ]
INFO: [ app_end ] --END-- [ RunTime:0.001029s ]

[ 2017-12-14T01:02:10+08:00 ] ::1 /back/admin.php?c=score&a=
INFO: [ app_init ] --START--
INFO: Run Behavior\BuildLiteBehavior [ RunTime:0.000021s ]
INFO: [ app_init ] --END-- [ RunTime:0.000395s ]
INFO: [ app_begin ] --START--
INFO: Run Behavior\ReadHtmlCacheBehavior [ RunTime:0.000765s ]
INFO: [ app_begin ] --END-- [ RunTime:0.000870s ]
NOTIC: [8] Undefined index: p C:\wamp\www\back\Application\Admin\Controller\ScoreController.class.php 第 26 行.
NOTIC: [8] Undefined index: pageSize C:\wamp\www\back\Application\Admin\Controller\ScoreController.class.php 第 28 行.
NOTIC: [2048] Declaration of Common\Model\ScoreModel::find() should be compatible with Think\Model::find($options = Array) C:\wamp\www\back\Application\Common\Model\ScoreModel.class.php 第 14 行.
SQL: SHOW COLUMNS FROM `score` [ RunTime:0.0079s ]
SQL: SELECT * FROM `score` WHERE `status` <> -1 ORDER BY listorder desc , id desc LIMIT 0,8   [ RunTime:0.0078s ]
SQL: SELECT COUNT(*) AS tp_count FROM `score` WHERE `status` <> -1 LIMIT 1   [ RunTime:0.0072s ]
INFO: [ view_parse ] --START--
INFO: [ template_filter ] --START--
INFO: Run Behavior\ContentReplaceBehavior [ RunTime:0.000090s ]
INFO: [ template_filter ] --END-- [ RunTime:0.000208s ]
SQL: SHOW COLUMNS FROM `menu` [ RunTime:0.0081s ]
SQL: SELECT * FROM `menu` WHERE `status` <> -1 ORDER BY listorder desc , menu_id desc  [ RunTime:0.0075s ]
NOTIC: [8] Undefined index: a C:\wamp\www\back\Application\Runtime\Cache\Admin\4b40e4604061f67f18b5d1e0619bd94a.php 第 69 行.
NOTIC: [8] Undefined index: a C:\wamp\www\back\Application\Runtime\Cache\Admin\4b40e4604061f67f18b5d1e0619bd94a.php 第 69 行.
NOTIC: [8] Undefined index: a C:\wamp\www\back\Application\Runtime\Cache\Admin\4b40e4604061f67f18b5d1e0619bd94a.php 第 69 行.
NOTIC: [8] Undefined index: a C:\wamp\www\back\Application\Runtime\Cache\Admin\4b40e4604061f67f18b5d1e0619bd94a.php 第 69 行.
NOTIC: [8] Undefined index: a C:\wamp\www\back\Application\Runtime\Cache\Admin\4b40e4604061f67f18b5d1e0619bd94a.php 第 69 行.
NOTIC: [8] Undefined index: a C:\wamp\www\back\Application\Runtime\Cache\Admin\4b40e4604061f67f18b5d1e0619bd94a.php 第 69 行.
NOTIC: [8] Undefined index: a C:\wamp\www\back\Application\Runtime\Cache\Admin\4b40e4604061f67f18b5d1e0619bd94a.php 第 69 行.
NOTIC: [8] Undefined index: a C:\wamp\www\back\Application\Runtime\Cache\Admin\4b40e4604061f67f18b5d1e0619bd94a.php 第 69 行.
NOTIC: [8] Undefined index: a C:\wamp\www\back\Application\Runtime\Cache\Admin\4b40e4604061f67f18b5d1e0619bd94a.php 第 69 行.
INFO: Run Behavior\ParseTemplateBehavior [ RunTime:0.031661s ]
INFO: [ view_parse ] --END-- [ RunTime:0.031772s ]
INFO: [ view_filter ] --START--
INFO: Run Behavior\WriteHtmlCacheBehavior [ RunTime:0.000815s ]
INFO: [ view_filter ] --END-- [ RunTime:0.000913s ]
INFO: [ app_end ] --START--
INFO: Run Behavior\ShowPageTraceBehavior [ RunTime:0.000876s ]
INFO: [ app_end ] --END-- [ RunTime:0.000988s ]

[ 2017-12-14T01:02:10+08:00 ] ::1 /back/admin.php?c=comment&a=
INFO: [ app_init ] --START--
INFO: Run Behavior\BuildLiteBehavior [ RunTime:0.000023s ]
INFO: [ app_init ] --END-- [ RunTime:0.000462s ]
INFO: [ app_begin ] --START--
INFO: Run Behavior\ReadHtmlCacheBehavior [ RunTime:0.000793s ]
INFO: [ app_begin ] --END-- [ RunTime:0.000909s ]
NOTIC: [8] Undefined index: p C:\wamp\www\back\Application\Admin\Controller\CommentController.class.php 第 16 行.
NOTIC: [8] Undefined index: pageSize C:\wamp\www\back\Application\Admin\Controller\CommentController.class.php 第 17 行.
SQL: SHOW COLUMNS FROM `comment` [ RunTime:0.0094s ]
SQL: SELECT COUNT(*) AS tp_count FROM `comment` WHERE `status` <> -1 LIMIT 1   [ RunTime:0.0089s ]
SQL: SELECT * FROM `comment` WHERE `status` <> -1 ORDER BY listorder desc , comment_id desc LIMIT 0,8   [ RunTime:0.0089s ]
SQL: SHOW COLUMNS FROM `stu_basic_info` [ RunTime:0.0098s ]
SQL: SELECT * FROM `stu_basic_info` WHERE ( stu_id=156 ) LIMIT 1   [ RunTime:0.0090s ]
SQL: SHOW COLUMNS FROM `teacher` [ RunTime:0.0093s ]
SQL: SELECT * FROM `teacher` WHERE ( tea_id=87 ) LIMIT 1   [ RunTime:0.0114s ]
SQL: SHOW COLUMNS FROM `class_info` [ RunTime:0.0095s ]
SQL: SELECT * FROM `class_info` WHERE ( class_id=45 ) LIMIT 1   [ RunTime:0.0091s ]
INFO: [ view_parse ] --START--
INFO: [ template_filter ] --START--
INFO: Run Behavior\ContentReplaceBehavior [ RunTime:0.000091s ]
INFO: [ template_filter ] --END-- [ RunTime:0.000203s ]
SQL: SHOW COLUMNS FROM `menu` [ RunTime:0.0093s ]
SQL: SELECT * FROM `menu` WHERE `status` <> -1 ORDER BY listorder desc , menu_id desc  [ RunTime:0.0089s ]
NOTIC: [8] Undefined index: a C:\wamp\www\back\Application\Runtime\Cache\Admin\9422665904e471006147a1d12ed26ddc.php 第 68 行.
NOTIC: [8] Undefined index: a C:\wamp\www\back\Application\Runtime\Cache\Admin\9422665904e471006147a1d12ed26ddc.php 第 68 行.
NOTIC: [8] Undefined index: a C:\wamp\www\back\Application\Runtime\Cache\Admin\9422665904e471006147a1d12ed26ddc.php 第 68 行.
NOTIC: [8] Undefined index: a C:\wamp\www\back\Application\Runtime\Cache\Admin\9422665904e471006147a1d12ed26ddc.php 第 68 行.
NOTIC: [8] Undefined index: a C:\wamp\www\back\Application\Runtime\Cache\Admin\9422665904e471006147a1d12ed26ddc.php 第 68 行.
NOTIC: [8] Undefined index: a C:\wamp\www\back\Application\Runtime\Cache\Admin\9422665904e471006147a1d12ed26ddc.php 第 68 行.
NOTIC: [8] Undefined index: a C:\wamp\www\back\Application\Runtime\Cache\Admin\9422665904e471006147a1d12ed26ddc.php 第 68 行.
NOTIC: [8] Undefined index: a C:\wamp\www\back\Application\Runtime\Cache\Admin\9422665904e471006147a1d12ed26ddc.php 第 68 行.
NOTIC: [8] Undefined index: a C:\wamp\www\back\Application\Runtime\Cache\Admin\9422665904e471006147a1d12ed26ddc.php 第 68 行.
INFO: Run Behavior\ParseTemplateBehavior [ RunTime:0.034164s ]
INFO: [ view_parse ] --END-- [ RunTime:0.034288s ]
INFO: [ view_filter ] --START--
INFO: Run Behavior\WriteHtmlCacheBehavior [ RunTime:0.000985s ]
INFO: [ view_filter ] --END-- [ RunTime:0.001097s ]
INFO: [ app_end ] --START--
INFO: Run Behavior\ShowPageTraceBehavior [ RunTime:0.001126s ]
INFO: [ app_end ] --END-- [ RunTime:0.001252s ]

[ 2017-12-14T01:02:11+08:00 ] ::1 /back/admin.php?c=class&a=
INFO: [ app_init ] --START--
INFO: Run Behavior\BuildLiteBehavior [ RunTime:0.000025s ]
INFO: [ app_init ] --END-- [ RunTime:0.000464s ]
INFO: [ app_begin ] --START--
INFO: Run Behavior\ReadHtmlCacheBehavior [ RunTime:0.000877s ]
INFO: [ app_begin ] --END-- [ RunTime:0.001010s ]
NOTIC: [8] Undefined index: p C:\wamp\www\back\Application\Admin\Controller\ClassController.class.php 第 17 行.
NOTIC: [8] Undefined index: pageSize C:\wamp\www\back\Application\Admin\Controller\ClassController.class.php 第 18 行.
SQL: SHOW COLUMNS FROM `class_info` [ RunTime:0.0084s ]
SQL: SELECT COUNT(*) AS tp_count FROM `class_info` WHERE `status` <> -1 LIMIT 1   [ RunTime:0.0081s ]
SQL: SELECT * FROM `class_info` WHERE `status` <> -1 ORDER BY listorder desc , class_id desc LIMIT 0,8   [ RunTime:0.0086s ]
SQL: SHOW COLUMNS FROM `teacher` [ RunTime:0.0081s ]
SQL: SELECT * FROM `teacher` WHERE ( tea_id=87 ) LIMIT 1   [ RunTime:0.0094s ]
SQL: SELECT * FROM `teacher` WHERE ( tea_id=87 ) LIMIT 1   [ RunTime:0.0076s ]
SQL: SELECT * FROM `teacher` WHERE ( tea_id=88 ) LIMIT 1   [ RunTime:0.0077s ]
INFO: [ view_parse ] --START--
INFO: [ template_filter ] --START--
INFO: Run Behavior\ContentReplaceBehavior [ RunTime:0.000090s ]
INFO: [ template_filter ] --END-- [ RunTime:0.000202s ]
SQL: SHOW COLUMNS FROM `menu` [ RunTime:0.0082s ]
SQL: SELECT * FROM `menu` WHERE `status` <> -1 ORDER BY listorder desc , menu_id desc  [ RunTime:0.0078s ]
NOTIC: [8] Undefined index: a C:\wamp\www\back\Application\Runtime\Cache\Admin\d226dc04610e76ef6af5711bccd551e3.php 第 68 行.
NOTIC: [8] Undefined index: a C:\wamp\www\back\Application\Runtime\Cache\Admin\d226dc04610e76ef6af5711bccd551e3.php 第 68 行.
NOTIC: [8] Undefined index: a C:\wamp\www\back\Application\Runtime\Cache\Admin\d226dc04610e76ef6af5711bccd551e3.php 第 68 行.
NOTIC: [8] Undefined index: a C:\wamp\www\back\Application\Runtime\Cache\Admin\d226dc04610e76ef6af5711bccd551e3.php 第 68 行.
NOTIC: [8] Undefined index: a C:\wamp\www\back\Application\Runtime\Cache\Admin\d226dc04610e76ef6af5711bccd551e3.php 第 68 行.
NOTIC: [8] Undefined index: a C:\wamp\www\back\Application\Runtime\Cache\Admin\d226dc04610e76ef6af5711bccd551e3.php 第 68 行.
NOTIC: [8] Undefined index: a C:\wamp\www\back\Application\Runtime\Cache\Admin\d226dc04610e76ef6af5711bccd551e3.php 第 68 行.
NOTIC: [8] Undefined index: a C:\wamp\www\back\Application\Runtime\Cache\Admin\d226dc04610e76ef6af5711bccd551e3.php 第 68 行.
NOTIC: [8] Undefined index: a C:\wamp\www\back\Application\Runtime\Cache\Admin\d226dc04610e76ef6af5711bccd551e3.php 第 68 行.
NOTIC: [8] Undefined variable: pageRes C:\wamp\www\back\Application\Runtime\Cache\Admin\d226dc04610e76ef6af5711bccd551e3.php 第 172 行.
INFO: Run Behavior\ParseTemplateBehavior [ RunTime:0.035810s ]
INFO: [ view_parse ] --END-- [ RunTime:0.035937s ]
INFO: [ view_filter ] --START--
INFO: Run Behavior\WriteHtmlCacheBehavior [ RunTime:0.000916s ]
INFO: [ view_filter ] --END-- [ RunTime:0.001023s ]
INFO: [ app_end ] --START--
INFO: Run Behavior\ShowPageTraceBehavior [ RunTime:0.001025s ]
INFO: [ app_end ] --END-- [ RunTime:0.001198s ]

[ 2017-12-14T01:02:13+08:00 ] ::1 /back/admin.php?c=menu&a=
INFO: [ app_init ] --START--
INFO: Run Behavior\BuildLiteBehavior [ RunTime:0.000023s ]
INFO: [ app_init ] --END-- [ RunTime:0.000423s ]
INFO: [ app_begin ] --START--
INFO: Run Behavior\ReadHtmlCacheBehavior [ RunTime:0.000788s ]
INFO: [ app_begin ] --END-- [ RunTime:0.000909s ]
NOTIC: [8] Undefined index: p C:\wamp\www\back\Application\Admin\Controller\MenuController.class.php 第 19 行.
NOTIC: [8] Undefined index: pageSize C:\wamp\www\back\Application\Admin\Controller\MenuController.class.php 第 20 行.
SQL: SHOW COLUMNS FROM `menu` [ RunTime:0.0102s ]
SQL: SELECT * FROM `menu` WHERE `status` <> -1 ORDER BY listorder desc , menu_id desc LIMIT 0,8   [ RunTime:0.0099s ]
SQL: SELECT COUNT(*) AS tp_count FROM `menu` WHERE `status` <> -1 LIMIT 1   [ RunTime:0.0096s ]
INFO: [ view_parse ] --START--
INFO: [ template_filter ] --START--
INFO: Run Behavior\ContentReplaceBehavior [ RunTime:0.000083s ]
INFO: [ template_filter ] --END-- [ RunTime:0.000195s ]
SQL: SELECT * FROM `menu` WHERE `status` <> -1 ORDER BY listorder desc , menu_id desc  [ RunTime:0.0099s ]
NOTIC: [8] Undefined index: a C:\wamp\www\back\Application\Runtime\Cache\Admin\b956215329b6f9aca22277599a4efdfc.php 第 68 行.
NOTIC: [8] Undefined index: a C:\wamp\www\back\Application\Runtime\Cache\Admin\b956215329b6f9aca22277599a4efdfc.php 第 68 行.
NOTIC: [8] Undefined index: a C:\wamp\www\back\Application\Runtime\Cache\Admin\b956215329b6f9aca22277599a4efdfc.php 第 68 行.
NOTIC: [8] Undefined index: a C:\wamp\www\back\Application\Runtime\Cache\Admin\b956215329b6f9aca22277599a4efdfc.php 第 68 行.
NOTIC: [8] Undefined index: a C:\wamp\www\back\Application\Runtime\Cache\Admin\b956215329b6f9aca22277599a4efdfc.php 第 68 行.
NOTIC: [8] Undefined index: a C:\wamp\www\back\Application\Runtime\Cache\Admin\b956215329b6f9aca22277599a4efdfc.php 第 68 行.
NOTIC: [8] Undefined index: a C:\wamp\www\back\Application\Runtime\Cache\Admin\b956215329b6f9aca22277599a4efdfc.php 第 68 行.
NOTIC: [8] Undefined index: a C:\wamp\www\back\Application\Runtime\Cache\Admin\b956215329b6f9aca22277599a4efdfc.php 第 68 行.
NOTIC: [8] Undefined index: a C:\wamp\www\back\Application\Runtime\Cache\Admin\b956215329b6f9aca22277599a4efdfc.php 第 68 行.
INFO: Run Behavior\ParseTemplateBehavior [ RunTime:0.023575s ]
INFO: [ view_parse ] --END-- [ RunTime:0.023678s ]
INFO: [ view_filter ] --START--
INFO: Run Behavior\WriteHtmlCacheBehavior [ RunTime:0.000854s ]
INFO: [ view_filter ] --END-- [ RunTime:0.000955s ]
INFO: [ app_end ] --START--
INFO: Run Behavior\ShowPageTraceBehavior [ RunTime:0.000906s ]
INFO: [ app_end ] --END-- [ RunTime:0.001018s ]

[ 2017-12-14T01:02:13+08:00 ] ::1 /back/admin.php?c=admin&a=
INFO: [ app_init ] --START--
INFO: Run Behavior\BuildLiteBehavior [ RunTime:0.000021s ]
INFO: [ app_init ] --END-- [ RunTime:0.000428s ]
INFO: [ app_begin ] --START--
INFO: Run Behavior\ReadHtmlCacheBehavior [ RunTime:0.000836s ]
INFO: [ app_begin ] --END-- [ RunTime:0.001003s ]
NOTIC: [8] Undefined index: p C:\wamp\www\back\Application\Admin\Controller\AdminController.class.php 第 17 行.
NOTIC: [8] Undefined index: pageSize C:\wamp\www\back\Application\Admin\Controller\AdminController.class.php 第 18 行.
SQL: SHOW COLUMNS FROM `teacher` [ RunTime:0.0103s ]
SQL: SELECT * FROM `teacher` WHERE `root` <> 1 AND `status` <> -1 ORDER BY listorder desc , tea_id desc LIMIT 0,8   [ RunTime:0.0107s ]
SQL: SELECT COUNT(*) AS tp_count FROM `teacher` WHERE `root` <> 1 AND `status` <> -1 LIMIT 1   [ RunTime:0.0098s ]
INFO: [ view_parse ] --START--
INFO: [ template_filter ] --START--
INFO: Run Behavior\ContentReplaceBehavior [ RunTime:0.000078s ]
INFO: [ template_filter ] --END-- [ RunTime:0.000180s ]
SQL: SHOW COLUMNS FROM `menu` [ RunTime:0.0101s ]
SQL: SELECT * FROM `menu` WHERE `status` <> -1 ORDER BY listorder desc , menu_id desc  [ RunTime:0.0097s ]
NOTIC: [8] Undefined index: a C:\wamp\www\back\Application\Runtime\Cache\Admin\b682812e058c4f7cab74d08ab9eabe11.php 第 68 行.
NOTIC: [8] Undefined index: a C:\wamp\www\back\Application\Runtime\Cache\Admin\b682812e058c4f7cab74d08ab9eabe11.php 第 68 行.
NOTIC: [8] Undefined index: a C:\wamp\www\back\Application\Runtime\Cache\Admin\b682812e058c4f7cab74d08ab9eabe11.php 第 68 行.
NOTIC: [8] Undefined index: a C:\wamp\www\back\Application\Runtime\Cache\Admin\b682812e058c4f7cab74d08ab9eabe11.php 第 68 行.
NOTIC: [8] Undefined index: a C:\wamp\www\back\Application\Runtime\Cache\Admin\b682812e058c4f7cab74d08ab9eabe11.php 第 68 行.
NOTIC: [8] Undefined index: a C:\wamp\www\back\Application\Runtime\Cache\Admin\b682812e058c4f7cab74d08ab9eabe11.php 第 68 行.
NOTIC: [8] Undefined index: a C:\wamp\www\back\Application\Runtime\Cache\Admin\b682812e058c4f7cab74d08ab9eabe11.php 第 68 行.
NOTIC: [8] Undefined index: a C:\wamp\www\back\Application\Runtime\Cache\Admin\b682812e058c4f7cab74d08ab9eabe11.php 第 68 行.
NOTIC: [8] Undefined index: a C:\wamp\www\back\Application\Runtime\Cache\Admin\b682812e058c4f7cab74d08ab9eabe11.php 第 68 行.
INFO: Run Behavior\ParseTemplateBehavior [ RunTime:0.035677s ]
INFO: [ view_parse ] --END-- [ RunTime:0.035784s ]
INFO: [ view_filter ] --START--
INFO: Run Behavior\WriteHtmlCacheBehavior [ RunTime:0.000807s ]
INFO: [ view_filter ] --END-- [ RunTime:0.000904s ]
INFO: [ app_end ] --START--
INFO: Run Behavior\ShowPageTraceBehavior [ RunTime:0.000963s ]
INFO: [ app_end ] --END-- [ RunTime:0.001068s ]

[ 2017-12-14T01:02:14+08:00 ] ::1 /back/admin.php?c=admin&a=personal
INFO: [ app_init ] --START--
INFO: Run Behavior\BuildLiteBehavior [ RunTime:0.000023s ]
INFO: [ app_init ] --END-- [ RunTime:0.000429s ]
INFO: [ app_begin ] --START--
INFO: Run Behavior\ReadHtmlCacheBehavior [ RunTime:0.001002s ]
INFO: [ app_begin ] --END-- [ RunTime:0.001170s ]
SQL: SHOW COLUMNS FROM `teacher` [ RunTime:0.0115s ]
SQL: SELECT * FROM `teacher` WHERE ( tea_id=89 ) LIMIT 1   [ RunTime:0.0105s ]
INFO: [ view_parse ] --START--
INFO: [ template_filter ] --START--
INFO: Run Behavior\ContentReplaceBehavior [ RunTime:0.000104s ]
INFO: [ template_filter ] --END-- [ RunTime:0.000715s ]
SQL: SHOW COLUMNS FROM `menu` [ RunTime:0.0114s ]
SQL: SELECT * FROM `menu` WHERE `status` <> -1 ORDER BY listorder desc , menu_id desc  [ RunTime:0.0102s ]
NOTIC: [8] Undefined index: a C:\wamp\www\back\Application\Runtime\Cache\Admin\53a216f618d3375c9a372a7a407d3230.php 第 68 行.
NOTIC: [8] Undefined index: a C:\wamp\www\back\Application\Runtime\Cache\Admin\53a216f618d3375c9a372a7a407d3230.php 第 68 行.
NOTIC: [8] Undefined index: a C:\wamp\www\back\Application\Runtime\Cache\Admin\53a216f618d3375c9a372a7a407d3230.php 第 68 行.
NOTIC: [8] Undefined index: a C:\wamp\www\back\Application\Runtime\Cache\Admin\53a216f618d3375c9a372a7a407d3230.php 第 68 行.
NOTIC: [8] Undefined index: a C:\wamp\www\back\Application\Runtime\Cache\Admin\53a216f618d3375c9a372a7a407d3230.php 第 68 行.
NOTIC: [8] Undefined index: a C:\wamp\www\back\Application\Runtime\Cache\Admin\53a216f618d3375c9a372a7a407d3230.php 第 68 行.
NOTIC: [8] Undefined index: a C:\wamp\www\back\Application\Runtime\Cache\Admin\53a216f618d3375c9a372a7a407d3230.php 第 68 行.
NOTIC: [8] Undefined index: a C:\wamp\www\back\Application\Runtime\Cache\Admin\53a216f618d3375c9a372a7a407d3230.php 第 68 行.
NOTIC: [8] Undefined index: a C:\wamp\www\back\Application\Runtime\Cache\Admin\53a216f618d3375c9a372a7a407d3230.php 第 68 行.
INFO: Run Behavior\ParseTemplateBehavior [ RunTime:0.039471s ]
INFO: [ view_parse ] --END-- [ RunTime:0.039590s ]
INFO: [ view_filter ] --START--
INFO: Run Behavior\WriteHtmlCacheBehavior [ RunTime:0.000879s ]
INFO: [ view_filter ] --END-- [ RunTime:0.000995s ]
INFO: [ app_end ] --START--
INFO: Run Behavior\ShowPageTraceBehavior [ RunTime:0.001087s ]
INFO: [ app_end ] --END-- [ RunTime:0.001226s ]

[ 2017-12-14T01:02:15+08:00 ] ::1 /back/
INFO: [ app_init ] --START--
INFO: Run Behavior\BuildLiteBehavior [ RunTime:0.000025s ]
INFO: [ app_init ] --END-- [ RunTime:0.000542s ]
INFO: [ app_begin ] --START--
INFO: Run Behavior\ReadHtmlCacheBehavior [ RunTime:0.000787s ]
INFO: [ app_begin ] --END-- [ RunTime:0.000897s ]
SQL: SHOW COLUMNS FROM `teacher` [ RunTime:0.0103s ]
SQL: SELECT COUNT(*) AS tp_count FROM `teacher` WHERE `root` <> 1 AND `tea_type` = -1 LIMIT 1   [ RunTime:0.0096s ]
SQL: SHOW COLUMNS FROM `class_info` [ RunTime:0.0103s ]
SQL: SELECT COUNT(*) AS tp_count FROM `class_info` WHERE `status` <> -1 LIMIT 1   [ RunTime:0.0094s ]
SQL: SHOW COLUMNS FROM `comment` [ RunTime:0.0102s ]
SQL: SELECT COUNT(*) AS tp_count FROM `comment` WHERE `status` = 1 LIMIT 1   [ RunTime:0.0095s ]
SQL: SHOW COLUMNS FROM `stu_basic_info` [ RunTime:0.0102s ]
SQL: SELECT COUNT(*) AS tp_count FROM `stu_basic_info` WHERE `status` <> -1 LIMIT 1   [ RunTime:0.0098s ]
INFO: [ view_parse ] --START--
INFO: [ template_filter ] --START--
INFO: Run Behavior\ContentReplaceBehavior [ RunTime:0.000082s ]
INFO: [ template_filter ] --END-- [ RunTime:0.000195s ]
SQL: SHOW COLUMNS FROM `menu` [ RunTime:0.0102s ]
SQL: SELECT * FROM `menu` WHERE `status` <> -1 ORDER BY listorder desc , menu_id desc  [ RunTime:0.0100s ]
NOTIC: [8] Undefined index: a C:\wamp\www\back\Application\Runtime\Cache\Admin\b595b808c2ebeeeb0478ffc30bb4e87a.php 第 68 行.
NOTIC: [8] Undefined index: a C:\wamp\www\back\Application\Runtime\Cache\Admin\b595b808c2ebeeeb0478ffc30bb4e87a.php 第 68 行.
NOTIC: [8] Undefined index: a C:\wamp\www\back\Application\Runtime\Cache\Admin\b595b808c2ebeeeb0478ffc30bb4e87a.php 第 68 行.
NOTIC: [8] Undefined index: a C:\wamp\www\back\Application\Runtime\Cache\Admin\b595b808c2ebeeeb0478ffc30bb4e87a.php 第 68 行.
NOTIC: [8] Undefined index: a C:\wamp\www\back\Application\Runtime\Cache\Admin\b595b808c2ebeeeb0478ffc30bb4e87a.php 第 68 行.
NOTIC: [8] Undefined index: a C:\wamp\www\back\Application\Runtime\Cache\Admin\b595b808c2ebeeeb0478ffc30bb4e87a.php 第 68 行.
NOTIC: [8] Undefined index: a C:\wamp\www\back\Application\Runtime\Cache\Admin\b595b808c2ebeeeb0478ffc30bb4e87a.php 第 68 行.
NOTIC: [8] Undefined index: a C:\wamp\www\back\Application\Runtime\Cache\Admin\b595b808c2ebeeeb0478ffc30bb4e87a.php 第 68 行.
NOTIC: [8] Undefined index: a C:\wamp\www\back\Application\Runtime\Cache\Admin\b595b808c2ebeeeb0478ffc30bb4e87a.php 第 68 行.
INFO: Run Behavior\ParseTemplateBehavior [ RunTime:0.034413s ]
INFO: [ view_parse ] --END-- [ RunTime:0.034530s ]
INFO: [ view_filter ] --START--
INFO: Run Behavior\WriteHtmlCacheBehavior [ RunTime:0.001773s ]
INFO: [ view_filter ] --END-- [ RunTime:0.001940s ]
INFO: [ app_end ] --START--
INFO: Run Behavior\ShowPageTraceBehavior [ RunTime:0.001927s ]
INFO: [ app_end ] --END-- [ RunTime:0.002105s ]

[ 2017-12-14T01:02:17+08:00 ] ::1 /back/admin.php
INFO: [ app_init ] --START--
INFO: Run Behavior\BuildLiteBehavior [ RunTime:0.000022s ]
INFO: [ app_init ] --END-- [ RunTime:0.000446s ]
INFO: [ app_begin ] --START--
INFO: Run Behavior\ReadHtmlCacheBehavior [ RunTime:0.000805s ]
INFO: [ app_begin ] --END-- [ RunTime:0.000918s ]
SQL: SHOW COLUMNS FROM `teacher` [ RunTime:0.0094s ]
SQL: SELECT COUNT(*) AS tp_count FROM `teacher` WHERE `root` <> 1 AND `tea_type` = -1 LIMIT 1   [ RunTime:0.0090s ]
SQL: SHOW COLUMNS FROM `class_info` [ RunTime:0.0076s ]
SQL: SELECT COUNT(*) AS tp_count FROM `class_info` WHERE `status` <> -1 LIMIT 1   [ RunTime:0.0068s ]
SQL: SHOW COLUMNS FROM `comment` [ RunTime:0.0075s ]
SQL: SELECT COUNT(*) AS tp_count FROM `comment` WHERE `status` = 1 LIMIT 1   [ RunTime:0.0067s ]
SQL: SHOW COLUMNS FROM `stu_basic_info` [ RunTime:0.0072s ]
SQL: SELECT COUNT(*) AS tp_count FROM `stu_basic_info` WHERE `status` <> -1 LIMIT 1   [ RunTime:0.0066s ]
INFO: [ view_parse ] --START--
INFO: [ template_filter ] --START--
INFO: Run Behavior\ContentReplaceBehavior [ RunTime:0.000075s ]
INFO: [ template_filter ] --END-- [ RunTime:0.000186s ]
SQL: SHOW COLUMNS FROM `menu` [ RunTime:0.0073s ]
SQL: SELECT * FROM `menu` WHERE `status` <> -1 ORDER BY listorder desc , menu_id desc  [ RunTime:0.0070s ]
NOTIC: [8] Undefined index: a C:\wamp\www\back\Application\Runtime\Cache\Admin\b595b808c2ebeeeb0478ffc30bb4e87a.php 第 68 行.
NOTIC: [8] Undefined index: a C:\wamp\www\back\Application\Runtime\Cache\Admin\b595b808c2ebeeeb0478ffc30bb4e87a.php 第 68 行.
NOTIC: [8] Undefined index: a C:\wamp\www\back\Application\Runtime\Cache\Admin\b595b808c2ebeeeb0478ffc30bb4e87a.php 第 68 行.
NOTIC: [8] Undefined index: a C:\wamp\www\back\Application\Runtime\Cache\Admin\b595b808c2ebeeeb0478ffc30bb4e87a.php 第 68 行.
NOTIC: [8] Undefined index: a C:\wamp\www\back\Application\Runtime\Cache\Admin\b595b808c2ebeeeb0478ffc30bb4e87a.php 第 68 行.
NOTIC: [8] Undefined index: a C:\wamp\www\back\Application\Runtime\Cache\Admin\b595b808c2ebeeeb0478ffc30bb4e87a.php 第 68 行.
NOTIC: [8] Undefined index: a C:\wamp\www\back\Application\Runtime\Cache\Admin\b595b808c2ebeeeb0478ffc30bb4e87a.php 第 68 行.
NOTIC: [8] Undefined index: a C:\wamp\www\back\Application\Runtime\Cache\Admin\b595b808c2ebeeeb0478ffc30bb4e87a.php 第 68 行.
NOTIC: [8] Undefined index: a C:\wamp\www\back\Application\Runtime\Cache\Admin\b595b808c2ebeeeb0478ffc30bb4e87a.php 第 68 行.
INFO: Run Behavior\ParseTemplateBehavior [ RunTime:0.027948s ]
INFO: [ view_parse ] --END-- [ RunTime:0.028060s ]
INFO: [ view_filter ] --START--
INFO: Run Behavior\WriteHtmlCacheBehavior [ RunTime:0.001038s ]
INFO: [ view_filter ] --END-- [ RunTime:0.001172s ]
INFO: [ app_end ] --START--
INFO: Run Behavior\ShowPageTraceBehavior [ RunTime:0.001001s ]
INFO: [ app_end ] --END-- [ RunTime:0.001116s ]

