[ 2017-10-19T01:17:39+08:00 ] 112.96.170.91 /back/admin.php
INFO: [ app_init ] --START--
INFO: Run Behavior\BuildLiteBehavior [ RunTime:0.000022s ]
INFO: [ app_init ] --END-- [ RunTime:0.002175s ]
NOTIC: [8] Use of undefined constant ‘3306’ - assumed '‘3306’' /opt/lampp/htdocs/back/Application/Admin/Conf/db.php 第 16 行.
INFO: [ app_begin ] --START--
INFO: Run Behavior\ReadHtmlCacheBehavior [ RunTime:0.017387s ]
INFO: [ app_begin ] --END-- [ RunTime:0.017460s ]
NOTIC: [8] Undefined variable: module /opt/lampp/htdocs/back/ThinkPHP/Common/functions.php 第 990 行.
NOTIC: [8] Undefined variable: var /opt/lampp/htdocs/back/ThinkPHP/Common/functions.php 第 990 行.
NOTIC: [2] array_reverse() expects parameter 1 to be array, null given /opt/lampp/htdocs/back/ThinkPHP/Common/functions.php 第 990 行.
NOTIC: [2] http_build_query(): Parameter 1 expected to be Array or Object.  Incorrect value given /opt/lampp/htdocs/back/ThinkPHP/Common/functions.php 第 990 行.

[ 2017-10-19T01:17:39+08:00 ] 112.96.170.91 /back/admin.php?m=&&c=login
INFO: [ app_init ] --START--
INFO: Run Behavior\BuildLiteBehavior [ RunTime:0.000013s ]
INFO: [ app_init ] --END-- [ RunTime:0.000427s ]
NOTIC: [8] Use of undefined constant ‘3306’ - assumed '‘3306’' /opt/lampp/htdocs/back/Application/Admin/Conf/db.php 第 16 行.
INFO: [ app_begin ] --START--
INFO: Run Behavior\ReadHtmlCacheBehavior [ RunTime:0.000354s ]
INFO: [ app_begin ] --END-- [ RunTime:0.000391s ]
INFO: [ view_parse ] --START--
INFO: [ template_filter ] --START--
INFO: Run Behavior\ContentReplaceBehavior [ RunTime:0.000043s ]
INFO: [ template_filter ] --END-- [ RunTime:0.000103s ]
INFO: Run Behavior\ParseTemplateBehavior [ RunTime:0.019171s ]
INFO: [ view_parse ] --END-- [ RunTime:0.019207s ]
INFO: [ view_filter ] --START--
INFO: Run Behavior\WriteHtmlCacheBehavior [ RunTime:0.002478s ]
INFO: [ view_filter ] --END-- [ RunTime:0.002520s ]
INFO: [ app_end ] --START--
INFO: Run Behavior\ShowPageTraceBehavior [ RunTime:0.002116s ]
INFO: [ app_end ] --END-- [ RunTime:0.002175s ]

[ 2017-10-19T01:17:55+08:00 ] 112.96.170.91 /back/index.php?m=admin&c=Login&a=check
INFO: [ app_init ] --START--
INFO: Run Behavior\BuildLiteBehavior [ RunTime:0.000018s ]
INFO: [ app_init ] --END-- [ RunTime:0.000379s ]
NOTIC: [8] Use of undefined constant ‘3306’ - assumed '‘3306’' /opt/lampp/htdocs/back/Application/Admin/Conf/db.php 第 16 行.
INFO: [ app_begin ] --START--
INFO: Run Behavior\ReadHtmlCacheBehavior [ RunTime:0.000544s ]
INFO: [ app_begin ] --END-- [ RunTime:0.000595s ]
SQL: SHOW COLUMNS FROM `teacher` [ RunTime:0.0012s ]
SQL: SELECT * FROM `teacher` WHERE ( tea_name="王俊谕" ) LIMIT 1   [ RunTime:0.0006s ]

[ 2017-10-19T01:17:56+08:00 ] 112.96.170.91 /back/index.php?m=admin&c=admin&a=personal
INFO: [ app_init ] --START--
INFO: Run Behavior\BuildLiteBehavior [ RunTime:0.000012s ]
INFO: [ app_init ] --END-- [ RunTime:0.000292s ]
NOTIC: [8] Use of undefined constant ‘3306’ - assumed '‘3306’' /opt/lampp/htdocs/back/Application/Admin/Conf/db.php 第 16 行.
INFO: [ app_begin ] --START--
INFO: Run Behavior\ReadHtmlCacheBehavior [ RunTime:0.000407s ]
INFO: [ app_begin ] --END-- [ RunTime:0.000449s ]
SQL: SHOW COLUMNS FROM `teacher` [ RunTime:0.0011s ]
SQL: SELECT * FROM `teacher` WHERE ( tea_id=87 ) LIMIT 1   [ RunTime:0.0007s ]
INFO: [ view_parse ] --START--
INFO: [ template_filter ] --START--
INFO: Run Behavior\ContentReplaceBehavior [ RunTime:0.000054s ]
INFO: [ template_filter ] --END-- [ RunTime:0.000104s ]
SQL: SHOW COLUMNS FROM `menu` [ RunTime:0.0009s ]
SQL: SELECT * FROM `menu` WHERE `status` <> -1 ORDER BY listorder desc , menu_id desc  [ RunTime:0.0007s ]
NOTIC: [8] Undefined index: a /opt/lampp/htdocs/back/Application/Runtime/Cache/Admin/53a216f618d3375c9a372a7a407d3230.php 第 68 行.
NOTIC: [8] Undefined index: a /opt/lampp/htdocs/back/Application/Runtime/Cache/Admin/53a216f618d3375c9a372a7a407d3230.php 第 68 行.
INFO: Run Behavior\ParseTemplateBehavior [ RunTime:0.015986s ]
INFO: [ view_parse ] --END-- [ RunTime:0.016028s ]
INFO: [ view_filter ] --START--
INFO: Run Behavior\WriteHtmlCacheBehavior [ RunTime:0.000241s ]
INFO: [ view_filter ] --END-- [ RunTime:0.000278s ]
INFO: [ app_end ] --START--
INFO: Run Behavior\ShowPageTraceBehavior [ RunTime:0.000517s ]
INFO: [ app_end ] --END-- [ RunTime:0.000561s ]

[ 2017-10-19T01:18:02+08:00 ] 112.96.170.91 /back/
INFO: [ app_init ] --START--
INFO: Run Behavior\BuildLiteBehavior [ RunTime:0.000019s ]
INFO: [ app_init ] --END-- [ RunTime:0.000425s ]
NOTIC: [8] Use of undefined constant ‘3306’ - assumed '‘3306’' /opt/lampp/htdocs/back/Application/Admin/Conf/db.php 第 16 行.
INFO: [ app_begin ] --START--
INFO: Run Behavior\ReadHtmlCacheBehavior [ RunTime:0.000485s ]
INFO: [ app_begin ] --END-- [ RunTime:0.000558s ]
SQL: SHOW COLUMNS FROM `teacher` [ RunTime:0.0016s ]
SQL: SELECT COUNT(*) AS tp_count FROM `teacher` WHERE `root` <> 1 AND `tea_type` = -1 LIMIT 1   [ RunTime:0.0006s ]
SQL: SHOW COLUMNS FROM `class_info` [ RunTime:0.0013s ]
SQL: SELECT COUNT(*) AS tp_count FROM `class_info` WHERE `status` <> -1 LIMIT 1   [ RunTime:0.0006s ]
SQL: SHOW COLUMNS FROM `comment` [ RunTime:0.0012s ]
SQL: SELECT COUNT(*) AS tp_count FROM `comment` WHERE `status` = 1 LIMIT 1   [ RunTime:0.0006s ]
SQL: SHOW COLUMNS FROM `stu_basic_info` [ RunTime:0.0011s ]
SQL: SELECT COUNT(*) AS tp_count FROM `stu_basic_info` WHERE `status` <> -1 LIMIT 1   [ RunTime:0.0006s ]
INFO: [ view_parse ] --START--
INFO: [ template_filter ] --START--
INFO: Run Behavior\ContentReplaceBehavior [ RunTime:0.000071s ]
INFO: [ template_filter ] --END-- [ RunTime:0.000151s ]
SQL: SHOW COLUMNS FROM `menu` [ RunTime:0.0011s ]
SQL: SELECT * FROM `menu` WHERE `status` <> -1 ORDER BY listorder desc , menu_id desc  [ RunTime:0.0007s ]
NOTIC: [8] Undefined index: a /opt/lampp/htdocs/back/Application/Runtime/Cache/Admin/b595b808c2ebeeeb0478ffc30bb4e87a.php 第 68 行.
NOTIC: [8] Undefined index: a /opt/lampp/htdocs/back/Application/Runtime/Cache/Admin/b595b808c2ebeeeb0478ffc30bb4e87a.php 第 68 行.
INFO: Run Behavior\ParseTemplateBehavior [ RunTime:0.013379s ]
INFO: [ view_parse ] --END-- [ RunTime:0.013424s ]
INFO: [ view_filter ] --START--
INFO: Run Behavior\WriteHtmlCacheBehavior [ RunTime:0.000233s ]
INFO: [ view_filter ] --END-- [ RunTime:0.000266s ]
INFO: [ app_end ] --START--
INFO: Run Behavior\ShowPageTraceBehavior [ RunTime:0.000470s ]
INFO: [ app_end ] --END-- [ RunTime:0.000528s ]

