[ 2017-11-07T15:01:59+08:00 ] 220.115.183.133 /back/index.php
INFO: [ app_init ] --START--
INFO: Run Behavior\BuildLiteBehavior [ RunTime:0.000013s ]
INFO: [ app_init ] --END-- [ RunTime:0.000439s ]
NOTIC: [8] Use of undefined constant ‘3306’ - assumed '‘3306’' /opt/lampp/htdocs/back/Application/Admin/Conf/db.php 第 16 行.
INFO: [ app_begin ] --START--
INFO: Run Behavior\ReadHtmlCacheBehavior [ RunTime:0.000465s ]
INFO: [ app_begin ] --END-- [ RunTime:0.000502s ]
NOTIC: [8] Undefined variable: module /opt/lampp/htdocs/back/ThinkPHP/Common/functions.php 第 990 行.
NOTIC: [8] Undefined variable: var /opt/lampp/htdocs/back/ThinkPHP/Common/functions.php 第 990 行.
NOTIC: [2] array_reverse() expects parameter 1 to be array, null given /opt/lampp/htdocs/back/ThinkPHP/Common/functions.php 第 990 行.
NOTIC: [2] http_build_query(): Parameter 1 expected to be Array or Object.  Incorrect value given /opt/lampp/htdocs/back/ThinkPHP/Common/functions.php 第 990 行.

[ 2017-11-07T15:01:59+08:00 ] 220.115.183.133 /back/index.php?m=&&c=login
INFO: [ app_init ] --START--
INFO: Run Behavior\BuildLiteBehavior [ RunTime:0.000014s ]
INFO: [ app_init ] --END-- [ RunTime:0.000279s ]
NOTIC: [8] Use of undefined constant ‘3306’ - assumed '‘3306’' /opt/lampp/htdocs/back/Application/Admin/Conf/db.php 第 16 行.
INFO: [ app_begin ] --START--
INFO: Run Behavior\ReadHtmlCacheBehavior [ RunTime:0.000378s ]
INFO: [ app_begin ] --END-- [ RunTime:0.000418s ]
INFO: [ view_parse ] --START--
INFO: [ template_filter ] --START--
INFO: Run Behavior\ContentReplaceBehavior [ RunTime:0.000030s ]
INFO: [ template_filter ] --END-- [ RunTime:0.000074s ]
INFO: Run Behavior\ParseTemplateBehavior [ RunTime:0.004203s ]
INFO: [ view_parse ] --END-- [ RunTime:0.004239s ]
INFO: [ view_filter ] --START--
INFO: Run Behavior\WriteHtmlCacheBehavior [ RunTime:0.000160s ]
INFO: [ view_filter ] --END-- [ RunTime:0.000187s ]
INFO: [ app_end ] --START--
INFO: Run Behavior\ShowPageTraceBehavior [ RunTime:0.000469s ]
INFO: [ app_end ] --END-- [ RunTime:0.000510s ]

[ 2017-11-07T15:02:05+08:00 ] 220.115.183.133 /back/index.php?m=admin&c=Login&a=check
INFO: [ app_init ] --START--
INFO: Run Behavior\BuildLiteBehavior [ RunTime:0.000019s ]
INFO: [ app_init ] --END-- [ RunTime:0.000457s ]
NOTIC: [8] Use of undefined constant ‘3306’ - assumed '‘3306’' /opt/lampp/htdocs/back/Application/Admin/Conf/db.php 第 16 行.
INFO: [ app_begin ] --START--
INFO: Run Behavior\ReadHtmlCacheBehavior [ RunTime:0.000494s ]
INFO: [ app_begin ] --END-- [ RunTime:0.000542s ]
SQL: SHOW COLUMNS FROM `teacher` [ RunTime:0.0010s ]
SQL: SELECT * FROM `teacher` WHERE ( tea_name="admin" ) LIMIT 1   [ RunTime:0.0006s ]

[ 2017-11-07T15:02:07+08:00 ] 220.115.183.133 /back/index.php?m=admin&c=index
INFO: [ app_init ] --START--
INFO: Run Behavior\BuildLiteBehavior [ RunTime:0.000014s ]
INFO: [ app_init ] --END-- [ RunTime:0.000268s ]
NOTIC: [8] Use of undefined constant ‘3306’ - assumed '‘3306’' /opt/lampp/htdocs/back/Application/Admin/Conf/db.php 第 16 行.
INFO: [ app_begin ] --START--
INFO: Run Behavior\ReadHtmlCacheBehavior [ RunTime:0.000365s ]
INFO: [ app_begin ] --END-- [ RunTime:0.000408s ]
SQL: SHOW COLUMNS FROM `teacher` [ RunTime:0.0010s ]
SQL: SELECT COUNT(*) AS tp_count FROM `teacher` WHERE `root` <> 1 AND `tea_type` = -1 LIMIT 1   [ RunTime:0.0007s ]
SQL: SHOW COLUMNS FROM `class_info` [ RunTime:0.0011s ]
SQL: SELECT COUNT(*) AS tp_count FROM `class_info` WHERE `status` <> -1 LIMIT 1   [ RunTime:0.0005s ]
SQL: SHOW COLUMNS FROM `comment` [ RunTime:0.0010s ]
SQL: SELECT COUNT(*) AS tp_count FROM `comment` WHERE `status` = 1 LIMIT 1   [ RunTime:0.0006s ]
SQL: SHOW COLUMNS FROM `stu_basic_info` [ RunTime:0.0009s ]
SQL: SELECT COUNT(*) AS tp_count FROM `stu_basic_info` WHERE `status` <> -1 LIMIT 1   [ RunTime:0.0006s ]
INFO: [ view_parse ] --START--
INFO: [ template_filter ] --START--
INFO: Run Behavior\ContentReplaceBehavior [ RunTime:0.000060s ]
INFO: [ template_filter ] --END-- [ RunTime:0.000145s ]
SQL: SHOW COLUMNS FROM `menu` [ RunTime:0.0011s ]
SQL: SELECT * FROM `menu` WHERE `status` <> -1 ORDER BY listorder desc , menu_id desc  [ RunTime:0.0007s ]
NOTIC: [8] Undefined index: a /opt/lampp/htdocs/back/Application/Runtime/Cache/Admin/b595b808c2ebeeeb0478ffc30bb4e87a.php 第 68 行.
NOTIC: [8] Undefined index: a /opt/lampp/htdocs/back/Application/Runtime/Cache/Admin/b595b808c2ebeeeb0478ffc30bb4e87a.php 第 68 行.
NOTIC: [8] Undefined index: a /opt/lampp/htdocs/back/Application/Runtime/Cache/Admin/b595b808c2ebeeeb0478ffc30bb4e87a.php 第 68 行.
NOTIC: [8] Undefined index: a /opt/lampp/htdocs/back/Application/Runtime/Cache/Admin/b595b808c2ebeeeb0478ffc30bb4e87a.php 第 68 行.
NOTIC: [8] Undefined index: a /opt/lampp/htdocs/back/Application/Runtime/Cache/Admin/b595b808c2ebeeeb0478ffc30bb4e87a.php 第 68 行.
NOTIC: [8] Undefined index: a /opt/lampp/htdocs/back/Application/Runtime/Cache/Admin/b595b808c2ebeeeb0478ffc30bb4e87a.php 第 68 行.
NOTIC: [8] Undefined index: a /opt/lampp/htdocs/back/Application/Runtime/Cache/Admin/b595b808c2ebeeeb0478ffc30bb4e87a.php 第 68 行.
NOTIC: [8] Undefined index: a /opt/lampp/htdocs/back/Application/Runtime/Cache/Admin/b595b808c2ebeeeb0478ffc30bb4e87a.php 第 68 行.
NOTIC: [8] Undefined index: a /opt/lampp/htdocs/back/Application/Runtime/Cache/Admin/b595b808c2ebeeeb0478ffc30bb4e87a.php 第 68 行.
INFO: Run Behavior\ParseTemplateBehavior [ RunTime:0.548063s ]
INFO: [ view_parse ] --END-- [ RunTime:0.548122s ]
INFO: [ view_filter ] --START--
INFO: Run Behavior\WriteHtmlCacheBehavior [ RunTime:0.000272s ]
INFO: [ view_filter ] --END-- [ RunTime:0.000313s ]
INFO: [ app_end ] --START--
INFO: Run Behavior\ShowPageTraceBehavior [ RunTime:0.000543s ]
INFO: [ app_end ] --END-- [ RunTime:0.000599s ]

[ 2017-11-07T15:02:18+08:00 ] 220.115.183.133 /back/admin.php?c=admin&a=
INFO: [ app_init ] --START--
INFO: Run Behavior\BuildLiteBehavior [ RunTime:0.000036s ]
INFO: [ app_init ] --END-- [ RunTime:0.000509s ]
NOTIC: [8] Use of undefined constant ‘3306’ - assumed '‘3306’' /opt/lampp/htdocs/back/Application/Admin/Conf/db.php 第 16 行.
INFO: [ app_begin ] --START--
INFO: Run Behavior\ReadHtmlCacheBehavior [ RunTime:0.000555s ]
INFO: [ app_begin ] --END-- [ RunTime:0.000625s ]
NOTIC: [8] Undefined index: p /opt/lampp/htdocs/back/Application/Admin/Controller/AdminController.class.php 第 17 行.
NOTIC: [8] Undefined index: pageSize /opt/lampp/htdocs/back/Application/Admin/Controller/AdminController.class.php 第 18 行.
SQL: SHOW COLUMNS FROM `teacher` [ RunTime:0.0009s ]
SQL: SELECT * FROM `teacher` WHERE `root` <> 1 AND `status` <> -1 ORDER BY listorder desc , tea_id desc LIMIT 0,8   [ RunTime:0.0007s ]
SQL: SELECT COUNT(*) AS tp_count FROM `teacher` WHERE `root` <> 1 AND `status` <> -1 LIMIT 1   [ RunTime:0.0004s ]
INFO: [ view_parse ] --START--
INFO: [ template_filter ] --START--
INFO: Run Behavior\ContentReplaceBehavior [ RunTime:0.000053s ]
INFO: [ template_filter ] --END-- [ RunTime:0.000104s ]
SQL: SHOW COLUMNS FROM `menu` [ RunTime:0.0008s ]
SQL: SELECT * FROM `menu` WHERE `status` <> -1 ORDER BY listorder desc , menu_id desc  [ RunTime:0.0006s ]
NOTIC: [8] Undefined index: a /opt/lampp/htdocs/back/Application/Runtime/Cache/Admin/b682812e058c4f7cab74d08ab9eabe11.php 第 68 行.
NOTIC: [8] Undefined index: a /opt/lampp/htdocs/back/Application/Runtime/Cache/Admin/b682812e058c4f7cab74d08ab9eabe11.php 第 68 行.
NOTIC: [8] Undefined index: a /opt/lampp/htdocs/back/Application/Runtime/Cache/Admin/b682812e058c4f7cab74d08ab9eabe11.php 第 68 行.
NOTIC: [8] Undefined index: a /opt/lampp/htdocs/back/Application/Runtime/Cache/Admin/b682812e058c4f7cab74d08ab9eabe11.php 第 68 行.
NOTIC: [8] Undefined index: a /opt/lampp/htdocs/back/Application/Runtime/Cache/Admin/b682812e058c4f7cab74d08ab9eabe11.php 第 68 行.
NOTIC: [8] Undefined index: a /opt/lampp/htdocs/back/Application/Runtime/Cache/Admin/b682812e058c4f7cab74d08ab9eabe11.php 第 68 行.
NOTIC: [8] Undefined index: a /opt/lampp/htdocs/back/Application/Runtime/Cache/Admin/b682812e058c4f7cab74d08ab9eabe11.php 第 68 行.
NOTIC: [8] Undefined index: a /opt/lampp/htdocs/back/Application/Runtime/Cache/Admin/b682812e058c4f7cab74d08ab9eabe11.php 第 68 行.
NOTIC: [8] Undefined index: a /opt/lampp/htdocs/back/Application/Runtime/Cache/Admin/b682812e058c4f7cab74d08ab9eabe11.php 第 68 行.
INFO: Run Behavior\ParseTemplateBehavior [ RunTime:0.063732s ]
INFO: [ view_parse ] --END-- [ RunTime:0.063791s ]
INFO: [ view_filter ] --START--
INFO: Run Behavior\WriteHtmlCacheBehavior [ RunTime:0.000170s ]
INFO: [ view_filter ] --END-- [ RunTime:0.000198s ]
INFO: [ app_end ] --START--
INFO: Run Behavior\ShowPageTraceBehavior [ RunTime:0.000399s ]
INFO: [ app_end ] --END-- [ RunTime:0.000436s ]

[ 2017-11-07T15:06:34+08:00 ] 120.204.17.73 /back/index.php
INFO: [ app_init ] --START--
INFO: Run Behavior\BuildLiteBehavior [ RunTime:0.000015s ]
INFO: [ app_init ] --END-- [ RunTime:0.000303s ]
NOTIC: [8] Use of undefined constant ‘3306’ - assumed '‘3306’' /opt/lampp/htdocs/back/Application/Admin/Conf/db.php 第 16 行.
INFO: [ app_begin ] --START--
INFO: Run Behavior\ReadHtmlCacheBehavior [ RunTime:0.000401s ]
INFO: [ app_begin ] --END-- [ RunTime:0.000446s ]
NOTIC: [8] Undefined variable: module /opt/lampp/htdocs/back/ThinkPHP/Common/functions.php 第 990 行.
NOTIC: [8] Undefined variable: var /opt/lampp/htdocs/back/ThinkPHP/Common/functions.php 第 990 行.
NOTIC: [2] array_reverse() expects parameter 1 to be array, null given /opt/lampp/htdocs/back/ThinkPHP/Common/functions.php 第 990 行.
NOTIC: [2] http_build_query(): Parameter 1 expected to be Array or Object.  Incorrect value given /opt/lampp/htdocs/back/ThinkPHP/Common/functions.php 第 990 行.

[ 2017-11-07T15:06:38+08:00 ] 120.204.17.73 /back/index.php?m=&&c=login
INFO: [ app_init ] --START--
INFO: Run Behavior\BuildLiteBehavior [ RunTime:0.000013s ]
INFO: [ app_init ] --END-- [ RunTime:0.000270s ]
NOTIC: [8] Use of undefined constant ‘3306’ - assumed '‘3306’' /opt/lampp/htdocs/back/Application/Admin/Conf/db.php 第 16 行.
INFO: [ app_begin ] --START--
INFO: Run Behavior\ReadHtmlCacheBehavior [ RunTime:0.000467s ]
INFO: [ app_begin ] --END-- [ RunTime:0.000512s ]
INFO: [ view_parse ] --START--
INFO: [ template_filter ] --START--
INFO: Run Behavior\ContentReplaceBehavior [ RunTime:0.000044s ]
INFO: [ template_filter ] --END-- [ RunTime:0.000096s ]
INFO: Run Behavior\ParseTemplateBehavior [ RunTime:0.004817s ]
INFO: [ view_parse ] --END-- [ RunTime:0.004862s ]
INFO: [ view_filter ] --START--
INFO: Run Behavior\WriteHtmlCacheBehavior [ RunTime:0.000135s ]
INFO: [ view_filter ] --END-- [ RunTime:0.000160s ]
INFO: [ app_end ] --START--
INFO: Run Behavior\ShowPageTraceBehavior [ RunTime:0.000376s ]
INFO: [ app_end ] --END-- [ RunTime:0.000421s ]

[ 2017-11-07T15:13:58+08:00 ] 183.3.227.100 /back/index.php?nsukey=ZaLu9Wc11rv2BVxf6Nh7uuZM1L0k6xxmWsliAEQr577QuZqIpKlVToF86NZ9O8snhUdYYO%2FrpLZrcVPTJRG5iQJIwbO1ZburykhMaefyv%2BqmAx1LNhwX1dxhmXMji%2FWJ1mV7DSSmoND6lp2XdIsyB9UTzh%2B8l8oPoVWrsHXnltMb%2Fh06KXCWuuyj8F628G9MwwYyFZ2LIpLopX8Rq6obBg%3D%3D
INFO: [ app_init ] --START--
INFO: Run Behavior\BuildLiteBehavior [ RunTime:0.000014s ]
INFO: [ app_init ] --END-- [ RunTime:0.000279s ]
NOTIC: [8] Use of undefined constant ‘3306’ - assumed '‘3306’' /opt/lampp/htdocs/back/Application/Admin/Conf/db.php 第 16 行.
INFO: [ app_begin ] --START--
INFO: Run Behavior\ReadHtmlCacheBehavior [ RunTime:0.000361s ]
INFO: [ app_begin ] --END-- [ RunTime:0.000398s ]
NOTIC: [8] Undefined variable: module /opt/lampp/htdocs/back/ThinkPHP/Common/functions.php 第 990 行.
NOTIC: [8] Undefined variable: var /opt/lampp/htdocs/back/ThinkPHP/Common/functions.php 第 990 行.
NOTIC: [2] array_reverse() expects parameter 1 to be array, null given /opt/lampp/htdocs/back/ThinkPHP/Common/functions.php 第 990 行.
NOTIC: [2] http_build_query(): Parameter 1 expected to be Array or Object.  Incorrect value given /opt/lampp/htdocs/back/ThinkPHP/Common/functions.php 第 990 行.

[ 2017-11-07T15:13:58+08:00 ] 183.3.227.100 /back/index.php?m=&&c=login
INFO: [ app_init ] --START--
INFO: Run Behavior\BuildLiteBehavior [ RunTime:0.000015s ]
INFO: [ app_init ] --END-- [ RunTime:0.000479s ]
NOTIC: [8] Use of undefined constant ‘3306’ - assumed '‘3306’' /opt/lampp/htdocs/back/Application/Admin/Conf/db.php 第 16 行.
INFO: [ app_begin ] --START--
INFO: Run Behavior\ReadHtmlCacheBehavior [ RunTime:0.000400s ]
INFO: [ app_begin ] --END-- [ RunTime:0.000458s ]
INFO: [ view_parse ] --START--
INFO: [ template_filter ] --START--
INFO: Run Behavior\ContentReplaceBehavior [ RunTime:0.000033s ]
INFO: [ template_filter ] --END-- [ RunTime:0.000081s ]
INFO: Run Behavior\ParseTemplateBehavior [ RunTime:0.003954s ]
INFO: [ view_parse ] --END-- [ RunTime:0.003990s ]
INFO: [ view_filter ] --START--
INFO: Run Behavior\WriteHtmlCacheBehavior [ RunTime:0.000179s ]
INFO: [ view_filter ] --END-- [ RunTime:0.000207s ]
INFO: [ app_end ] --START--
INFO: Run Behavior\ShowPageTraceBehavior [ RunTime:0.000406s ]
INFO: [ app_end ] --END-- [ RunTime:0.000442s ]

[ 2017-11-07T15:13:58+08:00 ] 183.3.255.28 /back/index.php?nsukey=ZaLu9Wc11rv2BVxf6Nh7uuZM1L0k6xxmWsliAEQr577QuZqIpKlVToF86NZ9O8snhUdYYO%2FrpLZrcVPTJRG5iQJIwbO1ZburykhMaefyv%2BqmAx1LNhwX1dxhmXMji%2FWJ1mV7DSSmoND6lp2XdIsyB9UTzh%2B8l8oPoVWrsHXnltMb%2Fh06KXCWuuyj8F628G9MwwYyFZ2LIpLopX8Rq6obBg%3D%3D
INFO: [ app_init ] --START--
INFO: Run Behavior\BuildLiteBehavior [ RunTime:0.000016s ]
INFO: [ app_init ] --END-- [ RunTime:0.000308s ]
NOTIC: [8] Use of undefined constant ‘3306’ - assumed '‘3306’' /opt/lampp/htdocs/back/Application/Admin/Conf/db.php 第 16 行.
INFO: [ app_begin ] --START--
INFO: Run Behavior\ReadHtmlCacheBehavior [ RunTime:0.000441s ]
INFO: [ app_begin ] --END-- [ RunTime:0.000491s ]
NOTIC: [8] Undefined variable: module /opt/lampp/htdocs/back/ThinkPHP/Common/functions.php 第 990 行.
NOTIC: [8] Undefined variable: var /opt/lampp/htdocs/back/ThinkPHP/Common/functions.php 第 990 行.
NOTIC: [2] array_reverse() expects parameter 1 to be array, null given /opt/lampp/htdocs/back/ThinkPHP/Common/functions.php 第 990 行.
NOTIC: [2] http_build_query(): Parameter 1 expected to be Array or Object.  Incorrect value given /opt/lampp/htdocs/back/ThinkPHP/Common/functions.php 第 990 行.

[ 2017-11-07T15:13:58+08:00 ] 183.3.227.100 /back/index.php?m=&&c=login
INFO: [ app_init ] --START--
INFO: Run Behavior\BuildLiteBehavior [ RunTime:0.000065s ]
INFO: [ app_init ] --END-- [ RunTime:0.000424s ]
NOTIC: [8] Use of undefined constant ‘3306’ - assumed '‘3306’' /opt/lampp/htdocs/back/Application/Admin/Conf/db.php 第 16 行.
INFO: [ app_begin ] --START--
INFO: Run Behavior\ReadHtmlCacheBehavior [ RunTime:0.000475s ]
INFO: [ app_begin ] --END-- [ RunTime:0.000529s ]
INFO: [ view_parse ] --START--
INFO: [ template_filter ] --START--
INFO: Run Behavior\ContentReplaceBehavior [ RunTime:0.000062s ]
INFO: [ template_filter ] --END-- [ RunTime:0.000148s ]
INFO: Run Behavior\ParseTemplateBehavior [ RunTime:0.006550s ]
INFO: [ view_parse ] --END-- [ RunTime:0.006690s ]
INFO: [ view_filter ] --START--
INFO: Run Behavior\WriteHtmlCacheBehavior [ RunTime:0.000232s ]
INFO: [ view_filter ] --END-- [ RunTime:0.000276s ]
INFO: [ app_end ] --START--
INFO: Run Behavior\ShowPageTraceBehavior [ RunTime:0.000606s ]
INFO: [ app_end ] --END-- [ RunTime:0.000669s ]

[ 2017-11-07T15:14:02+08:00 ] 113.76.161.246 /back/index.php?nsukey=ZaLu9Wc11rv2BVxf6Nh7uuZM1L0k6xxmWsliAEQr577QuZqIpKlVToF86NZ9O8snhUdYYO%2FrpLZrcVPTJRG5iQJIwbO1ZburykhMaefyv%2BqmAx1LNhwX1dxhmXMji%2FWJ1mV7DSSmoND6lp2XdIsyB9UTzh%2B8l8oPoVWrsHXnltMb%2Fh06KXCWuuyj8F628G9MwwYyFZ2LIpLopX8Rq6obBg%3D%3D
INFO: [ app_init ] --START--
INFO: Run Behavior\BuildLiteBehavior [ RunTime:0.000014s ]
INFO: [ app_init ] --END-- [ RunTime:0.000322s ]
NOTIC: [8] Use of undefined constant ‘3306’ - assumed '‘3306’' /opt/lampp/htdocs/back/Application/Admin/Conf/db.php 第 16 行.
INFO: [ app_begin ] --START--
INFO: Run Behavior\ReadHtmlCacheBehavior [ RunTime:0.000512s ]
INFO: [ app_begin ] --END-- [ RunTime:0.000567s ]
NOTIC: [8] Undefined variable: module /opt/lampp/htdocs/back/ThinkPHP/Common/functions.php 第 990 行.
NOTIC: [8] Undefined variable: var /opt/lampp/htdocs/back/ThinkPHP/Common/functions.php 第 990 行.
NOTIC: [2] array_reverse() expects parameter 1 to be array, null given /opt/lampp/htdocs/back/ThinkPHP/Common/functions.php 第 990 行.
NOTIC: [2] http_build_query(): Parameter 1 expected to be Array or Object.  Incorrect value given /opt/lampp/htdocs/back/ThinkPHP/Common/functions.php 第 990 行.

[ 2017-11-07T15:14:02+08:00 ] 113.76.161.246 /back/index.php?m=&&c=login
INFO: [ app_init ] --START--
INFO: Run Behavior\BuildLiteBehavior [ RunTime:0.000021s ]
INFO: [ app_init ] --END-- [ RunTime:0.000607s ]
NOTIC: [8] Use of undefined constant ‘3306’ - assumed '‘3306’' /opt/lampp/htdocs/back/Application/Admin/Conf/db.php 第 16 行.
INFO: [ app_begin ] --START--
INFO: Run Behavior\ReadHtmlCacheBehavior [ RunTime:0.001174s ]
INFO: [ app_begin ] --END-- [ RunTime:0.001238s ]
INFO: [ view_parse ] --START--
INFO: [ template_filter ] --START--
INFO: Run Behavior\ContentReplaceBehavior [ RunTime:0.000047s ]
INFO: [ template_filter ] --END-- [ RunTime:0.000113s ]
INFO: Run Behavior\ParseTemplateBehavior [ RunTime:0.010758s ]
INFO: [ view_parse ] --END-- [ RunTime:0.010988s ]
INFO: [ view_filter ] --START--
INFO: Run Behavior\WriteHtmlCacheBehavior [ RunTime:0.000224s ]
INFO: [ view_filter ] --END-- [ RunTime:0.000267s ]
INFO: [ app_end ] --START--
INFO: Run Behavior\ShowPageTraceBehavior [ RunTime:0.000822s ]
INFO: [ app_end ] --END-- [ RunTime:0.000875s ]

[ 2017-11-07T15:14:03+08:00 ] 14.116.137.168 /back/index.php?m=&c=login&nsukey=mXRCcaF4WKMrzvucXLeZqhmjEeTRRdXKmYF2%2BL1hncH%2FxBStOeUmxWj2DamUQfVA1UA6u36%2BEf4z1fnaVK4AiTuJjkCYUPb%2Fi8ANyYOMa9YTrgVJJzJejzKNQXZ72yWaQEYiMRHasPXD7vfhDKuTMtUaPh47sZAzcdoXOso2jhWKW0V4wc4GbMACKrP2YiFxSyeq0yuRFMoYJCGKWftiaw%3D%3D
INFO: [ app_init ] --START--
INFO: Run Behavior\BuildLiteBehavior [ RunTime:0.000014s ]
INFO: [ app_init ] --END-- [ RunTime:0.000289s ]
NOTIC: [8] Use of undefined constant ‘3306’ - assumed '‘3306’' /opt/lampp/htdocs/back/Application/Admin/Conf/db.php 第 16 行.
INFO: [ app_begin ] --START--
INFO: Run Behavior\ReadHtmlCacheBehavior [ RunTime:0.000355s ]
INFO: [ app_begin ] --END-- [ RunTime:0.000393s ]
INFO: [ view_parse ] --START--
INFO: [ template_filter ] --START--
INFO: Run Behavior\ContentReplaceBehavior [ RunTime:0.000039s ]
INFO: [ template_filter ] --END-- [ RunTime:0.000096s ]
INFO: Run Behavior\ParseTemplateBehavior [ RunTime:0.005655s ]
INFO: [ view_parse ] --END-- [ RunTime:0.005709s ]
INFO: [ view_filter ] --START--
INFO: Run Behavior\WriteHtmlCacheBehavior [ RunTime:0.000220s ]
INFO: [ view_filter ] --END-- [ RunTime:0.000261s ]
INFO: [ app_end ] --START--
INFO: Run Behavior\ShowPageTraceBehavior [ RunTime:0.000501s ]
INFO: [ app_end ] --END-- [ RunTime:0.000543s ]

[ 2017-11-07T15:14:04+08:00 ] 183.3.255.28 /back/index.php?m=&c=login&nsukey=mXRCcaF4WKMrzvucXLeZqhmjEeTRRdXKmYF2%2BL1hncH%2FxBStOeUmxWj2DamUQfVA1UA6u36%2BEf4z1fnaVK4AiTuJjkCYUPb%2Fi8ANyYOMa9YTrgVJJzJejzKNQXZ72yWaQEYiMRHasPXD7vfhDKuTMtUaPh47sZAzcdoXOso2jhWKW0V4wc4GbMACKrP2YiFxSyeq0yuRFMoYJCGKWftiaw%3D%3D
INFO: [ app_init ] --START--
INFO: Run Behavior\BuildLiteBehavior [ RunTime:0.000020s ]
INFO: [ app_init ] --END-- [ RunTime:0.000426s ]
NOTIC: [8] Use of undefined constant ‘3306’ - assumed '‘3306’' /opt/lampp/htdocs/back/Application/Admin/Conf/db.php 第 16 行.
INFO: [ app_begin ] --START--
INFO: Run Behavior\ReadHtmlCacheBehavior [ RunTime:0.000553s ]
INFO: [ app_begin ] --END-- [ RunTime:0.000610s ]
INFO: [ view_parse ] --START--
INFO: [ template_filter ] --START--
INFO: Run Behavior\ContentReplaceBehavior [ RunTime:0.000065s ]
INFO: [ template_filter ] --END-- [ RunTime:0.000149s ]
INFO: Run Behavior\ParseTemplateBehavior [ RunTime:0.028548s ]
INFO: [ view_parse ] --END-- [ RunTime:0.028603s ]
INFO: [ view_filter ] --START--
INFO: Run Behavior\WriteHtmlCacheBehavior [ RunTime:0.000225s ]
INFO: [ view_filter ] --END-- [ RunTime:0.000266s ]
INFO: [ app_end ] --START--
INFO: Run Behavior\ShowPageTraceBehavior [ RunTime:0.000601s ]
INFO: [ app_end ] --END-- [ RunTime:0.000650s ]

[ 2017-11-07T15:14:05+08:00 ] 183.3.227.102 /back/index.php?m=&c=login&nsukey=mXRCcaF4WKMrzvucXLeZqhmjEeTRRdXKmYF2%2BL1hncH%2FxBStOeUmxWj2DamUQfVA1UA6u36%2BEf4z1fnaVK4AiTuJjkCYUPb%2Fi8ANyYOMa9YTrgVJJzJejzKNQXZ72yWaQEYiMRHasPXD7vfhDKuTMtUaPh47sZAzcdoXOso2jhWKW0V4wc4GbMACKrP2YiFxSyeq0yuRFMoYJCGKWftiaw%3D%3D
INFO: [ app_init ] --START--
INFO: Run Behavior\BuildLiteBehavior [ RunTime:0.000024s ]
INFO: [ app_init ] --END-- [ RunTime:0.000394s ]
NOTIC: [8] Use of undefined constant ‘3306’ - assumed '‘3306’' /opt/lampp/htdocs/back/Application/Admin/Conf/db.php 第 16 行.
INFO: [ app_begin ] --START--
INFO: Run Behavior\ReadHtmlCacheBehavior [ RunTime:0.000591s ]
INFO: [ app_begin ] --END-- [ RunTime:0.000650s ]
INFO: [ view_parse ] --START--
INFO: [ template_filter ] --START--
INFO: Run Behavior\ContentReplaceBehavior [ RunTime:0.000041s ]
INFO: [ template_filter ] --END-- [ RunTime:0.000100s ]
INFO: Run Behavior\ParseTemplateBehavior [ RunTime:0.004853s ]
INFO: [ view_parse ] --END-- [ RunTime:0.004898s ]
INFO: [ view_filter ] --START--
INFO: Run Behavior\WriteHtmlCacheBehavior [ RunTime:0.000165s ]
INFO: [ view_filter ] --END-- [ RunTime:0.000344s ]
INFO: [ app_end ] --START--
INFO: Run Behavior\ShowPageTraceBehavior [ RunTime:0.000418s ]
INFO: [ app_end ] --END-- [ RunTime:0.000464s ]

[ 2017-11-07T15:14:06+08:00 ] 14.116.137.170 /back/index.php?m=&c=login&nsukey=mXRCcaF4WKMrzvucXLeZqhmjEeTRRdXKmYF2%2BL1hncH%2FxBStOeUmxWj2DamUQfVA1UA6u36%2BEf4z1fnaVK4AiTuJjkCYUPb%2Fi8ANyYOMa9YTrgVJJzJejzKNQXZ72yWaQEYiMRHasPXD7vfhDKuTMtUaPh47sZAzcdoXOso2jhWKW0V4wc4GbMACKrP2YiFxSyeq0yuRFMoYJCGKWftiaw%3D%3D
INFO: [ app_init ] --START--
INFO: Run Behavior\BuildLiteBehavior [ RunTime:0.000046s ]
INFO: [ app_init ] --END-- [ RunTime:0.001296s ]
NOTIC: [8] Use of undefined constant ‘3306’ - assumed '‘3306’' /opt/lampp/htdocs/back/Application/Admin/Conf/db.php 第 16 行.
INFO: [ app_begin ] --START--
INFO: Run Behavior\ReadHtmlCacheBehavior [ RunTime:0.000376s ]
INFO: [ app_begin ] --END-- [ RunTime:0.000413s ]
INFO: [ view_parse ] --START--
INFO: [ template_filter ] --START--
INFO: Run Behavior\ContentReplaceBehavior [ RunTime:0.000035s ]
INFO: [ template_filter ] --END-- [ RunTime:0.000087s ]
INFO: Run Behavior\ParseTemplateBehavior [ RunTime:0.004533s ]
INFO: [ view_parse ] --END-- [ RunTime:0.004569s ]
INFO: [ view_filter ] --START--
INFO: Run Behavior\WriteHtmlCacheBehavior [ RunTime:0.000183s ]
INFO: [ view_filter ] --END-- [ RunTime:0.000214s ]
INFO: [ app_end ] --START--
INFO: Run Behavior\ShowPageTraceBehavior [ RunTime:0.000367s ]
INFO: [ app_end ] --END-- [ RunTime:0.000415s ]

[ 2017-11-07T15:14:06+08:00 ] 113.76.161.246 /back/index.php?m=&c=login&nsukey=mXRCcaF4WKMrzvucXLeZqhmjEeTRRdXKmYF2%2BL1hncH%2FxBStOeUmxWj2DamUQfVA1UA6u36%2BEf4z1fnaVK4AiTuJjkCYUPb%2Fi8ANyYOMa9YTrgVJJzJejzKNQXZ72yWaQEYiMRHasPXD7vfhDKuTMtUaPh47sZAzcdoXOso2jhWKW0V4wc4GbMACKrP2YiFxSyeq0yuRFMoYJCGKWftiaw%3D%3D
INFO: [ app_init ] --START--
INFO: Run Behavior\BuildLiteBehavior [ RunTime:0.000019s ]
INFO: [ app_init ] --END-- [ RunTime:0.000300s ]
NOTIC: [8] Use of undefined constant ‘3306’ - assumed '‘3306’' /opt/lampp/htdocs/back/Application/Admin/Conf/db.php 第 16 行.
INFO: [ app_begin ] --START--
INFO: Run Behavior\ReadHtmlCacheBehavior [ RunTime:0.000427s ]
INFO: [ app_begin ] --END-- [ RunTime:0.000462s ]
INFO: [ view_parse ] --START--
INFO: [ template_filter ] --START--
INFO: Run Behavior\ContentReplaceBehavior [ RunTime:0.000032s ]
INFO: [ template_filter ] --END-- [ RunTime:0.000084s ]
INFO: Run Behavior\ParseTemplateBehavior [ RunTime:0.003917s ]
INFO: [ view_parse ] --END-- [ RunTime:0.003959s ]
INFO: [ view_filter ] --START--
INFO: Run Behavior\WriteHtmlCacheBehavior [ RunTime:0.000164s ]
INFO: [ view_filter ] --END-- [ RunTime:0.000193s ]
INFO: [ app_end ] --START--
INFO: Run Behavior\ShowPageTraceBehavior [ RunTime:0.000397s ]
INFO: [ app_end ] --END-- [ RunTime:0.000430s ]

[ 2017-11-07T15:14:08+08:00 ] 120.204.17.69 /back/index.php?nsukey=ZaLu9Wc11rv2BVxf6Nh7uuZM1L0k6xxmWsliAEQr577QuZqIpKlVToF86NZ9O8snhUdYYO%2FrpLZrcVPTJRG5iQJIwbO1ZburykhMaefyv%2BqmAx1LNhwX1dxhmXMji%2FWJ1mV7DSSmoND6lp2XdIsyB9UTzh%2B8l8oPoVWrsHXnltMb%2Fh06KXCWuuyj8F628G9MwwYyFZ2LIpLopX8Rq6obBg%3D%3D
INFO: [ app_init ] --START--
INFO: Run Behavior\BuildLiteBehavior [ RunTime:0.000018s ]
INFO: [ app_init ] --END-- [ RunTime:0.000384s ]
NOTIC: [8] Use of undefined constant ‘3306’ - assumed '‘3306’' /opt/lampp/htdocs/back/Application/Admin/Conf/db.php 第 16 行.
INFO: [ app_begin ] --START--
INFO: Run Behavior\ReadHtmlCacheBehavior [ RunTime:0.000537s ]
INFO: [ app_begin ] --END-- [ RunTime:0.000591s ]
NOTIC: [8] Undefined variable: module /opt/lampp/htdocs/back/ThinkPHP/Common/functions.php 第 990 行.
NOTIC: [8] Undefined variable: var /opt/lampp/htdocs/back/ThinkPHP/Common/functions.php 第 990 行.
NOTIC: [2] array_reverse() expects parameter 1 to be array, null given /opt/lampp/htdocs/back/ThinkPHP/Common/functions.php 第 990 行.
NOTIC: [2] http_build_query(): Parameter 1 expected to be Array or Object.  Incorrect value given /opt/lampp/htdocs/back/ThinkPHP/Common/functions.php 第 990 行.

[ 2017-11-07T15:14:08+08:00 ] 120.204.17.69 /back/index.php?m=&&c=login
INFO: [ app_init ] --START--
INFO: Run Behavior\BuildLiteBehavior [ RunTime:0.000014s ]
INFO: [ app_init ] --END-- [ RunTime:0.000296s ]
NOTIC: [8] Use of undefined constant ‘3306’ - assumed '‘3306’' /opt/lampp/htdocs/back/Application/Admin/Conf/db.php 第 16 行.
INFO: [ app_begin ] --START--
INFO: Run Behavior\ReadHtmlCacheBehavior [ RunTime:0.000370s ]
INFO: [ app_begin ] --END-- [ RunTime:0.000412s ]
INFO: [ view_parse ] --START--
INFO: [ template_filter ] --START--
INFO: Run Behavior\ContentReplaceBehavior [ RunTime:0.000033s ]
INFO: [ template_filter ] --END-- [ RunTime:0.000085s ]
INFO: Run Behavior\ParseTemplateBehavior [ RunTime:0.004206s ]
INFO: [ view_parse ] --END-- [ RunTime:0.004317s ]
INFO: [ view_filter ] --START--
INFO: Run Behavior\WriteHtmlCacheBehavior [ RunTime:0.000171s ]
INFO: [ view_filter ] --END-- [ RunTime:0.000206s ]
INFO: [ app_end ] --START--
INFO: Run Behavior\ShowPageTraceBehavior [ RunTime:0.000406s ]
INFO: [ app_end ] --END-- [ RunTime:0.000442s ]

[ 2017-11-07T15:14:12+08:00 ] 120.204.17.68 /back/index.php?m=&&c=login
INFO: [ app_init ] --START--
INFO: Run Behavior\BuildLiteBehavior [ RunTime:0.000014s ]
INFO: [ app_init ] --END-- [ RunTime:0.000288s ]
NOTIC: [8] Use of undefined constant ‘3306’ - assumed '‘3306’' /opt/lampp/htdocs/back/Application/Admin/Conf/db.php 第 16 行.
INFO: [ app_begin ] --START--
INFO: Run Behavior\ReadHtmlCacheBehavior [ RunTime:0.000355s ]
INFO: [ app_begin ] --END-- [ RunTime:0.000389s ]
INFO: [ view_parse ] --START--
INFO: [ template_filter ] --START--
INFO: Run Behavior\ContentReplaceBehavior [ RunTime:0.000030s ]
INFO: [ template_filter ] --END-- [ RunTime:0.000074s ]
INFO: Run Behavior\ParseTemplateBehavior [ RunTime:0.004199s ]
INFO: [ view_parse ] --END-- [ RunTime:0.004234s ]
INFO: [ view_filter ] --START--
INFO: Run Behavior\WriteHtmlCacheBehavior [ RunTime:0.000162s ]
INFO: [ view_filter ] --END-- [ RunTime:0.000189s ]
INFO: [ app_end ] --START--
INFO: Run Behavior\ShowPageTraceBehavior [ RunTime:0.000378s ]
INFO: [ app_end ] --END-- [ RunTime:0.000410s ]

[ 2017-11-07T15:14:13+08:00 ] 120.204.17.69 /back/index.php?m=&c=login&nsukey=mXRCcaF4WKMrzvucXLeZqhmjEeTRRdXKmYF2%2BL1hncH%2FxBStOeUmxWj2DamUQfVA1UA6u36%2BEf4z1fnaVK4AiTuJjkCYUPb%2Fi8ANyYOMa9YTrgVJJzJejzKNQXZ72yWaQEYiMRHasPXD7vfhDKuTMtUaPh47sZAzcdoXOso2jhWKW0V4wc4GbMACKrP2YiFxSyeq0yuRFMoYJCGKWftiaw%3D%3D
INFO: [ app_init ] --START--
INFO: Run Behavior\BuildLiteBehavior [ RunTime:0.000020s ]
INFO: [ app_init ] --END-- [ RunTime:0.000426s ]
NOTIC: [8] Use of undefined constant ‘3306’ - assumed '‘3306’' /opt/lampp/htdocs/back/Application/Admin/Conf/db.php 第 16 行.
INFO: [ app_begin ] --START--
INFO: Run Behavior\ReadHtmlCacheBehavior [ RunTime:0.000583s ]
INFO: [ app_begin ] --END-- [ RunTime:0.000640s ]
INFO: [ view_parse ] --START--
INFO: [ template_filter ] --START--
INFO: Run Behavior\ContentReplaceBehavior [ RunTime:0.000034s ]
INFO: [ template_filter ] --END-- [ RunTime:0.000088s ]
INFO: Run Behavior\ParseTemplateBehavior [ RunTime:0.005621s ]
INFO: [ view_parse ] --END-- [ RunTime:0.005676s ]
INFO: [ view_filter ] --START--
INFO: Run Behavior\WriteHtmlCacheBehavior [ RunTime:0.000157s ]
INFO: [ view_filter ] --END-- [ RunTime:0.000192s ]
INFO: [ app_end ] --START--
INFO: Run Behavior\ShowPageTraceBehavior [ RunTime:0.000411s ]
INFO: [ app_end ] --END-- [ RunTime:0.000450s ]

[ 2017-11-07T15:19:52+08:00 ] 120.204.17.72 /back/index.php?nsukey=ZaLu9Wc11rv2BVxf6Nh7uuZM1L0k6xxmWsliAEQr577QuZqIpKlVToF86NZ9O8snhUdYYO%2FrpLZrcVPTJRG5iQJIwbO1ZburykhMaefyv%2BqmAx1LNhwX1dxhmXMji%2FWJ1mV7DSSmoND6lp2XdIsyB9UTzh%2B8l8oPoVWrsHXnltMb%2Fh06KXCWuuyj8F628G9MwwYyFZ2LIpLopX8Rq6obBg%3D%3D
INFO: [ app_init ] --START--
INFO: Run Behavior\BuildLiteBehavior [ RunTime:0.000020s ]
INFO: [ app_init ] --END-- [ RunTime:0.000431s ]
NOTIC: [8] Use of undefined constant ‘3306’ - assumed '‘3306’' /opt/lampp/htdocs/back/Application/Admin/Conf/db.php 第 16 行.
INFO: [ app_begin ] --START--
INFO: Run Behavior\ReadHtmlCacheBehavior [ RunTime:0.000647s ]
INFO: [ app_begin ] --END-- [ RunTime:0.000704s ]
NOTIC: [8] Undefined variable: module /opt/lampp/htdocs/back/ThinkPHP/Common/functions.php 第 990 行.
NOTIC: [8] Undefined variable: var /opt/lampp/htdocs/back/ThinkPHP/Common/functions.php 第 990 行.
NOTIC: [2] array_reverse() expects parameter 1 to be array, null given /opt/lampp/htdocs/back/ThinkPHP/Common/functions.php 第 990 行.
NOTIC: [2] http_build_query(): Parameter 1 expected to be Array or Object.  Incorrect value given /opt/lampp/htdocs/back/ThinkPHP/Common/functions.php 第 990 行.

[ 2017-11-07T15:19:57+08:00 ] 120.204.17.72 /back/index.php?m=&&c=login
INFO: [ app_init ] --START--
INFO: Run Behavior\BuildLiteBehavior [ RunTime:0.000018s ]
INFO: [ app_init ] --END-- [ RunTime:0.000386s ]
NOTIC: [8] Use of undefined constant ‘3306’ - assumed '‘3306’' /opt/lampp/htdocs/back/Application/Admin/Conf/db.php 第 16 行.
INFO: [ app_begin ] --START--
INFO: Run Behavior\ReadHtmlCacheBehavior [ RunTime:0.000506s ]
INFO: [ app_begin ] --END-- [ RunTime:0.000553s ]
INFO: [ view_parse ] --START--
INFO: [ template_filter ] --START--
INFO: Run Behavior\ContentReplaceBehavior [ RunTime:0.000035s ]
INFO: [ template_filter ] --END-- [ RunTime:0.000104s ]
INFO: Run Behavior\ParseTemplateBehavior [ RunTime:0.004852s ]
INFO: [ view_parse ] --END-- [ RunTime:0.004904s ]
INFO: [ view_filter ] --START--
INFO: Run Behavior\WriteHtmlCacheBehavior [ RunTime:0.000168s ]
INFO: [ view_filter ] --END-- [ RunTime:0.000199s ]
INFO: [ app_end ] --START--
INFO: Run Behavior\ShowPageTraceBehavior [ RunTime:0.000419s ]
INFO: [ app_end ] --END-- [ RunTime:0.000461s ]

[ 2017-11-07T17:05:53+08:00 ] 220.115.183.133 /back/admin.php?c=admin&a=
INFO: [ app_init ] --START--
INFO: Run Behavior\BuildLiteBehavior [ RunTime:0.000013s ]
INFO: [ app_init ] --END-- [ RunTime:0.000271s ]
NOTIC: [8] Use of undefined constant ‘3306’ - assumed '‘3306’' /opt/lampp/htdocs/back/Application/Admin/Conf/db.php 第 16 行.
INFO: [ app_begin ] --START--
INFO: Run Behavior\ReadHtmlCacheBehavior [ RunTime:0.000358s ]
INFO: [ app_begin ] --END-- [ RunTime:0.000393s ]
NOTIC: [8] Undefined index: p /opt/lampp/htdocs/back/Application/Admin/Controller/AdminController.class.php 第 17 行.
NOTIC: [8] Undefined index: pageSize /opt/lampp/htdocs/back/Application/Admin/Controller/AdminController.class.php 第 18 行.
SQL: SHOW COLUMNS FROM `teacher` [ RunTime:0.0010s ]
SQL: SELECT * FROM `teacher` WHERE `root` <> 1 AND `status` <> -1 ORDER BY listorder desc , tea_id desc LIMIT 0,8   [ RunTime:0.0007s ]
SQL: SELECT COUNT(*) AS tp_count FROM `teacher` WHERE `root` <> 1 AND `status` <> -1 LIMIT 1   [ RunTime:0.0005s ]
INFO: [ view_parse ] --START--
INFO: [ template_filter ] --START--
INFO: Run Behavior\ContentReplaceBehavior [ RunTime:0.000051s ]
INFO: [ template_filter ] --END-- [ RunTime:0.000098s ]
SQL: SHOW COLUMNS FROM `menu` [ RunTime:0.0008s ]
SQL: SELECT * FROM `menu` WHERE `status` <> -1 ORDER BY listorder desc , menu_id desc  [ RunTime:0.0007s ]
NOTIC: [8] Undefined index: a /opt/lampp/htdocs/back/Application/Runtime/Cache/Admin/b682812e058c4f7cab74d08ab9eabe11.php 第 68 行.
NOTIC: [8] Undefined index: a /opt/lampp/htdocs/back/Application/Runtime/Cache/Admin/b682812e058c4f7cab74d08ab9eabe11.php 第 68 行.
NOTIC: [8] Undefined index: a /opt/lampp/htdocs/back/Application/Runtime/Cache/Admin/b682812e058c4f7cab74d08ab9eabe11.php 第 68 行.
NOTIC: [8] Undefined index: a /opt/lampp/htdocs/back/Application/Runtime/Cache/Admin/b682812e058c4f7cab74d08ab9eabe11.php 第 68 行.
NOTIC: [8] Undefined index: a /opt/lampp/htdocs/back/Application/Runtime/Cache/Admin/b682812e058c4f7cab74d08ab9eabe11.php 第 68 行.
NOTIC: [8] Undefined index: a /opt/lampp/htdocs/back/Application/Runtime/Cache/Admin/b682812e058c4f7cab74d08ab9eabe11.php 第 68 行.
NOTIC: [8] Undefined index: a /opt/lampp/htdocs/back/Application/Runtime/Cache/Admin/b682812e058c4f7cab74d08ab9eabe11.php 第 68 行.
NOTIC: [8] Undefined index: a /opt/lampp/htdocs/back/Application/Runtime/Cache/Admin/b682812e058c4f7cab74d08ab9eabe11.php 第 68 行.
NOTIC: [8] Undefined index: a /opt/lampp/htdocs/back/Application/Runtime/Cache/Admin/b682812e058c4f7cab74d08ab9eabe11.php 第 68 行.
INFO: Run Behavior\ParseTemplateBehavior [ RunTime:0.011142s ]
INFO: [ view_parse ] --END-- [ RunTime:0.011175s ]
INFO: [ view_filter ] --START--
INFO: Run Behavior\WriteHtmlCacheBehavior [ RunTime:0.000200s ]
INFO: [ view_filter ] --END-- [ RunTime:0.000234s ]
INFO: [ app_end ] --START--
INFO: Run Behavior\ShowPageTraceBehavior [ RunTime:0.000506s ]
INFO: [ app_end ] --END-- [ RunTime:0.000543s ]

[ 2017-11-07T17:05:59+08:00 ] 220.115.183.133 /back/admin.php?c=admin&a=setStatus
INFO: [ app_init ] --START--
INFO: Run Behavior\BuildLiteBehavior [ RunTime:0.000018s ]
INFO: [ app_init ] --END-- [ RunTime:0.000353s ]
NOTIC: [8] Use of undefined constant ‘3306’ - assumed '‘3306’' /opt/lampp/htdocs/back/Application/Admin/Conf/db.php 第 16 行.
INFO: [ app_begin ] --START--
INFO: Run Behavior\ReadHtmlCacheBehavior [ RunTime:0.000487s ]
INFO: [ app_begin ] --END-- [ RunTime:0.000541s ]
NOTIC: [8] Undefined index: type /opt/lampp/htdocs/back/Application/Admin/Controller/AdminController.class.php 第 102 行.
NOTIC: [8] Undefined index: type /opt/lampp/htdocs/back/Application/Admin/Controller/AdminController.class.php 第 102 行.
NOTIC: [8] Undefined index: type /opt/lampp/htdocs/back/Application/Admin/Controller/AdminController.class.php 第 103 行.
NOTIC: [8] Undefined index: tea_type /opt/lampp/htdocs/back/Application/Admin/Controller/AdminController.class.php 第 104 行.
SQL: SHOW COLUMNS FROM `openid` [ RunTime:0.0010s ]
SQL: UPDATE `openid` SET `type`=NULL WHERE ( people_id=87 AND type IN(-1,2) ) [ RunTime:0.0008s ]
SQL: SHOW COLUMNS FROM `teacher` [ RunTime:0.0009s ]
SQL: UPDATE `teacher` SET `tea_type`=NULL WHERE ( tea_id=87 ) [ RunTime:0.0007s ]

[ 2017-11-07T17:07:39+08:00 ] 220.115.183.133 /back/admin.php?c=admin&a=setStatus
INFO: [ app_init ] --START--
INFO: Run Behavior\BuildLiteBehavior [ RunTime:0.000015s ]
INFO: [ app_init ] --END-- [ RunTime:0.000390s ]
NOTIC: [8] Use of undefined constant ‘3306’ - assumed '‘3306’' /opt/lampp/htdocs/back/Application/Admin/Conf/db.php 第 16 行.
INFO: [ app_begin ] --START--
INFO: Run Behavior\ReadHtmlCacheBehavior [ RunTime:0.000454s ]
INFO: [ app_begin ] --END-- [ RunTime:0.000505s ]
SQL: SHOW COLUMNS FROM `openid` [ RunTime:0.0009s ]
SQL: UPDATE `openid` SET `type`='2' WHERE ( people_id=95 AND type IN(-1,0) ) [ RunTime:0.0014s ]
SQL: SHOW COLUMNS FROM `teacher` [ RunTime:0.0008s ]
SQL: UPDATE `teacher` SET `tea_type`='1' WHERE ( tea_id=95 ) [ RunTime:0.0005s ]

[ 2017-11-07T17:07:41+08:00 ] 220.115.183.133 /back/admin.php?c=admin&a=
INFO: [ app_init ] --START--
INFO: Run Behavior\BuildLiteBehavior [ RunTime:0.000018s ]
INFO: [ app_init ] --END-- [ RunTime:0.000370s ]
NOTIC: [8] Use of undefined constant ‘3306’ - assumed '‘3306’' /opt/lampp/htdocs/back/Application/Admin/Conf/db.php 第 16 行.
INFO: [ app_begin ] --START--
INFO: Run Behavior\ReadHtmlCacheBehavior [ RunTime:0.000532s ]
INFO: [ app_begin ] --END-- [ RunTime:0.000582s ]
NOTIC: [8] Undefined index: p /opt/lampp/htdocs/back/Application/Admin/Controller/AdminController.class.php 第 17 行.
NOTIC: [8] Undefined index: pageSize /opt/lampp/htdocs/back/Application/Admin/Controller/AdminController.class.php 第 18 行.
SQL: SHOW COLUMNS FROM `teacher` [ RunTime:0.0009s ]
SQL: SELECT * FROM `teacher` WHERE `root` <> 1 AND `status` <> -1 ORDER BY listorder desc , tea_id desc LIMIT 0,8   [ RunTime:0.0007s ]
SQL: SELECT COUNT(*) AS tp_count FROM `teacher` WHERE `root` <> 1 AND `status` <> -1 LIMIT 1   [ RunTime:0.0006s ]
INFO: [ view_parse ] --START--
INFO: [ template_filter ] --START--
INFO: Run Behavior\ContentReplaceBehavior [ RunTime:0.000050s ]
INFO: [ template_filter ] --END-- [ RunTime:0.000098s ]
SQL: SHOW COLUMNS FROM `menu` [ RunTime:0.0009s ]
SQL: SELECT * FROM `menu` WHERE `status` <> -1 ORDER BY listorder desc , menu_id desc  [ RunTime:0.0006s ]
NOTIC: [8] Undefined index: a /opt/lampp/htdocs/back/Application/Runtime/Cache/Admin/b682812e058c4f7cab74d08ab9eabe11.php 第 68 行.
NOTIC: [8] Undefined index: a /opt/lampp/htdocs/back/Application/Runtime/Cache/Admin/b682812e058c4f7cab74d08ab9eabe11.php 第 68 行.
NOTIC: [8] Undefined index: a /opt/lampp/htdocs/back/Application/Runtime/Cache/Admin/b682812e058c4f7cab74d08ab9eabe11.php 第 68 行.
NOTIC: [8] Undefined index: a /opt/lampp/htdocs/back/Application/Runtime/Cache/Admin/b682812e058c4f7cab74d08ab9eabe11.php 第 68 行.
NOTIC: [8] Undefined index: a /opt/lampp/htdocs/back/Application/Runtime/Cache/Admin/b682812e058c4f7cab74d08ab9eabe11.php 第 68 行.
NOTIC: [8] Undefined index: a /opt/lampp/htdocs/back/Application/Runtime/Cache/Admin/b682812e058c4f7cab74d08ab9eabe11.php 第 68 行.
NOTIC: [8] Undefined index: a /opt/lampp/htdocs/back/Application/Runtime/Cache/Admin/b682812e058c4f7cab74d08ab9eabe11.php 第 68 行.
NOTIC: [8] Undefined index: a /opt/lampp/htdocs/back/Application/Runtime/Cache/Admin/b682812e058c4f7cab74d08ab9eabe11.php 第 68 行.
NOTIC: [8] Undefined index: a /opt/lampp/htdocs/back/Application/Runtime/Cache/Admin/b682812e058c4f7cab74d08ab9eabe11.php 第 68 行.
INFO: Run Behavior\ParseTemplateBehavior [ RunTime:0.014011s ]
INFO: [ view_parse ] --END-- [ RunTime:0.014084s ]
INFO: [ view_filter ] --START--
INFO: Run Behavior\WriteHtmlCacheBehavior [ RunTime:0.000252s ]
INFO: [ view_filter ] --END-- [ RunTime:0.000293s ]
INFO: [ app_end ] --START--
INFO: Run Behavior\ShowPageTraceBehavior [ RunTime:0.000630s ]
INFO: [ app_end ] --END-- [ RunTime:0.000690s ]

[ 2017-11-07T17:24:25+08:00 ] 220.115.183.143 /back/index.php
INFO: [ app_init ] --START--
INFO: Run Behavior\BuildLiteBehavior [ RunTime:0.000014s ]
INFO: [ app_init ] --END-- [ RunTime:0.011459s ]
NOTIC: [8] Use of undefined constant ‘3306’ - assumed '‘3306’' /opt/lampp/htdocs/back/Application/Admin/Conf/db.php 第 16 行.
INFO: [ app_begin ] --START--
INFO: Run Behavior\ReadHtmlCacheBehavior [ RunTime:0.000415s ]
INFO: [ app_begin ] --END-- [ RunTime:0.000454s ]
NOTIC: [8] Undefined variable: module /opt/lampp/htdocs/back/ThinkPHP/Common/functions.php 第 990 行.
NOTIC: [8] Undefined variable: var /opt/lampp/htdocs/back/ThinkPHP/Common/functions.php 第 990 行.
NOTIC: [2] array_reverse() expects parameter 1 to be array, null given /opt/lampp/htdocs/back/ThinkPHP/Common/functions.php 第 990 行.
NOTIC: [2] http_build_query(): Parameter 1 expected to be Array or Object.  Incorrect value given /opt/lampp/htdocs/back/ThinkPHP/Common/functions.php 第 990 行.

[ 2017-11-07T17:24:25+08:00 ] 220.115.183.143 /back/index.php
INFO: [ app_init ] --START--
INFO: Run Behavior\BuildLiteBehavior [ RunTime:0.000013s ]
INFO: [ app_init ] --END-- [ RunTime:0.000269s ]
NOTIC: [8] Use of undefined constant ‘3306’ - assumed '‘3306’' /opt/lampp/htdocs/back/Application/Admin/Conf/db.php 第 16 行.
INFO: [ app_begin ] --START--
INFO: Run Behavior\ReadHtmlCacheBehavior [ RunTime:0.000384s ]
INFO: [ app_begin ] --END-- [ RunTime:0.000420s ]
NOTIC: [8] Undefined variable: module /opt/lampp/htdocs/back/ThinkPHP/Common/functions.php 第 990 行.
NOTIC: [8] Undefined variable: var /opt/lampp/htdocs/back/ThinkPHP/Common/functions.php 第 990 行.
NOTIC: [2] array_reverse() expects parameter 1 to be array, null given /opt/lampp/htdocs/back/ThinkPHP/Common/functions.php 第 990 行.
NOTIC: [2] http_build_query(): Parameter 1 expected to be Array or Object.  Incorrect value given /opt/lampp/htdocs/back/ThinkPHP/Common/functions.php 第 990 行.

[ 2017-11-07T17:24:25+08:00 ] 220.115.183.143 /back/index.php?m=&&c=login
INFO: [ app_init ] --START--
INFO: Run Behavior\BuildLiteBehavior [ RunTime:0.000012s ]
INFO: [ app_init ] --END-- [ RunTime:0.000252s ]
NOTIC: [8] Use of undefined constant ‘3306’ - assumed '‘3306’' /opt/lampp/htdocs/back/Application/Admin/Conf/db.php 第 16 行.
INFO: [ app_begin ] --START--
INFO: Run Behavior\ReadHtmlCacheBehavior [ RunTime:0.000364s ]
INFO: [ app_begin ] --END-- [ RunTime:0.000399s ]
INFO: [ view_parse ] --START--
INFO: [ template_filter ] --START--
INFO: Run Behavior\ContentReplaceBehavior [ RunTime:0.000031s ]
INFO: [ template_filter ] --END-- [ RunTime:0.000085s ]
INFO: Run Behavior\ParseTemplateBehavior [ RunTime:0.003813s ]
INFO: [ view_parse ] --END-- [ RunTime:0.003872s ]
INFO: [ view_filter ] --START--
INFO: Run Behavior\WriteHtmlCacheBehavior [ RunTime:0.000138s ]
INFO: [ view_filter ] --END-- [ RunTime:0.000164s ]
INFO: [ app_end ] --START--
INFO: Run Behavior\ShowPageTraceBehavior [ RunTime:0.000362s ]
INFO: [ app_end ] --END-- [ RunTime:0.000394s ]

[ 2017-11-07T17:24:25+08:00 ] 220.115.183.143 /back/index.php?m=&&c=login
INFO: [ app_init ] --START--
INFO: Run Behavior\BuildLiteBehavior [ RunTime:0.000017s ]
INFO: [ app_init ] --END-- [ RunTime:0.000362s ]
NOTIC: [8] Use of undefined constant ‘3306’ - assumed '‘3306’' /opt/lampp/htdocs/back/Application/Admin/Conf/db.php 第 16 行.
INFO: [ app_begin ] --START--
INFO: Run Behavior\ReadHtmlCacheBehavior [ RunTime:0.000385s ]
INFO: [ app_begin ] --END-- [ RunTime:0.000428s ]
INFO: [ view_parse ] --START--
INFO: [ template_filter ] --START--
INFO: Run Behavior\ContentReplaceBehavior [ RunTime:0.000033s ]
INFO: [ template_filter ] --END-- [ RunTime:0.000082s ]
INFO: Run Behavior\ParseTemplateBehavior [ RunTime:0.009619s ]
INFO: [ view_parse ] --END-- [ RunTime:0.009654s ]
INFO: [ view_filter ] --START--
INFO: Run Behavior\WriteHtmlCacheBehavior [ RunTime:0.000136s ]
INFO: [ view_filter ] --END-- [ RunTime:0.000162s ]
INFO: [ app_end ] --START--
INFO: Run Behavior\ShowPageTraceBehavior [ RunTime:0.000408s ]
INFO: [ app_end ] --END-- [ RunTime:0.000447s ]

[ 2017-11-07T17:24:29+08:00 ] 220.115.183.143 /back/index.php?m=admin&c=Login&a=check
INFO: [ app_init ] --START--
INFO: Run Behavior\BuildLiteBehavior [ RunTime:0.000014s ]
INFO: [ app_init ] --END-- [ RunTime:0.000275s ]
NOTIC: [8] Use of undefined constant ‘3306’ - assumed '‘3306’' /opt/lampp/htdocs/back/Application/Admin/Conf/db.php 第 16 行.
INFO: [ app_begin ] --START--
INFO: Run Behavior\ReadHtmlCacheBehavior [ RunTime:0.000328s ]
INFO: [ app_begin ] --END-- [ RunTime:0.000365s ]
SQL: SHOW COLUMNS FROM `teacher` [ RunTime:0.0009s ]
SQL: SELECT * FROM `teacher` WHERE ( tea_name="admin" ) LIMIT 1   [ RunTime:0.0006s ]

[ 2017-11-07T17:24:30+08:00 ] 220.115.183.143 /back/index.php?m=admin&c=index
INFO: [ app_init ] --START--
INFO: Run Behavior\BuildLiteBehavior [ RunTime:0.000018s ]
INFO: [ app_init ] --END-- [ RunTime:0.000379s ]
NOTIC: [8] Use of undefined constant ‘3306’ - assumed '‘3306’' /opt/lampp/htdocs/back/Application/Admin/Conf/db.php 第 16 行.
INFO: [ app_begin ] --START--
INFO: Run Behavior\ReadHtmlCacheBehavior [ RunTime:0.000571s ]
INFO: [ app_begin ] --END-- [ RunTime:0.000623s ]
SQL: SHOW COLUMNS FROM `teacher` [ RunTime:0.0011s ]
SQL: SELECT COUNT(*) AS tp_count FROM `teacher` WHERE `root` <> 1 AND `tea_type` = -1 LIMIT 1   [ RunTime:0.0006s ]
SQL: SHOW COLUMNS FROM `class_info` [ RunTime:0.0009s ]
SQL: SELECT COUNT(*) AS tp_count FROM `class_info` WHERE `status` <> -1 LIMIT 1   [ RunTime:0.0005s ]
SQL: SHOW COLUMNS FROM `comment` [ RunTime:0.0008s ]
SQL: SELECT COUNT(*) AS tp_count FROM `comment` WHERE `status` = 1 LIMIT 1   [ RunTime:0.0005s ]
SQL: SHOW COLUMNS FROM `stu_basic_info` [ RunTime:0.0008s ]
SQL: SELECT COUNT(*) AS tp_count FROM `stu_basic_info` WHERE `status` <> -1 LIMIT 1   [ RunTime:0.0005s ]
INFO: [ view_parse ] --START--
INFO: [ template_filter ] --START--
INFO: Run Behavior\ContentReplaceBehavior [ RunTime:0.000041s ]
INFO: [ template_filter ] --END-- [ RunTime:0.000091s ]
SQL: SHOW COLUMNS FROM `menu` [ RunTime:0.0008s ]
SQL: SELECT * FROM `menu` WHERE `status` <> -1 ORDER BY listorder desc , menu_id desc  [ RunTime:0.0007s ]
NOTIC: [8] Undefined index: a /opt/lampp/htdocs/back/Application/Runtime/Cache/Admin/b595b808c2ebeeeb0478ffc30bb4e87a.php 第 68 行.
NOTIC: [8] Undefined index: a /opt/lampp/htdocs/back/Application/Runtime/Cache/Admin/b595b808c2ebeeeb0478ffc30bb4e87a.php 第 68 行.
NOTIC: [8] Undefined index: a /opt/lampp/htdocs/back/Application/Runtime/Cache/Admin/b595b808c2ebeeeb0478ffc30bb4e87a.php 第 68 行.
NOTIC: [8] Undefined index: a /opt/lampp/htdocs/back/Application/Runtime/Cache/Admin/b595b808c2ebeeeb0478ffc30bb4e87a.php 第 68 行.
NOTIC: [8] Undefined index: a /opt/lampp/htdocs/back/Application/Runtime/Cache/Admin/b595b808c2ebeeeb0478ffc30bb4e87a.php 第 68 行.
NOTIC: [8] Undefined index: a /opt/lampp/htdocs/back/Application/Runtime/Cache/Admin/b595b808c2ebeeeb0478ffc30bb4e87a.php 第 68 行.
NOTIC: [8] Undefined index: a /opt/lampp/htdocs/back/Application/Runtime/Cache/Admin/b595b808c2ebeeeb0478ffc30bb4e87a.php 第 68 行.
NOTIC: [8] Undefined index: a /opt/lampp/htdocs/back/Application/Runtime/Cache/Admin/b595b808c2ebeeeb0478ffc30bb4e87a.php 第 68 行.
NOTIC: [8] Undefined index: a /opt/lampp/htdocs/back/Application/Runtime/Cache/Admin/b595b808c2ebeeeb0478ffc30bb4e87a.php 第 68 行.
INFO: Run Behavior\ParseTemplateBehavior [ RunTime:0.012681s ]
INFO: [ view_parse ] --END-- [ RunTime:0.012739s ]
INFO: [ view_filter ] --START--
INFO: Run Behavior\WriteHtmlCacheBehavior [ RunTime:0.000238s ]
INFO: [ view_filter ] --END-- [ RunTime:0.000272s ]
INFO: [ app_end ] --START--
INFO: Run Behavior\ShowPageTraceBehavior [ RunTime:0.000604s ]
INFO: [ app_end ] --END-- [ RunTime:0.000656s ]

[ 2017-11-07T17:24:59+08:00 ] 220.115.183.143 /back/admin.php?c=admin&a=
INFO: [ app_init ] --START--
INFO: Run Behavior\BuildLiteBehavior [ RunTime:0.000016s ]
INFO: [ app_init ] --END-- [ RunTime:0.000318s ]
NOTIC: [8] Use of undefined constant ‘3306’ - assumed '‘3306’' /opt/lampp/htdocs/back/Application/Admin/Conf/db.php 第 16 行.
INFO: [ app_begin ] --START--
INFO: Run Behavior\ReadHtmlCacheBehavior [ RunTime:0.000458s ]
INFO: [ app_begin ] --END-- [ RunTime:0.000520s ]
NOTIC: [8] Undefined index: p /opt/lampp/htdocs/back/Application/Admin/Controller/AdminController.class.php 第 17 行.
NOTIC: [8] Undefined index: pageSize /opt/lampp/htdocs/back/Application/Admin/Controller/AdminController.class.php 第 18 行.
SQL: SHOW COLUMNS FROM `teacher` [ RunTime:0.0010s ]
SQL: SELECT * FROM `teacher` WHERE `root` <> 1 AND `status` <> -1 ORDER BY listorder desc , tea_id desc LIMIT 0,8   [ RunTime:0.0007s ]
SQL: SELECT COUNT(*) AS tp_count FROM `teacher` WHERE `root` <> 1 AND `status` <> -1 LIMIT 1   [ RunTime:0.0008s ]
INFO: [ view_parse ] --START--
INFO: [ template_filter ] --START--
INFO: Run Behavior\ContentReplaceBehavior [ RunTime:0.000078s ]
INFO: [ template_filter ] --END-- [ RunTime:0.000221s ]
SQL: SHOW COLUMNS FROM `menu` [ RunTime:0.0009s ]
SQL: SELECT * FROM `menu` WHERE `status` <> -1 ORDER BY listorder desc , menu_id desc  [ RunTime:0.0006s ]
NOTIC: [8] Undefined index: a /opt/lampp/htdocs/back/Application/Runtime/Cache/Admin/b682812e058c4f7cab74d08ab9eabe11.php 第 68 行.
NOTIC: [8] Undefined index: a /opt/lampp/htdocs/back/Application/Runtime/Cache/Admin/b682812e058c4f7cab74d08ab9eabe11.php 第 68 行.
NOTIC: [8] Undefined index: a /opt/lampp/htdocs/back/Application/Runtime/Cache/Admin/b682812e058c4f7cab74d08ab9eabe11.php 第 68 行.
NOTIC: [8] Undefined index: a /opt/lampp/htdocs/back/Application/Runtime/Cache/Admin/b682812e058c4f7cab74d08ab9eabe11.php 第 68 行.
NOTIC: [8] Undefined index: a /opt/lampp/htdocs/back/Application/Runtime/Cache/Admin/b682812e058c4f7cab74d08ab9eabe11.php 第 68 行.
NOTIC: [8] Undefined index: a /opt/lampp/htdocs/back/Application/Runtime/Cache/Admin/b682812e058c4f7cab74d08ab9eabe11.php 第 68 行.
NOTIC: [8] Undefined index: a /opt/lampp/htdocs/back/Application/Runtime/Cache/Admin/b682812e058c4f7cab74d08ab9eabe11.php 第 68 行.
NOTIC: [8] Undefined index: a /opt/lampp/htdocs/back/Application/Runtime/Cache/Admin/b682812e058c4f7cab74d08ab9eabe11.php 第 68 行.
NOTIC: [8] Undefined index: a /opt/lampp/htdocs/back/Application/Runtime/Cache/Admin/b682812e058c4f7cab74d08ab9eabe11.php 第 68 行.
INFO: Run Behavior\ParseTemplateBehavior [ RunTime:0.017596s ]
INFO: [ view_parse ] --END-- [ RunTime:0.017652s ]
INFO: [ view_filter ] --START--
INFO: Run Behavior\WriteHtmlCacheBehavior [ RunTime:0.000307s ]
INFO: [ view_filter ] --END-- [ RunTime:0.000394s ]
INFO: [ app_end ] --START--
INFO: Run Behavior\ShowPageTraceBehavior [ RunTime:0.000648s ]
INFO: [ app_end ] --END-- [ RunTime:0.000707s ]

[ 2017-11-07T17:25:02+08:00 ] 220.115.183.143 /back/admin.php?c=student&a=
INFO: [ app_init ] --START--
INFO: Run Behavior\BuildLiteBehavior [ RunTime:0.000020s ]
INFO: [ app_init ] --END-- [ RunTime:0.000398s ]
NOTIC: [8] Use of undefined constant ‘3306’ - assumed '‘3306’' /opt/lampp/htdocs/back/Application/Admin/Conf/db.php 第 16 行.
INFO: [ app_begin ] --START--
INFO: Run Behavior\ReadHtmlCacheBehavior [ RunTime:0.000550s ]
INFO: [ app_begin ] --END-- [ RunTime:0.000607s ]
NOTIC: [8] Undefined index: p /opt/lampp/htdocs/back/Application/Admin/Controller/StudentController.class.php 第 19 行.
NOTIC: [8] Undefined index: pageSize /opt/lampp/htdocs/back/Application/Admin/Controller/StudentController.class.php 第 20 行.
SQL: SHOW COLUMNS FROM `stu_basic_info` [ RunTime:0.0012s ]
SQL: SELECT COUNT(*) AS tp_count FROM `stu_basic_info` WHERE `status` <> -1 LIMIT 1   [ RunTime:0.0006s ]
SQL: SELECT * FROM `stu_basic_info` WHERE `status` <> -1 ORDER BY listorder desc , stu_id desc LIMIT 0,8   [ RunTime:0.0006s ]
INFO: [ view_parse ] --START--
INFO: [ template_filter ] --START--
INFO: Run Behavior\ContentReplaceBehavior [ RunTime:0.000068s ]
INFO: [ template_filter ] --END-- [ RunTime:0.000144s ]
SQL: SHOW COLUMNS FROM `menu` [ RunTime:0.0012s ]
SQL: SELECT * FROM `menu` WHERE `status` <> -1 ORDER BY listorder desc , menu_id desc  [ RunTime:0.0008s ]
NOTIC: [8] Undefined index: a /opt/lampp/htdocs/back/Application/Runtime/Cache/Admin/8ac9139f0dd4d42903280ce12eaaca3b.php 第 68 行.
NOTIC: [8] Undefined index: a /opt/lampp/htdocs/back/Application/Runtime/Cache/Admin/8ac9139f0dd4d42903280ce12eaaca3b.php 第 68 行.
NOTIC: [8] Undefined index: a /opt/lampp/htdocs/back/Application/Runtime/Cache/Admin/8ac9139f0dd4d42903280ce12eaaca3b.php 第 68 行.
NOTIC: [8] Undefined index: a /opt/lampp/htdocs/back/Application/Runtime/Cache/Admin/8ac9139f0dd4d42903280ce12eaaca3b.php 第 68 行.
NOTIC: [8] Undefined index: a /opt/lampp/htdocs/back/Application/Runtime/Cache/Admin/8ac9139f0dd4d42903280ce12eaaca3b.php 第 68 行.
NOTIC: [8] Undefined index: a /opt/lampp/htdocs/back/Application/Runtime/Cache/Admin/8ac9139f0dd4d42903280ce12eaaca3b.php 第 68 行.
NOTIC: [8] Undefined index: a /opt/lampp/htdocs/back/Application/Runtime/Cache/Admin/8ac9139f0dd4d42903280ce12eaaca3b.php 第 68 行.
NOTIC: [8] Undefined index: a /opt/lampp/htdocs/back/Application/Runtime/Cache/Admin/8ac9139f0dd4d42903280ce12eaaca3b.php 第 68 行.
NOTIC: [8] Undefined index: a /opt/lampp/htdocs/back/Application/Runtime/Cache/Admin/8ac9139f0dd4d42903280ce12eaaca3b.php 第 68 行.
INFO: Run Behavior\ParseTemplateBehavior [ RunTime:0.208677s ]
INFO: [ view_parse ] --END-- [ RunTime:0.208739s ]
INFO: [ view_filter ] --START--
INFO: Run Behavior\WriteHtmlCacheBehavior [ RunTime:0.000270s ]
INFO: [ view_filter ] --END-- [ RunTime:0.000323s ]
INFO: [ app_end ] --START--
INFO: Run Behavior\ShowPageTraceBehavior [ RunTime:0.000558s ]
INFO: [ app_end ] --END-- [ RunTime:0.000605s ]

[ 2017-11-07T17:25:15+08:00 ] 106.120.160.109 /back/index.php?m=admin&c=index
INFO: [ app_init ] --START--
INFO: Run Behavior\BuildLiteBehavior [ RunTime:0.000014s ]
INFO: [ app_init ] --END-- [ RunTime:0.000368s ]
NOTIC: [8] Use of undefined constant ‘3306’ - assumed '‘3306’' /opt/lampp/htdocs/back/Application/Admin/Conf/db.php 第 16 行.
INFO: [ app_begin ] --START--
INFO: Run Behavior\ReadHtmlCacheBehavior [ RunTime:0.000381s ]
INFO: [ app_begin ] --END-- [ RunTime:0.000429s ]
NOTIC: [8] Undefined variable: module /opt/lampp/htdocs/back/ThinkPHP/Common/functions.php 第 990 行.
NOTIC: [8] Undefined variable: var /opt/lampp/htdocs/back/ThinkPHP/Common/functions.php 第 990 行.
NOTIC: [2] array_reverse() expects parameter 1 to be array, null given /opt/lampp/htdocs/back/ThinkPHP/Common/functions.php 第 990 行.
NOTIC: [2] http_build_query(): Parameter 1 expected to be Array or Object.  Incorrect value given /opt/lampp/htdocs/back/ThinkPHP/Common/functions.php 第 990 行.

[ 2017-11-07T17:25:16+08:00 ] 106.120.160.109 /back/index.php?m=&&c=login
INFO: [ app_init ] --START--
INFO: Run Behavior\BuildLiteBehavior [ RunTime:0.000156s ]
INFO: [ app_init ] --END-- [ RunTime:0.000420s ]
NOTIC: [8] Use of undefined constant ‘3306’ - assumed '‘3306’' /opt/lampp/htdocs/back/Application/Admin/Conf/db.php 第 16 行.
INFO: [ app_begin ] --START--
INFO: Run Behavior\ReadHtmlCacheBehavior [ RunTime:0.000509s ]
INFO: [ app_begin ] --END-- [ RunTime:0.000562s ]
INFO: [ view_parse ] --START--
INFO: [ template_filter ] --START--
INFO: Run Behavior\ContentReplaceBehavior [ RunTime:0.000030s ]
INFO: [ template_filter ] --END-- [ RunTime:0.000072s ]
INFO: Run Behavior\ParseTemplateBehavior [ RunTime:0.003887s ]
INFO: [ view_parse ] --END-- [ RunTime:0.003924s ]
INFO: [ view_filter ] --START--
INFO: Run Behavior\WriteHtmlCacheBehavior [ RunTime:0.000131s ]
INFO: [ view_filter ] --END-- [ RunTime:0.000156s ]
INFO: [ app_end ] --START--
INFO: Run Behavior\ShowPageTraceBehavior [ RunTime:0.000365s ]
INFO: [ app_end ] --END-- [ RunTime:0.000397s ]

[ 2017-11-07T17:25:16+08:00 ] 106.120.161.68 /back/index.php?m=&&c=login
INFO: [ app_init ] --START--
INFO: Run Behavior\BuildLiteBehavior [ RunTime:0.000013s ]
INFO: [ app_init ] --END-- [ RunTime:0.000255s ]
NOTIC: [8] Use of undefined constant ‘3306’ - assumed '‘3306’' /opt/lampp/htdocs/back/Application/Admin/Conf/db.php 第 16 行.
INFO: [ app_begin ] --START--
INFO: Run Behavior\ReadHtmlCacheBehavior [ RunTime:0.000352s ]
INFO: [ app_begin ] --END-- [ RunTime:0.000395s ]
INFO: [ view_parse ] --START--
INFO: [ template_filter ] --START--
INFO: Run Behavior\ContentReplaceBehavior [ RunTime:0.000028s ]
INFO: [ template_filter ] --END-- [ RunTime:0.000073s ]
INFO: Run Behavior\ParseTemplateBehavior [ RunTime:0.003791s ]
INFO: [ view_parse ] --END-- [ RunTime:0.003827s ]
INFO: [ view_filter ] --START--
INFO: Run Behavior\WriteHtmlCacheBehavior [ RunTime:0.000145s ]
INFO: [ view_filter ] --END-- [ RunTime:0.000173s ]
INFO: [ app_end ] --START--
INFO: Run Behavior\ShowPageTraceBehavior [ RunTime:0.000368s ]
INFO: [ app_end ] --END-- [ RunTime:0.000400s ]

[ 2017-11-07T17:25:16+08:00 ] 106.120.161.68 /back/index.php
INFO: [ app_init ] --START--
INFO: Run Behavior\BuildLiteBehavior [ RunTime:0.000014s ]
INFO: [ app_init ] --END-- [ RunTime:0.000278s ]
NOTIC: [8] Use of undefined constant ‘3306’ - assumed '‘3306’' /opt/lampp/htdocs/back/Application/Admin/Conf/db.php 第 16 行.
INFO: [ app_begin ] --START--
INFO: Run Behavior\ReadHtmlCacheBehavior [ RunTime:0.000395s ]
INFO: [ app_begin ] --END-- [ RunTime:0.000432s ]
NOTIC: [8] Undefined variable: module /opt/lampp/htdocs/back/ThinkPHP/Common/functions.php 第 990 行.
NOTIC: [8] Undefined variable: var /opt/lampp/htdocs/back/ThinkPHP/Common/functions.php 第 990 行.
NOTIC: [2] array_reverse() expects parameter 1 to be array, null given /opt/lampp/htdocs/back/ThinkPHP/Common/functions.php 第 990 行.
NOTIC: [2] http_build_query(): Parameter 1 expected to be Array or Object.  Incorrect value given /opt/lampp/htdocs/back/ThinkPHP/Common/functions.php 第 990 行.

[ 2017-11-07T17:25:16+08:00 ] 106.120.161.68 /back/index.php?m=&&c=login
INFO: [ app_init ] --START--
INFO: Run Behavior\BuildLiteBehavior [ RunTime:0.000013s ]
INFO: [ app_init ] --END-- [ RunTime:0.000365s ]
NOTIC: [8] Use of undefined constant ‘3306’ - assumed '‘3306’' /opt/lampp/htdocs/back/Application/Admin/Conf/db.php 第 16 行.
INFO: [ app_begin ] --START--
INFO: Run Behavior\ReadHtmlCacheBehavior [ RunTime:0.000392s ]
INFO: [ app_begin ] --END-- [ RunTime:0.000431s ]
INFO: [ view_parse ] --START--
INFO: [ template_filter ] --START--
INFO: Run Behavior\ContentReplaceBehavior [ RunTime:0.000031s ]
INFO: [ template_filter ] --END-- [ RunTime:0.000083s ]
INFO: Run Behavior\ParseTemplateBehavior [ RunTime:0.004217s ]
INFO: [ view_parse ] --END-- [ RunTime:0.004273s ]
INFO: [ view_filter ] --START--
INFO: Run Behavior\WriteHtmlCacheBehavior [ RunTime:0.000202s ]
INFO: [ view_filter ] --END-- [ RunTime:0.000233s ]
INFO: [ app_end ] --START--
INFO: Run Behavior\ShowPageTraceBehavior [ RunTime:0.000371s ]
INFO: [ app_end ] --END-- [ RunTime:0.000406s ]

[ 2017-11-07T17:25:28+08:00 ] 101.199.112.49 /back/index.php?m=admin&c=index
INFO: [ app_init ] --START--
INFO: Run Behavior\BuildLiteBehavior [ RunTime:0.000012s ]
INFO: [ app_init ] --END-- [ RunTime:0.000281s ]
NOTIC: [8] Use of undefined constant ‘3306’ - assumed '‘3306’' /opt/lampp/htdocs/back/Application/Admin/Conf/db.php 第 16 行.
INFO: [ app_begin ] --START--
INFO: Run Behavior\ReadHtmlCacheBehavior [ RunTime:0.000420s ]
INFO: [ app_begin ] --END-- [ RunTime:0.000483s ]
NOTIC: [8] Undefined variable: module /opt/lampp/htdocs/back/ThinkPHP/Common/functions.php 第 990 行.
NOTIC: [8] Undefined variable: var /opt/lampp/htdocs/back/ThinkPHP/Common/functions.php 第 990 行.
NOTIC: [2] array_reverse() expects parameter 1 to be array, null given /opt/lampp/htdocs/back/ThinkPHP/Common/functions.php 第 990 行.
NOTIC: [2] http_build_query(): Parameter 1 expected to be Array or Object.  Incorrect value given /opt/lampp/htdocs/back/ThinkPHP/Common/functions.php 第 990 行.

[ 2017-11-07T17:25:28+08:00 ] 101.199.112.49 /back/index.php?m=&&c=login
INFO: [ app_init ] --START--
INFO: Run Behavior\BuildLiteBehavior [ RunTime:0.000036s ]
INFO: [ app_init ] --END-- [ RunTime:0.000416s ]
NOTIC: [8] Use of undefined constant ‘3306’ - assumed '‘3306’' /opt/lampp/htdocs/back/Application/Admin/Conf/db.php 第 16 行.
INFO: [ app_begin ] --START--
INFO: Run Behavior\ReadHtmlCacheBehavior [ RunTime:0.000526s ]
INFO: [ app_begin ] --END-- [ RunTime:0.000596s ]
INFO: [ view_parse ] --START--
INFO: [ template_filter ] --START--
INFO: Run Behavior\ContentReplaceBehavior [ RunTime:0.000046s ]
INFO: [ template_filter ] --END-- [ RunTime:0.000119s ]
INFO: Run Behavior\ParseTemplateBehavior [ RunTime:0.006546s ]
INFO: [ view_parse ] --END-- [ RunTime:0.006598s ]
INFO: [ view_filter ] --START--
INFO: Run Behavior\WriteHtmlCacheBehavior [ RunTime:0.000386s ]
INFO: [ view_filter ] --END-- [ RunTime:0.000432s ]
INFO: [ app_end ] --START--
INFO: Run Behavior\ShowPageTraceBehavior [ RunTime:0.000647s ]
INFO: [ app_end ] --END-- [ RunTime:0.000717s ]

[ 2017-11-07T17:25:29+08:00 ] 220.181.132.195 /back/index.php
INFO: [ app_init ] --START--
INFO: Run Behavior\BuildLiteBehavior [ RunTime:0.000026s ]
INFO: [ app_init ] --END-- [ RunTime:0.011690s ]
NOTIC: [8] Use of undefined constant ‘3306’ - assumed '‘3306’' /opt/lampp/htdocs/back/Application/Admin/Conf/db.php 第 16 行.
INFO: [ app_begin ] --START--
INFO: Run Behavior\ReadHtmlCacheBehavior [ RunTime:0.000393s ]
INFO: [ app_begin ] --END-- [ RunTime:0.000436s ]
NOTIC: [8] Undefined variable: module /opt/lampp/htdocs/back/ThinkPHP/Common/functions.php 第 990 行.
NOTIC: [8] Undefined variable: var /opt/lampp/htdocs/back/ThinkPHP/Common/functions.php 第 990 行.
NOTIC: [2] array_reverse() expects parameter 1 to be array, null given /opt/lampp/htdocs/back/ThinkPHP/Common/functions.php 第 990 行.
NOTIC: [2] http_build_query(): Parameter 1 expected to be Array or Object.  Incorrect value given /opt/lampp/htdocs/back/ThinkPHP/Common/functions.php 第 990 行.

[ 2017-11-07T17:25:29+08:00 ] 220.181.132.197 /back/index.php?m=&&c=login
INFO: [ app_init ] --START--
INFO: Run Behavior\BuildLiteBehavior [ RunTime:0.000013s ]
INFO: [ app_init ] --END-- [ RunTime:0.000264s ]
NOTIC: [8] Use of undefined constant ‘3306’ - assumed '‘3306’' /opt/lampp/htdocs/back/Application/Admin/Conf/db.php 第 16 行.
INFO: [ app_begin ] --START--
INFO: Run Behavior\ReadHtmlCacheBehavior [ RunTime:0.000509s ]
INFO: [ app_begin ] --END-- [ RunTime:0.000559s ]
INFO: [ view_parse ] --START--
INFO: [ template_filter ] --START--
INFO: Run Behavior\ContentReplaceBehavior [ RunTime:0.000047s ]
INFO: [ template_filter ] --END-- [ RunTime:0.000126s ]
INFO: Run Behavior\ParseTemplateBehavior [ RunTime:0.006198s ]
INFO: [ view_parse ] --END-- [ RunTime:0.006251s ]
INFO: [ view_filter ] --START--
INFO: Run Behavior\WriteHtmlCacheBehavior [ RunTime:0.000216s ]
INFO: [ view_filter ] --END-- [ RunTime:0.000277s ]
INFO: [ app_end ] --START--
INFO: Run Behavior\ShowPageTraceBehavior [ RunTime:0.000567s ]
INFO: [ app_end ] --END-- [ RunTime:0.000613s ]

[ 2017-11-07T17:25:29+08:00 ] 220.181.132.195 /back/index.php?m=&&c=login
INFO: [ app_init ] --START--
INFO: Run Behavior\BuildLiteBehavior [ RunTime:0.000017s ]
INFO: [ app_init ] --END-- [ RunTime:0.000275s ]
NOTIC: [8] Use of undefined constant ‘3306’ - assumed '‘3306’' /opt/lampp/htdocs/back/Application/Admin/Conf/db.php 第 16 行.
INFO: [ app_begin ] --START--
INFO: Run Behavior\ReadHtmlCacheBehavior [ RunTime:0.000341s ]
INFO: [ app_begin ] --END-- [ RunTime:0.000375s ]
INFO: [ view_parse ] --START--
INFO: [ template_filter ] --START--
INFO: Run Behavior\ContentReplaceBehavior [ RunTime:0.000030s ]
INFO: [ template_filter ] --END-- [ RunTime:0.000076s ]
INFO: Run Behavior\ParseTemplateBehavior [ RunTime:0.003727s ]
INFO: [ view_parse ] --END-- [ RunTime:0.003764s ]
INFO: [ view_filter ] --START--
INFO: Run Behavior\WriteHtmlCacheBehavior [ RunTime:0.000128s ]
INFO: [ view_filter ] --END-- [ RunTime:0.000154s ]
INFO: [ app_end ] --START--
INFO: Run Behavior\ShowPageTraceBehavior [ RunTime:0.000356s ]
INFO: [ app_end ] --END-- [ RunTime:0.000390s ]

[ 2017-11-07T17:30:21+08:00 ] 220.115.183.143 /back/admin.php?c=student&a=
INFO: [ app_init ] --START--
INFO: Run Behavior\BuildLiteBehavior [ RunTime:0.000014s ]
INFO: [ app_init ] --END-- [ RunTime:0.000340s ]
NOTIC: [8] Use of undefined constant ‘3306’ - assumed '‘3306’' /opt/lampp/htdocs/back/Application/Admin/Conf/db.php 第 16 行.
INFO: [ app_begin ] --START--
INFO: Run Behavior\ReadHtmlCacheBehavior [ RunTime:0.000477s ]
INFO: [ app_begin ] --END-- [ RunTime:0.000528s ]
NOTIC: [8] Undefined index: p /opt/lampp/htdocs/back/Application/Admin/Controller/StudentController.class.php 第 19 行.
NOTIC: [8] Undefined index: pageSize /opt/lampp/htdocs/back/Application/Admin/Controller/StudentController.class.php 第 20 行.
SQL: SHOW COLUMNS FROM `stu_basic_info` [ RunTime:0.0011s ]
SQL: SELECT COUNT(*) AS tp_count FROM `stu_basic_info` WHERE `status` <> -1 LIMIT 1   [ RunTime:0.0006s ]
SQL: SELECT * FROM `stu_basic_info` WHERE `status` <> -1 ORDER BY listorder desc , stu_id desc LIMIT 0,8   [ RunTime:0.0006s ]
INFO: [ view_parse ] --START--
INFO: [ template_filter ] --START--
INFO: Run Behavior\ContentReplaceBehavior [ RunTime:0.000055s ]
INFO: [ template_filter ] --END-- [ RunTime:0.000108s ]
SQL: SHOW COLUMNS FROM `menu` [ RunTime:0.0008s ]
SQL: SELECT * FROM `menu` WHERE `status` <> -1 ORDER BY listorder desc , menu_id desc  [ RunTime:0.0006s ]
NOTIC: [8] Undefined index: a /opt/lampp/htdocs/back/Application/Runtime/Cache/Admin/8ac9139f0dd4d42903280ce12eaaca3b.php 第 68 行.
NOTIC: [8] Undefined index: a /opt/lampp/htdocs/back/Application/Runtime/Cache/Admin/8ac9139f0dd4d42903280ce12eaaca3b.php 第 68 行.
NOTIC: [8] Undefined index: a /opt/lampp/htdocs/back/Application/Runtime/Cache/Admin/8ac9139f0dd4d42903280ce12eaaca3b.php 第 68 行.
NOTIC: [8] Undefined index: a /opt/lampp/htdocs/back/Application/Runtime/Cache/Admin/8ac9139f0dd4d42903280ce12eaaca3b.php 第 68 行.
NOTIC: [8] Undefined index: a /opt/lampp/htdocs/back/Application/Runtime/Cache/Admin/8ac9139f0dd4d42903280ce12eaaca3b.php 第 68 行.
NOTIC: [8] Undefined index: a /opt/lampp/htdocs/back/Application/Runtime/Cache/Admin/8ac9139f0dd4d42903280ce12eaaca3b.php 第 68 行.
NOTIC: [8] Undefined index: a /opt/lampp/htdocs/back/Application/Runtime/Cache/Admin/8ac9139f0dd4d42903280ce12eaaca3b.php 第 68 行.
NOTIC: [8] Undefined index: a /opt/lampp/htdocs/back/Application/Runtime/Cache/Admin/8ac9139f0dd4d42903280ce12eaaca3b.php 第 68 行.
NOTIC: [8] Undefined index: a /opt/lampp/htdocs/back/Application/Runtime/Cache/Admin/8ac9139f0dd4d42903280ce12eaaca3b.php 第 68 行.
INFO: Run Behavior\ParseTemplateBehavior [ RunTime:0.012627s ]
INFO: [ view_parse ] --END-- [ RunTime:0.012678s ]
INFO: [ view_filter ] --START--
INFO: Run Behavior\WriteHtmlCacheBehavior [ RunTime:0.000198s ]
INFO: [ view_filter ] --END-- [ RunTime:0.000226s ]
INFO: [ app_end ] --START--
INFO: Run Behavior\ShowPageTraceBehavior [ RunTime:0.000427s ]
INFO: [ app_end ] --END-- [ RunTime:0.000464s ]

[ 2017-11-07T17:30:27+08:00 ] 220.115.183.143 /back/admin.php?c=board&a=
INFO: [ app_init ] --START--
INFO: Run Behavior\BuildLiteBehavior [ RunTime:0.000017s ]
INFO: [ app_init ] --END-- [ RunTime:0.000400s ]
NOTIC: [8] Use of undefined constant ‘3306’ - assumed '‘3306’' /opt/lampp/htdocs/back/Application/Admin/Conf/db.php 第 16 行.
INFO: [ app_begin ] --START--
INFO: Run Behavior\ReadHtmlCacheBehavior [ RunTime:0.000427s ]
INFO: [ app_begin ] --END-- [ RunTime:0.000480s ]
NOTIC: [8] Undefined index: p /opt/lampp/htdocs/back/Application/Admin/Controller/BoardController.class.php 第 16 行.
NOTIC: [8] Undefined index: pageSize /opt/lampp/htdocs/back/Application/Admin/Controller/BoardController.class.php 第 17 行.
SQL: SHOW COLUMNS FROM `message_board` [ RunTime:0.0012s ]
SQL: SELECT COUNT(*) AS tp_count FROM `message_board` WHERE `status` <> -1 LIMIT 1   [ RunTime:0.0005s ]
SQL: SELECT * FROM `message_board` WHERE `status` <> -1 ORDER BY listorder desc , message_id desc LIMIT 0,8   [ RunTime:0.0008s ]
INFO: [ view_parse ] --START--
INFO: [ template_filter ] --START--
INFO: Run Behavior\ContentReplaceBehavior [ RunTime:0.000082s ]
INFO: [ template_filter ] --END-- [ RunTime:0.000143s ]
SQL: SHOW COLUMNS FROM `menu` [ RunTime:0.0009s ]
SQL: SELECT * FROM `menu` WHERE `status` <> -1 ORDER BY listorder desc , menu_id desc  [ RunTime:0.0006s ]
NOTIC: [8] Undefined index: a /opt/lampp/htdocs/back/Application/Runtime/Cache/Admin/11d0cd8e257cea7f1457d4329691b9c5.php 第 68 行.
NOTIC: [8] Undefined index: a /opt/lampp/htdocs/back/Application/Runtime/Cache/Admin/11d0cd8e257cea7f1457d4329691b9c5.php 第 68 行.
NOTIC: [8] Undefined index: a /opt/lampp/htdocs/back/Application/Runtime/Cache/Admin/11d0cd8e257cea7f1457d4329691b9c5.php 第 68 行.
NOTIC: [8] Undefined index: a /opt/lampp/htdocs/back/Application/Runtime/Cache/Admin/11d0cd8e257cea7f1457d4329691b9c5.php 第 68 行.
NOTIC: [8] Undefined index: a /opt/lampp/htdocs/back/Application/Runtime/Cache/Admin/11d0cd8e257cea7f1457d4329691b9c5.php 第 68 行.
NOTIC: [8] Undefined index: a /opt/lampp/htdocs/back/Application/Runtime/Cache/Admin/11d0cd8e257cea7f1457d4329691b9c5.php 第 68 行.
NOTIC: [8] Undefined index: a /opt/lampp/htdocs/back/Application/Runtime/Cache/Admin/11d0cd8e257cea7f1457d4329691b9c5.php 第 68 行.
NOTIC: [8] Undefined index: a /opt/lampp/htdocs/back/Application/Runtime/Cache/Admin/11d0cd8e257cea7f1457d4329691b9c5.php 第 68 行.
NOTIC: [8] Undefined index: a /opt/lampp/htdocs/back/Application/Runtime/Cache/Admin/11d0cd8e257cea7f1457d4329691b9c5.php 第 68 行.
INFO: Run Behavior\ParseTemplateBehavior [ RunTime:0.031748s ]
INFO: [ view_parse ] --END-- [ RunTime:0.031791s ]
INFO: [ view_filter ] --START--
INFO: Run Behavior\WriteHtmlCacheBehavior [ RunTime:0.000184s ]
INFO: [ view_filter ] --END-- [ RunTime:0.000218s ]
INFO: [ app_end ] --START--
INFO: Run Behavior\ShowPageTraceBehavior [ RunTime:0.000434s ]
INFO: [ app_end ] --END-- [ RunTime:0.000472s ]

[ 2017-11-07T17:30:31+08:00 ] 220.115.183.143 /back/admin.php?c=commentExt&a=
INFO: [ app_init ] --START--
INFO: Run Behavior\BuildLiteBehavior [ RunTime:0.000017s ]
INFO: [ app_init ] --END-- [ RunTime:0.000298s ]
NOTIC: [8] Use of undefined constant ‘3306’ - assumed '‘3306’' /opt/lampp/htdocs/back/Application/Admin/Conf/db.php 第 16 行.
INFO: [ app_begin ] --START--
INFO: Run Behavior\ReadHtmlCacheBehavior [ RunTime:0.000357s ]
INFO: [ app_begin ] --END-- [ RunTime:0.000395s ]
NOTIC: [8] Undefined index: p /opt/lampp/htdocs/back/Application/Admin/Controller/CommentExtController.class.php 第 16 行.
NOTIC: [8] Undefined index: pageSize /opt/lampp/htdocs/back/Application/Admin/Controller/CommentExtController.class.php 第 17 行.
SQL: SHOW COLUMNS FROM `tea_to_stu_comment` [ RunTime:0.0010s ]
SQL: SELECT COUNT(*) AS tp_count FROM `tea_to_stu_comment` WHERE `status` <> -1 LIMIT 1   [ RunTime:0.0006s ]
SQL: SELECT * FROM `tea_to_stu_comment` WHERE `status` <> -1 ORDER BY listorder desc , comment_id desc LIMIT 0,8   [ RunTime:0.0005s ]
INFO: [ view_parse ] --START--
INFO: [ template_filter ] --START--
INFO: Run Behavior\ContentReplaceBehavior [ RunTime:0.000051s ]
INFO: [ template_filter ] --END-- [ RunTime:0.000104s ]
SQL: SHOW COLUMNS FROM `menu` [ RunTime:0.0009s ]
SQL: SELECT * FROM `menu` WHERE `status` <> -1 ORDER BY listorder desc , menu_id desc  [ RunTime:0.0009s ]
NOTIC: [8] Undefined index: a /opt/lampp/htdocs/back/Application/Runtime/Cache/Admin/e1272941d3d678c31603f0720287d6d1.php 第 68 行.
NOTIC: [8] Undefined index: a /opt/lampp/htdocs/back/Application/Runtime/Cache/Admin/e1272941d3d678c31603f0720287d6d1.php 第 68 行.
NOTIC: [8] Undefined index: a /opt/lampp/htdocs/back/Application/Runtime/Cache/Admin/e1272941d3d678c31603f0720287d6d1.php 第 68 行.
NOTIC: [8] Undefined index: a /opt/lampp/htdocs/back/Application/Runtime/Cache/Admin/e1272941d3d678c31603f0720287d6d1.php 第 68 行.
NOTIC: [8] Undefined index: a /opt/lampp/htdocs/back/Application/Runtime/Cache/Admin/e1272941d3d678c31603f0720287d6d1.php 第 68 行.
NOTIC: [8] Undefined index: a /opt/lampp/htdocs/back/Application/Runtime/Cache/Admin/e1272941d3d678c31603f0720287d6d1.php 第 68 行.
NOTIC: [8] Undefined index: a /opt/lampp/htdocs/back/Application/Runtime/Cache/Admin/e1272941d3d678c31603f0720287d6d1.php 第 68 行.
NOTIC: [8] Undefined index: a /opt/lampp/htdocs/back/Application/Runtime/Cache/Admin/e1272941d3d678c31603f0720287d6d1.php 第 68 行.
NOTIC: [8] Undefined index: a /opt/lampp/htdocs/back/Application/Runtime/Cache/Admin/e1272941d3d678c31603f0720287d6d1.php 第 68 行.
INFO: Run Behavior\ParseTemplateBehavior [ RunTime:0.022100s ]
INFO: [ view_parse ] --END-- [ RunTime:0.022137s ]
INFO: [ view_filter ] --START--
INFO: Run Behavior\WriteHtmlCacheBehavior [ RunTime:0.000233s ]
INFO: [ view_filter ] --END-- [ RunTime:0.000268s ]
INFO: [ app_end ] --START--
INFO: Run Behavior\ShowPageTraceBehavior [ RunTime:0.000476s ]
INFO: [ app_end ] --END-- [ RunTime:0.000514s ]

